#
# There is insufficient memory for the Java Runtime Environment to continue.
# Native memory allocation (malloc) failed to allocate 147504 bytes for Chunk::new
# Possible reasons:
#   The system is out of physical RAM or swap space
#   The process is running with CompressedOops enabled, and the Java Heap may be blocking the growth of the native heap
# Possible solutions:
#   Reduce memory load on the system
#   Increase physical memory or swap space
#   Check if swap backing store is full
#   Decrease Java heap size (-Xmx/-Xms)
#   Decrease number of Java threads
#   Decrease Java thread stack sizes (-Xss)
#   Set larger code cache with -XX:ReservedCodeCacheSize=
#   JVM is running with Zero Based Compressed Oops mode in which the Java heap is
#     placed in the first 32GB address space. The Java Heap base address is the
#     maximum limit for the native heap growth. Please use -XX:HeapBaseMinAddress
#     to set the Java Heap base and to place the Java Heap above 32GB virtual address.
# This output file may be truncated or incomplete.
#
#  Out of Memory Error (arena.cpp:168), pid=11208, tid=27456
#
# JRE version: Java(TM) SE Runtime Environment (21.0.8+12) (build 21.0.8+12-LTS-250)
# Java VM: Java HotSpot(TM) 64-Bit Server VM (21.0.8+12-LTS-250, mixed mode, sharing, tiered, compressed oops, compressed class ptrs, g1 gc, windows-amd64)
# No core dump will be written. Minidumps are not enabled by default on client versions of Windows
#

---------------  S U M M A R Y ------------

Command Line: -javaagent:C:\Program Files\JetBrains\IntelliJ IDEA 2025.2.1\lib\idea_rt.jar=1119 -Dfile.encoding=UTF-8 -Dsun.stdout.encoding=UTF-8 -Dsun.stderr.encoding=UTF-8 com.stemlink.skillmentor.SkillmentorApplication

Host: AMD Ryzen 7 5700U with Radeon Graphics         , 16 cores, 15G,  Windows 11 , 64 bit Build 26100 (10.0.26100.7705)
Time: Sat Mar  7 12:49:55 2026 Sri Lanka Standard Time elapsed time: 19.157810 seconds (0d 0h 0m 19s)

---------------  T H R E A D  ---------------

Current thread (0x000002397901a0c0):  JavaThread "C2 CompilerThread6" daemon [_thread_in_native, id=27456, stack(0x000000fc52500000,0x000000fc52600000) (1024K)]


Current CompileTask:
C2:  19157 7167       4       org.antlr.v4.runtime.atn.PredictionContext::combineCommonParents (75 bytes)

Stack: [0x000000fc52500000,0x000000fc52600000]
Native frames: (J=compiled Java code, j=interpreted, Vv=VM code, C=native code)
V  [jvm.dll+0x6cc179]
V  [jvm.dll+0x8584c1]
V  [jvm.dll+0x85a9ee]
V  [jvm.dll+0x85b0c3]
V  [jvm.dll+0x27ebf6]
V  [jvm.dll+0xc4f4d]
V  [jvm.dll+0xc5483]
V  [jvm.dll+0x3b6abc]
V  [jvm.dll+0x382a35]
V  [jvm.dll+0x381eaa]
V  [jvm.dll+0x247670]
V  [jvm.dll+0x246c4f]
V  [jvm.dll+0x1c7a3e]
V  [jvm.dll+0x256359]
V  [jvm.dll+0x2548ea]
V  [jvm.dll+0x3efef6]
V  [jvm.dll+0x80279b]
V  [jvm.dll+0x6ca85d]
C  [ucrtbase.dll+0x37b0]
C  [KERNEL32.DLL+0x2e8d7]
C  [ntdll.dll+0x8c40c]


---------------  P R O C E S S  ---------------

Threads class SMR info:
_java_thread_list=0x000002397d63fec0, length=26, elements={
0x000002391436fd60, 0x0000023933178b20, 0x0000023933179570, 0x000002393317e240,
0x00000239790042f0, 0x0000023979004d40, 0x00000239790054d0, 0x00000239790102e0,
0x000002397901b530, 0x00000239791c9030, 0x000002397901c2d0, 0x000002397945a090,
0x000002397945a6f0, 0x000002397b7c7b40, 0x000002397b7c6100, 0x000002397b7c8860,
0x000002397b7c8ef0, 0x000002397b7c6790, 0x000002397b555900, 0x000002397b555230,
0x000002397b5566a0, 0x000002397b554490, 0x000002397b554b60, 0x000002397901a790,
0x000002397901a0c0, 0x000002397901c9a0
}

Java Threads: ( => current thread )
  0x000002391436fd60 JavaThread "main"                              [_thread_in_Java, id=1896, stack(0x000000fc4f600000,0x000000fc4f700000) (1024K)]
  0x0000023933178b20 JavaThread "Reference Handler"          daemon [_thread_blocked, id=4760, stack(0x000000fc4fe00000,0x000000fc4ff00000) (1024K)]
  0x0000023933179570 JavaThread "Finalizer"                  daemon [_thread_blocked, id=14296, stack(0x000000fc4ff00000,0x000000fc50000000) (1024K)]
  0x000002393317e240 JavaThread "Signal Dispatcher"          daemon [_thread_blocked, id=7464, stack(0x000000fc50000000,0x000000fc50100000) (1024K)]
  0x00000239790042f0 JavaThread "Attach Listener"            daemon [_thread_blocked, id=6664, stack(0x000000fc50100000,0x000000fc50200000) (1024K)]
  0x0000023979004d40 JavaThread "Service Thread"             daemon [_thread_blocked, id=21584, stack(0x000000fc50200000,0x000000fc50300000) (1024K)]
  0x00000239790054d0 JavaThread "Monitor Deflation Thread"   daemon [_thread_blocked, id=20064, stack(0x000000fc50300000,0x000000fc50400000) (1024K)]
  0x00000239790102e0 JavaThread "C2 CompilerThread0"         daemon [_thread_in_native, id=7792, stack(0x000000fc50400000,0x000000fc50500000) (1024K)]
  0x000002397901b530 JavaThread "C1 CompilerThread0"         daemon [_thread_blocked, id=24516, stack(0x000000fc50500000,0x000000fc50600000) (1024K)]
  0x00000239791c9030 JavaThread "Common-Cleaner"             daemon [_thread_blocked, id=27332, stack(0x000000fc50600000,0x000000fc50700000) (1024K)]
  0x000002397901c2d0 JavaThread "C1 CompilerThread1"         daemon [_thread_blocked, id=23772, stack(0x000000fc50700000,0x000000fc50800000) (1024K)]
  0x000002397945a090 JavaThread "Monitor Ctrl-Break"         daemon [_thread_in_native, id=19416, stack(0x000000fc50a00000,0x000000fc50b00000) (1024K)]
  0x000002397945a6f0 JavaThread "Notification Thread"        daemon [_thread_blocked, id=13472, stack(0x000000fc50b00000,0x000000fc50c00000) (1024K)]
  0x000002397b7c7b40 JavaThread "Catalina-utility-1"                [_thread_blocked, id=2884, stack(0x000000fc52000000,0x000000fc52100000) (1024K)]
  0x000002397b7c6100 JavaThread "Catalina-utility-2"                [_thread_blocked, id=12220, stack(0x000000fc52100000,0x000000fc52200000) (1024K)]
  0x000002397b7c8860 JavaThread "container-0"                       [_thread_blocked, id=16796, stack(0x000000fc52200000,0x000000fc52300000) (1024K)]
  0x000002397b7c8ef0 JavaThread "PostgreSQL-JDBC-Cleaner"    daemon [_thread_blocked, id=19348, stack(0x000000fc51600000,0x000000fc51700000) (1024K)]
  0x000002397b7c6790 JavaThread "HikariPool-1:housekeeper"   daemon [_thread_blocked, id=19012, stack(0x000000fc51700000,0x000000fc51800000) (1024K)]
  0x000002397b555900 JavaThread "C1 CompilerThread2"         daemon [_thread_blocked, id=22024, stack(0x000000fc50800000,0x000000fc50900000) (1024K)]
  0x000002397b555230 JavaThread "C2 CompilerThread1"         daemon [_thread_in_native, id=24564, stack(0x000000fc50c00000,0x000000fc50d00000) (1024K)]
  0x000002397b5566a0 JavaThread "C2 CompilerThread2"         daemon [_thread_in_native, id=13256, stack(0x000000fc51500000,0x000000fc51600000) (1024K)]
  0x000002397b554490 JavaThread "C2 CompilerThread3"         daemon [_thread_in_native, id=16596, stack(0x000000fc51f00000,0x000000fc52000000) (1024K)]
  0x000002397b554b60 JavaThread "C2 CompilerThread4"         daemon [_thread_in_vm, id=25928, stack(0x000000fc52300000,0x000000fc52400000) (1024K)]
  0x000002397901a790 JavaThread "C2 CompilerThread5"         daemon [_thread_in_native, id=22584, stack(0x000000fc52400000,0x000000fc52500000) (1024K)]
=>0x000002397901a0c0 JavaThread "C2 CompilerThread6"         daemon [_thread_in_native, id=27456, stack(0x000000fc52500000,0x000000fc52600000) (1024K)]
  0x000002397901c9a0 JavaThread "C2 CompilerThread7"         daemon [_thread_in_native, id=17704, stack(0x000000fc52600000,0x000000fc52700000) (1024K)]
Total: 26

Other Threads:
  0x0000023933160690 VMThread "VM Thread"                           [id=23204, stack(0x000000fc4fd00000,0x000000fc4fe00000) (1024K)]
  0x0000023933146e30 WatcherThread "VM Periodic Task Thread"        [id=16920, stack(0x000000fc4fc00000,0x000000fc4fd00000) (1024K)]
  0x00000239143d5f60 WorkerThread "GC Thread#0"                     [id=25844, stack(0x000000fc4f700000,0x000000fc4f800000) (1024K)]
  0x0000023979b3d340 WorkerThread "GC Thread#1"                     [id=23560, stack(0x000000fc50d00000,0x000000fc50e00000) (1024K)]
  0x0000023979b3daf0 WorkerThread "GC Thread#2"                     [id=8784, stack(0x000000fc50e00000,0x000000fc50f00000) (1024K)]
  0x0000023979e893c0 WorkerThread "GC Thread#3"                     [id=23972, stack(0x000000fc50f00000,0x000000fc51000000) (1024K)]
  0x0000023979e89760 WorkerThread "GC Thread#4"                     [id=25364, stack(0x000000fc51000000,0x000000fc51100000) (1024K)]
  0x0000023979d2a020 WorkerThread "GC Thread#5"                     [id=24960, stack(0x000000fc51100000,0x000000fc51200000) (1024K)]
  0x000002397a44df80 WorkerThread "GC Thread#6"                     [id=14364, stack(0x000000fc51200000,0x000000fc51300000) (1024K)]
  0x000002397a65e010 WorkerThread "GC Thread#7"                     [id=21024, stack(0x000000fc51300000,0x000000fc51400000) (1024K)]
  0x000002397a65e3b0 WorkerThread "GC Thread#8"                     [id=8360, stack(0x000000fc51400000,0x000000fc51500000) (1024K)]
  0x000002397bfe6930 WorkerThread "GC Thread#9"                     [id=21916, stack(0x000000fc51800000,0x000000fc51900000) (1024K)]
  0x000002397bfe7410 WorkerThread "GC Thread#10"                    [id=18628, stack(0x000000fc51900000,0x000000fc51a00000) (1024K)]
  0x000002397bfe61f0 WorkerThread "GC Thread#11"                    [id=26852, stack(0x000000fc51a00000,0x000000fc51b00000) (1024K)]
  0x000002397bfe77b0 WorkerThread "GC Thread#12"                    [id=24988, stack(0x000000fc51b00000,0x000000fc51c00000) (1024K)]
  0x00000239143e7b50 ConcurrentGCThread "G1 Main Marker"            [id=5148, stack(0x000000fc4f800000,0x000000fc4f900000) (1024K)]
  0x00000239143e8650 WorkerThread "G1 Conc#0"                       [id=27428, stack(0x000000fc4f900000,0x000000fc4fa00000) (1024K)]
  0x000002397bfe6cd0 WorkerThread "G1 Conc#1"                       [id=19584, stack(0x000000fc51c00000,0x000000fc51d00000) (1024K)]
  0x000002397bfe7070 WorkerThread "G1 Conc#2"                       [id=13968, stack(0x000000fc51d00000,0x000000fc51e00000) (1024K)]
  0x0000023933011440 ConcurrentGCThread "G1 Refine#0"               [id=1904, stack(0x000000fc4fa00000,0x000000fc4fb00000) (1024K)]
  0x0000023933014d70 ConcurrentGCThread "G1 Service"                [id=15784, stack(0x000000fc4fb00000,0x000000fc4fc00000) (1024K)]
Total: 21

Threads with active compile tasks:
C2 CompilerThread0    19203 7103       4       org.antlr.v4.runtime.atn.PredictionContext::mergeArrays (809 bytes)
C1 CompilerThread1    19203 7219       3       org.antlr.v4.runtime.misc.Array2DHashSet::expand (247 bytes)
C2 CompilerThread1    19203 7186       4       org.antlr.v4.runtime.atn.PredictionContext::merge (139 bytes)
C2 CompilerThread2    19203 7120       4       org.antlr.v4.runtime.atn.ATNConfigSet::add (142 bytes)
C2 CompilerThread3    19203 7104       4       org.antlr.v4.runtime.atn.ParserATNSimulator::closure_ (343 bytes)
C2 CompilerThread4    19203 7171       4       org.antlr.v4.runtime.atn.ATNConfigSet$ConfigEqualityComparator::equals (13 bytes)
C2 CompilerThread5    19203 7176       4       org.antlr.v4.runtime.atn.ParserATNSimulator::closureCheckingStopState (370 bytes)
C2 CompilerThread6    19203 7167       4       org.antlr.v4.runtime.atn.PredictionContext::combineCommonParents (75 bytes)
C2 CompilerThread7    19203 7195       4       java.util.LinkedHashMap::get (29 bytes)
Total: 9

VM state: not at safepoint (normal execution)

VM Mutex/Monitor currently owned by a thread: None

Heap address: 0x000000070a800000, size: 3928 MB, Compressed Oops mode: Zero based, Oop shift amount: 3

CDS archive(s) mapped at: [0x0000023934000000-0x0000023934c90000-0x0000023934c90000), size 13172736, SharedBaseAddress: 0x0000023934000000, ArchiveRelocationMode: 1.
Compressed class space mapped at: 0x0000023935000000-0x0000023975000000, reserved size: 1073741824
Narrow klass base: 0x0000023934000000, Narrow klass shift: 0, Narrow klass range: 0x100000000

GC Precious Log:
 CardTable entry size: 512
 Card Set container configuration: InlinePtr #cards 4 size 8 Array Of Cards #cards 16 size 48 Howl #buckets 8 coarsen threshold 3686 Howl Bitmap #cards 512 size 80 coarsen threshold 460 Card regions per heap region 1 cards per card region 4096
 CPUs: 16 total, 16 available
 Memory: 15706M
 Large Page Support: Disabled
 NUMA Support: Disabled
 Compressed Oops: Enabled (Zero based)
 Heap Region Size: 2M
 Heap Min Capacity: 8M
 Heap Initial Capacity: 246M
 Heap Max Capacity: 3928M
 Pre-touch: Disabled
 Parallel Workers: 13
 Concurrent Workers: 3
 Concurrent Refinement Workers: 13
 Periodic GC: Disabled

Heap:
 garbage-first heap   total 86016K, used 53143K [0x000000070a800000, 0x0000000800000000)
  region size 2048K, 13 young (26624K), 3 survivors (6144K)
 Metaspace       used 77497K, committed 78144K, reserved 1179648K
  class space    used 10538K, committed 10816K, reserved 1048576K

Heap Regions: E=young(eden), S=young(survivor), O=old, HS=humongous(starts), HC=humongous(continues), CS=collection set, F=free, TAMS=top-at-mark-start, PB=parsable bottom
|   0|0x000000070a800000, 0x000000070aa00000, 0x000000070aa00000|100%| O|  |TAMS 0x000000070a800000| PB 0x000000070a800000| Untracked 
|   1|0x000000070aa00000, 0x000000070ac00000, 0x000000070ac00000|100%| O|  |TAMS 0x000000070aa00000| PB 0x000000070aa00000| Untracked 
|   2|0x000000070ac00000, 0x000000070ae00000, 0x000000070ae00000|100%| O|  |TAMS 0x000000070ac00000| PB 0x000000070ac00000| Untracked 
|   3|0x000000070ae00000, 0x000000070b000000, 0x000000070b000000|100%| O|  |TAMS 0x000000070ae00000| PB 0x000000070ae00000| Untracked 
|   4|0x000000070b000000, 0x000000070b200000, 0x000000070b200000|100%| O|  |TAMS 0x000000070b000000| PB 0x000000070b000000| Untracked 
|   5|0x000000070b200000, 0x000000070b400000, 0x000000070b400000|100%| O|  |TAMS 0x000000070b200000| PB 0x000000070b200000| Untracked 
|   6|0x000000070b400000, 0x000000070b600000, 0x000000070b600000|100%| O|  |TAMS 0x000000070b400000| PB 0x000000070b400000| Untracked 
|   7|0x000000070b600000, 0x000000070b800000, 0x000000070b800000|100%| O|  |TAMS 0x000000070b600000| PB 0x000000070b600000| Untracked 
|   8|0x000000070b800000, 0x000000070ba00000, 0x000000070ba00000|100%| O|  |TAMS 0x000000070b800000| PB 0x000000070b800000| Untracked 
|   9|0x000000070ba00000, 0x000000070ba00000, 0x000000070bc00000|  0%| F|  |TAMS 0x000000070ba00000| PB 0x000000070ba00000| Untracked 
|  10|0x000000070bc00000, 0x000000070be00000, 0x000000070be00000|100%| O|  |TAMS 0x000000070bc00000| PB 0x000000070bc00000| Untracked 
|  11|0x000000070be00000, 0x000000070c000000, 0x000000070c000000|100%| O|  |TAMS 0x000000070be00000| PB 0x000000070be00000| Untracked 
|  12|0x000000070c000000, 0x000000070c200000, 0x000000070c200000|100%| O|  |TAMS 0x000000070c000000| PB 0x000000070c000000| Untracked 
|  13|0x000000070c200000, 0x000000070c400000, 0x000000070c400000|100%| O|  |TAMS 0x000000070c200000| PB 0x000000070c200000| Untracked 
|  14|0x000000070c400000, 0x000000070c600000, 0x000000070c600000|100%| O|  |TAMS 0x000000070c400000| PB 0x000000070c400000| Untracked 
|  15|0x000000070c600000, 0x000000070c600000, 0x000000070c800000|  0%| F|  |TAMS 0x000000070c600000| PB 0x000000070c600000| Untracked 
|  16|0x000000070c800000, 0x000000070c800000, 0x000000070ca00000|  0%| F|  |TAMS 0x000000070c800000| PB 0x000000070c800000| Untracked 
|  17|0x000000070ca00000, 0x000000070ca00000, 0x000000070cc00000|  0%| F|  |TAMS 0x000000070ca00000| PB 0x000000070ca00000| Untracked 
|  18|0x000000070cc00000, 0x000000070cc63d18, 0x000000070ce00000| 19%| O|  |TAMS 0x000000070cc00000| PB 0x000000070cc00000| Untracked 
|  19|0x000000070ce00000, 0x000000070ce00000, 0x000000070d000000|  0%| F|  |TAMS 0x000000070ce00000| PB 0x000000070ce00000| Untracked 
|  20|0x000000070d000000, 0x000000070d1821f8, 0x000000070d200000| 75%| S|CS|TAMS 0x000000070d000000| PB 0x000000070d000000| Complete 
|  21|0x000000070d200000, 0x000000070d400000, 0x000000070d400000|100%| S|CS|TAMS 0x000000070d200000| PB 0x000000070d200000| Complete 
|  22|0x000000070d400000, 0x000000070d600000, 0x000000070d600000|100%| S|CS|TAMS 0x000000070d400000| PB 0x000000070d400000| Complete 
|  23|0x000000070d600000, 0x000000070d600000, 0x000000070d800000|  0%| F|  |TAMS 0x000000070d600000| PB 0x000000070d600000| Untracked 
|  24|0x000000070d800000, 0x000000070d800000, 0x000000070da00000|  0%| F|  |TAMS 0x000000070d800000| PB 0x000000070d800000| Untracked 
|  25|0x000000070da00000, 0x000000070da00000, 0x000000070dc00000|  0%| F|  |TAMS 0x000000070da00000| PB 0x000000070da00000| Untracked 
|  26|0x000000070dc00000, 0x000000070dc00000, 0x000000070de00000|  0%| F|  |TAMS 0x000000070dc00000| PB 0x000000070dc00000| Untracked 
|  27|0x000000070de00000, 0x000000070de00000, 0x000000070e000000|  0%| F|  |TAMS 0x000000070de00000| PB 0x000000070de00000| Untracked 
|  28|0x000000070e000000, 0x000000070e000000, 0x000000070e200000|  0%| F|  |TAMS 0x000000070e000000| PB 0x000000070e000000| Untracked 
|  29|0x000000070e200000, 0x000000070e200000, 0x000000070e400000|  0%| F|  |TAMS 0x000000070e200000| PB 0x000000070e200000| Untracked 
|  30|0x000000070e400000, 0x000000070e400000, 0x000000070e600000|  0%| F|  |TAMS 0x000000070e400000| PB 0x000000070e400000| Untracked 
|  31|0x000000070e600000, 0x000000070e600000, 0x000000070e800000|  0%| F|  |TAMS 0x000000070e600000| PB 0x000000070e600000| Untracked 
|  32|0x000000070e800000, 0x000000070e998d18, 0x000000070ea00000| 79%| E|  |TAMS 0x000000070e800000| PB 0x000000070e800000| Complete 
|  33|0x000000070ea00000, 0x000000070ec00000, 0x000000070ec00000|100%| E|CS|TAMS 0x000000070ea00000| PB 0x000000070ea00000| Complete 
|  34|0x000000070ec00000, 0x000000070ee00000, 0x000000070ee00000|100%| E|CS|TAMS 0x000000070ec00000| PB 0x000000070ec00000| Complete 
|  35|0x000000070ee00000, 0x000000070f000000, 0x000000070f000000|100%| E|CS|TAMS 0x000000070ee00000| PB 0x000000070ee00000| Complete 
|  36|0x000000070f000000, 0x000000070f200000, 0x000000070f200000|100%| E|CS|TAMS 0x000000070f000000| PB 0x000000070f000000| Complete 
|  37|0x000000070f200000, 0x000000070f400000, 0x000000070f400000|100%| E|CS|TAMS 0x000000070f200000| PB 0x000000070f200000| Complete 
|  97|0x0000000716a00000, 0x0000000716c00000, 0x0000000716c00000|100%| E|CS|TAMS 0x0000000716a00000| PB 0x0000000716a00000| Complete 
|  98|0x0000000716c00000, 0x0000000716e00000, 0x0000000716e00000|100%| E|CS|TAMS 0x0000000716c00000| PB 0x0000000716c00000| Complete 
|  99|0x0000000716e00000, 0x0000000717000000, 0x0000000717000000|100%| E|CS|TAMS 0x0000000716e00000| PB 0x0000000716e00000| Complete 
| 122|0x0000000719c00000, 0x0000000719e00000, 0x0000000719e00000|100%| E|CS|TAMS 0x0000000719c00000| PB 0x0000000719c00000| Complete 

Card table byte_map: [0x000002392c840000,0x000002392cff0000] _byte_map_base: 0x0000023928fec000

Marking Bits: (CMBitMap*) 0x00000239143d6660
 Bits: [0x000002392cff0000, 0x0000023930d50000)

Polling page: 0x0000023912270000

Metaspace:

Usage:
  Non-class:     65.39 MB used.
      Class:     10.29 MB used.
       Both:     75.68 MB used.

Virtual space:
  Non-class space:      128.00 MB reserved,      65.75 MB ( 51%) committed,  2 nodes.
      Class space:        1.00 GB reserved,      10.56 MB (  1%) committed,  1 nodes.
             Both:        1.12 GB reserved,      76.31 MB (  7%) committed. 

Chunk freelists:
   Non-Class:  14.20 MB
       Class:  5.38 MB
        Both:  19.58 MB

MaxMetaspaceSize: unlimited
CompressedClassSpaceSize: 1.00 GB
Initial GC threshold: 21.00 MB
Current GC threshold: 98.06 MB
CDS: on
 - commit_granule_bytes: 65536.
 - commit_granule_words: 8192.
 - virtual_space_node_default_size: 8388608.
 - enlarge_chunks_in_place: 1.
 - use_allocation_guard: 0.


Internal statistics:

num_allocs_failed_limit: 9.
num_arena_births: 934.
num_arena_deaths: 0.
num_vsnodes_births: 3.
num_vsnodes_deaths: 0.
num_space_committed: 1221.
num_space_uncommitted: 0.
num_chunks_returned_to_freelist: 9.
num_chunks_taken_from_freelist: 3724.
num_chunk_merges: 9.
num_chunk_splits: 2751.
num_chunks_enlarged: 2231.
num_inconsistent_stats: 0.

CodeHeap 'non-profiled nmethods': size=119168Kb used=4469Kb max_used=4469Kb free=114698Kb
 bounds [0x0000023924390000, 0x00000239247f0000, 0x000002392b7f0000]
CodeHeap 'profiled nmethods': size=119104Kb used=12884Kb max_used=12884Kb free=106219Kb
 bounds [0x000002391c7f0000, 0x000002391d490000, 0x0000023923c40000]
CodeHeap 'non-nmethods': size=7488Kb used=2803Kb max_used=3290Kb free=4684Kb
 bounds [0x0000023923c40000, 0x0000023923f90000, 0x0000023924390000]
 total_blobs=7247 nmethods=6534 adapters=615
 compilation: enabled
              stopped_count=0, restarted_count=0
 full_count=0

Compilation events (20 events):
Event: 15.090 Thread 0x000002397901c2d0 nmethod 7183 0x000002391d479110 code [0x000002391d4792c0, 0x000002391d4794c0]
Event: 15.102 Thread 0x000002397901c2d0 7185       3       org.antlr.v4.runtime.atn.ATNConfig::<init> (26 bytes)
Event: 15.102 Thread 0x000002397901c2d0 nmethod 7185 0x000002391d479590 code [0x000002391d479740, 0x000002391d4799d8]
Event: 15.103 Thread 0x000002397b555230 

Event: 15.103 Thread 0x000002397b555230 7166       4       org.antlr.v4.runtime.atn.ParserATNSimulator::getEpsilonTarget (155 bytes)
Event: 15.103 Thread 0x000002397901c2d0 7187       3       org.antlr.v4.runtime.atn.PredictionContextCache::add (45 bytes)
Event: 15.104 Thread 0x000002397901c2d0 nmethod 7187 0x000002391d479a90 code [0x000002391d479c80, 0x000002391d47a118]
Event: 15.107 Thread 0x000002397901c2d0 7188       3       java.util.LinkedHashMap::get (29 bytes)
Event: 15.107 Thread 0x000002397901b530 7189       1       org.antlr.v4.runtime.atn.PrecedencePredicateTransition::isEpsilon (2 bytes)
Event: 15.107 Thread 0x000002397b555900 7190       1       org.antlr.v4.runtime.atn.PrecedencePredicateTransition::getSerializationType (3 bytes)
Event: 15.108 Thread 0x000002397901b530 nmethod 7189 0x00000239247e6a10 code [0x00000239247e6ba0, 0x00000239247e6c68]
Event: 15.108 Thread 0x000002397b555900 nmethod 7190 0x00000239247e6d10 code [0x00000239247e6ea0, 0x00000239247e6f68]
Event: 15.108 Thread 0x000002397901c2d0 nmethod 7188 0x000002391d47a290 code [0x000002391d47a460, 0x000002391d47a728]
Event: 15.110 Thread 0x000002397901c2d0 7192       3       org.antlr.v4.runtime.misc.DoubleKeyMap::get (28 bytes)
Event: 15.111 Thread 0x000002397901c2d0 nmethod 7192 0x000002391d47a810 code [0x000002391d47a9e0, 0x000002391d47ae08]
Event: 15.112 Thread 0x000002397901c2d0 7193       3       org.antlr.v4.runtime.misc.DoubleKeyMap::put (71 bytes)
Event: 15.114 Thread 0x000002397901c2d0 nmethod 7193 0x000002391d47af10 code [0x000002391d47b140, 0x000002391d47b948]
Event: 15.186 Thread 0x000002397901c2d0 7198       1       org.antlr.v4.runtime.atn.ActionTransition::isEpsilon (2 bytes)
Event: 15.190 Thread 0x000002397901b530 7199       1       org.antlr.v4.runtime.atn.ActionTransition::getSerializationType (3 bytes)
Event: 15.208 Thread 0x000002397b555900 7201       3       org.antlr.v4.runtime.atn.ArrayPredictionContext::isEmpty (17 bytes)

GC Heap History (20 events):
Event: 2.234 GC heap before
{Heap before GC invocations=1 (full 0):
 garbage-first heap   total 251904K, used 31629K [0x000000070a800000, 0x0000000800000000)
  region size 2048K, 13 young (26624K), 2 survivors (4096K)
 Metaspace       used 10281K, committed 10624K, reserved 1114112K
  class space    used 1272K, committed 1472K, reserved 1048576K
}
Event: 2.241 GC heap after
{Heap after GC invocations=2 (full 0):
 garbage-first heap   total 251904K, used 11749K [0x000000070a800000, 0x0000000800000000)
  region size 2048K, 1 young (2048K), 1 survivors (2048K)
 Metaspace       used 10281K, committed 10624K, reserved 1114112K
  class space    used 1272K, committed 1472K, reserved 1048576K
}
Event: 3.153 GC heap before
{Heap before GC invocations=2 (full 0):
 garbage-first heap   total 251904K, used 54757K [0x000000070a800000, 0x0000000800000000)
  region size 2048K, 23 young (47104K), 1 survivors (2048K)
 Metaspace       used 21136K, committed 21504K, reserved 1114112K
  class space    used 2492K, committed 2688K, reserved 1048576K
}
Event: 3.161 GC heap after
{Heap after GC invocations=3 (full 0):
 garbage-first heap   total 251904K, used 15727K [0x000000070a800000, 0x0000000800000000)
  region size 2048K, 3 young (6144K), 3 survivors (6144K)
 Metaspace       used 21136K, committed 21504K, reserved 1114112K
  class space    used 2492K, committed 2688K, reserved 1048576K
}
Event: 4.041 GC heap before
{Heap before GC invocations=4 (full 0):
 garbage-first heap   total 61440K, used 58735K [0x000000070a800000, 0x0000000800000000)
  region size 2048K, 25 young (51200K), 3 survivors (6144K)
 Metaspace       used 28121K, committed 28544K, reserved 1114112K
  class space    used 3419K, committed 3648K, reserved 1048576K
}
Event: 4.055 GC heap after
{Heap after GC invocations=5 (full 0):
 garbage-first heap   total 71680K, used 19728K [0x000000070a800000, 0x0000000800000000)
  region size 2048K, 5 young (10240K), 5 survivors (10240K)
 Metaspace       used 28121K, committed 28544K, reserved 1114112K
  class space    used 3419K, committed 3648K, reserved 1048576K
}
Event: 5.210 GC heap before
{Heap before GC invocations=5 (full 0):
 garbage-first heap   total 71680K, used 52496K [0x000000070a800000, 0x0000000800000000)
  region size 2048K, 21 young (43008K), 5 survivors (10240K)
 Metaspace       used 33277K, committed 33728K, reserved 1114112K
  class space    used 4143K, committed 4352K, reserved 1048576K
}
Event: 5.231 GC heap after
{Heap after GC invocations=6 (full 0):
 garbage-first heap   total 71680K, used 20808K [0x000000070a800000, 0x0000000800000000)
  region size 2048K, 2 young (4096K), 2 survivors (4096K)
 Metaspace       used 33277K, committed 33728K, reserved 1114112K
  class space    used 4143K, committed 4352K, reserved 1048576K
}
Event: 5.717 GC heap before
{Heap before GC invocations=6 (full 0):
 garbage-first heap   total 71680K, used 33096K [0x000000070a800000, 0x0000000800000000)
  region size 2048K, 9 young (18432K), 2 survivors (4096K)
 Metaspace       used 35511K, committed 35968K, reserved 1114112K
  class space    used 4403K, committed 4608K, reserved 1048576K
}
Event: 5.724 GC heap after
{Heap after GC invocations=7 (full 0):
 garbage-first heap   total 71680K, used 21059K [0x000000070a800000, 0x0000000800000000)
  region size 2048K, 2 young (4096K), 2 survivors (4096K)
 Metaspace       used 35511K, committed 35968K, reserved 1114112K
  class space    used 4403K, committed 4608K, reserved 1048576K
}
Event: 7.517 GC heap before
{Heap before GC invocations=8 (full 0):
 garbage-first heap   total 71680K, used 55875K [0x000000070a800000, 0x0000000800000000)
  region size 2048K, 19 young (38912K), 2 survivors (4096K)
 Metaspace       used 41694K, committed 42240K, reserved 1114112K
  class space    used 5253K, committed 5504K, reserved 1048576K
}
Event: 7.533 GC heap after
{Heap after GC invocations=9 (full 0):
 garbage-first heap   total 86016K, used 24168K [0x000000070a800000, 0x0000000800000000)
  region size 2048K, 3 young (6144K), 3 survivors (6144K)
 Metaspace       used 41694K, committed 42240K, reserved 1114112K
  class space    used 5253K, committed 5504K, reserved 1048576K
}
Event: 9.203 GC heap before
{Heap before GC invocations=9 (full 0):
 garbage-first heap   total 86016K, used 69224K [0x000000070a800000, 0x0000000800000000)
  region size 2048K, 25 young (51200K), 3 survivors (6144K)
 Metaspace       used 50763K, committed 51392K, reserved 1114112K
  class space    used 6800K, committed 7040K, reserved 1048576K
}
Event: 9.213 GC heap after
{Heap after GC invocations=10 (full 0):
 garbage-first heap   total 86016K, used 26811K [0x000000070a800000, 0x0000000800000000)
  region size 2048K, 4 young (8192K), 4 survivors (8192K)
 Metaspace       used 50763K, committed 51392K, reserved 1114112K
  class space    used 6800K, committed 7040K, reserved 1048576K
}
Event: 10.445 GC heap before
{Heap before GC invocations=10 (full 0):
 garbage-first heap   total 86016K, used 57531K [0x000000070a800000, 0x0000000800000000)
  region size 2048K, 20 young (40960K), 4 survivors (8192K)
 Metaspace       used 59582K, committed 60160K, reserved 1114112K
  class space    used 7837K, committed 8128K, reserved 1048576K
}
Event: 10.455 GC heap after
{Heap after GC invocations=11 (full 0):
 garbage-first heap   total 86016K, used 29518K [0x000000070a800000, 0x0000000800000000)
  region size 2048K, 3 young (6144K), 3 survivors (6144K)
 Metaspace       used 59582K, committed 60160K, reserved 1114112K
  class space    used 7837K, committed 8128K, reserved 1048576K
}
Event: 13.380 GC heap before
{Heap before GC invocations=12 (full 0):
 garbage-first heap   total 86016K, used 72526K [0x000000070a800000, 0x0000000800000000)
  region size 2048K, 24 young (49152K), 3 survivors (6144K)
 Metaspace       used 70544K, committed 71168K, reserved 1114112K
  class space    used 9518K, committed 9792K, reserved 1048576K
}
Event: 13.387 GC heap after
{Heap after GC invocations=13 (full 0):
 garbage-first heap   total 86016K, used 31605K [0x000000070a800000, 0x0000000800000000)
  region size 2048K, 3 young (6144K), 3 survivors (6144K)
 Metaspace       used 70544K, committed 71168K, reserved 1114112K
  class space    used 9518K, committed 9792K, reserved 1048576K
}
Event: 14.990 GC heap before
{Heap before GC invocations=13 (full 0):
 garbage-first heap   total 86016K, used 68469K [0x000000070a800000, 0x0000000800000000)
  region size 2048K, 22 young (45056K), 3 survivors (6144K)
 Metaspace       used 77435K, committed 78080K, reserved 1179648K
  class space    used 10533K, committed 10816K, reserved 1048576K
}
Event: 15.003 GC heap after
{Heap after GC invocations=14 (full 0):
 garbage-first heap   total 86016K, used 34711K [0x000000070a800000, 0x0000000800000000)
  region size 2048K, 3 young (6144K), 3 survivors (6144K)
 Metaspace       used 77435K, committed 78080K, reserved 1179648K
  class space    used 10533K, committed 10816K, reserved 1048576K
}

Dll operation events (12 events):
Event: 0.019 Loaded shared library C:\Program Files\Java\jdk-21\bin\java.dll
Event: 0.067 Loaded shared library C:\Program Files\Java\jdk-21\bin\jsvml.dll
Event: 0.313 Loaded shared library C:\Program Files\Java\jdk-21\bin\zip.dll
Event: 0.321 Loaded shared library C:\Program Files\Java\jdk-21\bin\instrument.dll
Event: 0.331 Loaded shared library C:\Program Files\Java\jdk-21\bin\net.dll
Event: 0.340 Loaded shared library C:\Program Files\Java\jdk-21\bin\nio.dll
Event: 0.346 Loaded shared library C:\Program Files\Java\jdk-21\bin\zip.dll
Event: 0.660 Loaded shared library C:\Program Files\Java\jdk-21\bin\extnet.dll
Event: 0.699 Loaded shared library C:\Program Files\Java\jdk-21\bin\jimage.dll
Event: 2.783 Loaded shared library C:\Program Files\Java\jdk-21\bin\sunmscapi.dll
Event: 7.146 Loaded shared library C:\Program Files\Java\jdk-21\bin\management.dll
Event: 7.152 Loaded shared library C:\Program Files\Java\jdk-21\bin\management_ext.dll

Deoptimization events (20 events):
Event: 15.064 Thread 0x000002391436fd60 Uncommon trap: trap_request=0xffffffde fr.pc=0x00000239247dd254 relative=0x00000000000007d4
Event: 15.064 Thread 0x000002391436fd60 Uncommon trap: reason=class_check action=maybe_recompile pc=0x00000239247dd254 method=org.antlr.v4.runtime.atn.PredictionContext.combineCommonParents([Lorg/antlr/v4/runtime/atn/PredictionContext;)V @ 64 c2
Event: 15.065 Thread 0x000002391436fd60 DEOPT PACKING pc=0x00000239247dd254 sp=0x000000fc4f6f80b0
Event: 15.065 Thread 0x000002391436fd60 DEOPT UNPACKING pc=0x0000023923c946a2 sp=0x000000fc4f6f8070 mode 2
Event: 15.065 Thread 0x000002391436fd60 Uncommon trap: trap_request=0xffffff45 fr.pc=0x0000023924491adc relative=0x000000000000037c
Event: 15.065 Thread 0x000002391436fd60 Uncommon trap: reason=unstable_if action=reinterpret pc=0x0000023924491adc method=java.util.HashMap.getNode(Ljava/lang/Object;)Ljava/util/HashMap$Node; @ 66 c2
Event: 15.066 Thread 0x000002391436fd60 DEOPT PACKING pc=0x0000023924491adc sp=0x000000fc4f6f6790
Event: 15.066 Thread 0x000002391436fd60 DEOPT UNPACKING pc=0x0000023923c946a2 sp=0x000000fc4f6f66b0 mode 2
Event: 15.066 Thread 0x000002391436fd60 Uncommon trap: trap_request=0xffffff45 fr.pc=0x00000239244181ac relative=0x00000000000001cc
Event: 15.066 Thread 0x000002391436fd60 Uncommon trap: reason=unstable_if action=reinterpret pc=0x00000239244181ac method=java.util.HashMap.getNode(Ljava/lang/Object;)Ljava/util/HashMap$Node; @ 66 c2
Event: 15.067 Thread 0x000002391436fd60 DEOPT PACKING pc=0x00000239244181ac sp=0x000000fc4f6f40f0
Event: 15.067 Thread 0x000002391436fd60 DEOPT UNPACKING pc=0x0000023923c946a2 sp=0x000000fc4f6f4070 mode 2
Event: 15.072 Thread 0x000002391436fd60 Uncommon trap: trap_request=0xffffffde fr.pc=0x00000239247e0958 relative=0x0000000000000118
Event: 15.072 Thread 0x000002391436fd60 Uncommon trap: reason=class_check action=maybe_recompile pc=0x00000239247e0958 method=org.antlr.v4.runtime.atn.SingletonPredictionContext.equals(Ljava/lang/Object;)Z @ 8 c2
Event: 15.073 Thread 0x000002391436fd60 DEOPT PACKING pc=0x00000239247e0958 sp=0x000000fc4f6f8050
Event: 15.073 Thread 0x000002391436fd60 DEOPT UNPACKING pc=0x0000023923c946a2 sp=0x000000fc4f6f7fd8 mode 2
Event: 15.075 Thread 0x000002391436fd60 Uncommon trap: trap_request=0xffffffde fr.pc=0x00000239247e0958 relative=0x0000000000000118
Event: 15.075 Thread 0x000002391436fd60 Uncommon trap: reason=class_check action=maybe_recompile pc=0x00000239247e0958 method=org.antlr.v4.runtime.atn.SingletonPredictionContext.equals(Ljava/lang/Object;)Z @ 8 c2
Event: 15.075 Thread 0x000002391436fd60 DEOPT PACKING pc=0x00000239247e0958 sp=0x000000fc4f6f8790
Event: 15.075 Thread 0x000002391436fd60 DEOPT UNPACKING pc=0x0000023923c946a2 sp=0x000000fc4f6f8718 mode 2

Classes loaded (20 events):
Event: 14.053 Loading class java/util/regex/Pattern$SliceS
Event: 14.053 Loading class java/util/regex/Pattern$SliceS done
Event: 14.118 Loading class java/util/WeakHashMap$KeyIterator
Event: 14.118 Loading class java/util/WeakHashMap$KeyIterator done
Event: 14.216 Loading class java/lang/Package$1PackageInfoProxy
Event: 14.216 Loading class java/lang/Package$1PackageInfoProxy done
Event: 14.380 Loading class java/lang/invoke/WrongMethodTypeException
Event: 14.380 Loading class java/lang/invoke/WrongMethodTypeException done
Event: 14.402 Loading class java/util/regex/Pattern$Neg
Event: 14.403 Loading class java/util/regex/Pattern$Neg done
Event: 14.408 Loading class java/util/regex/Pattern$LookBehindEndNode
Event: 14.408 Loading class java/util/regex/Pattern$LookBehindEndNode done
Event: 14.408 Loading class java/util/regex/Pattern$NotBehind
Event: 14.408 Loading class java/util/regex/Pattern$NotBehind done
Event: 14.408 Loading class java/util/regex/Pattern$Behind
Event: 14.408 Loading class java/util/regex/Pattern$Behind done
Event: 14.445 Loading class java/util/EmptyStackException
Event: 14.445 Loading class java/util/EmptyStackException done
Event: 14.747 Loading class java/io/InvalidClassException
Event: 14.748 Loading class java/io/InvalidClassException done

Classes unloaded (0 events):
No events

Classes redefined (0 events):
No events

Internal exceptions (20 events):
Event: 12.996 Thread 0x000002391436fd60 Exception <a 'java/lang/NoSuchMethodError'{0x000000070d597418}: 'int java.lang.invoke.DirectMethodHandle$Holder.invokeStatic(java.lang.Object, java.lang.Object, java.lang.Object, java.lang.Object, java.lang.Object, java.lang.Object)'> (0x000000070d597418) 
thrown [s\open\src\hotspot\share\interpreter\linkResolver.cpp, line 773]
Event: 13.001 Thread 0x000002391436fd60 Exception <a 'java/lang/NoSuchMethodError'{0x000000070d5a8178}: 'int java.lang.invoke.DirectMethodHandle$Holder.invokeStatic(java.lang.Object, java.lang.Object, java.lang.Object, java.lang.Object, java.lang.Object)'> (0x000000070d5a8178) 
thrown [s\open\src\hotspot\share\interpreter\linkResolver.cpp, line 773]
Event: 13.030 Thread 0x000002391436fd60 Exception <a 'java/lang/NoSuchMethodError'{0x000000070d237d48}: 'void java.lang.invoke.DirectMethodHandle$Holder.invokeInterface(java.lang.Object, java.lang.Object, int, java.lang.Object)'> (0x000000070d237d48) 
thrown [s\open\src\hotspot\share\interpreter\linkResolver.cpp, line 773]
Event: 13.035 Thread 0x000002391436fd60 Exception <a 'java/lang/NoSuchMethodError'{0x000000070d25a2e8}: 'java.lang.Object java.lang.invoke.DirectMethodHandle$Holder.newInvokeSpecial(java.lang.Object, java.lang.Object, int, java.lang.Object)'> (0x000000070d25a2e8) 
thrown [s\open\src\hotspot\share\interpreter\linkResolver.cpp, line 773]
Event: 13.078 Thread 0x000002391436fd60 Exception <a 'java/lang/NoSuchMethodError'{0x000000070d31b690}: 'void java.lang.invoke.DirectMethodHandle$Holder.invokeSpecial(java.lang.Object, java.lang.Object, java.lang.Object, java.lang.Object, java.lang.Object, java.lang.Object, java.lang.Object, java.lang.Object)'> (0x000000070d31b690) 
thrown [s\open\src\hotspot\share\interpreter\linkResolver.cpp, line 773]
Event: 13.151 Thread 0x000002391436fd60 Exception <a 'java/lang/NoSuchMethodError'{0x000000070d09f990}: 'int java.lang.invoke.DirectMethodHandle$Holder.invokeStatic(java.lang.Object, int, java.lang.Object)'> (0x000000070d09f990) 
thrown [s\open\src\hotspot\share\interpreter\linkResolver.cpp, line 773]
Event: 13.155 Thread 0x000002391436fd60 Exception <a 'java/lang/NoSuchMethodError'{0x000000070d0b4650}: 'void java.lang.invoke.DirectMethodHandle$Holder.invokeSpecial(java.lang.Object, java.lang.Object, java.lang.Object, java.lang.Object, java.lang.Object, int, java.lang.Object, java.lang.Object)'> (0x000000070d0b4650) 
thrown [s\open\src\hotspot\share\interpreter\linkResolver.cpp, line 773]
Event: 13.164 Thread 0x000002391436fd60 Exception <a 'java/lang/NoSuchMethodError'{0x000000070d0e1268}: 'java.lang.Object java.lang.invoke.Invokers$Holder.linkToTargetMethod(java.lang.Object, java.lang.Object, java.lang.Object, java.lang.Object, java.lang.Object, java.lang.Object, java.lang.Object, java.lang.Object, java.lang.Object, java.lang.Object, java.lang.Object, java.lang.Object)'> (0x000000070d0e1268) 
thrown [s\open\src\hotspot\share\interpreter\linkResolver.cpp, line 773]
Event: 13.231 Thread 0x000002391436fd60 Exception <a 'java/lang/IncompatibleClassChangeError'{0x000000070ce53260}: Found class java.lang.Object, but interface was expected> (0x000000070ce53260) 
thrown [s\open\src\hotspot\share\interpreter\linkResolver.cpp, line 840]
Event: 13.255 Thread 0x000002391436fd60 Exception <a 'java/lang/NoSuchMethodError'{0x000000070cee7c78}: 'java.lang.Object java.lang.invoke.DirectMethodHandle$Holder.newInvokeSpecial(java.lang.Object, java.lang.Object, int, java.lang.Object, int, java.lang.Object, java.lang.Object)'> (0x000000070cee7c78) 
thrown [s\open\src\hotspot\share\interpreter\linkResolver.cpp, line 773]
Event: 13.280 Thread 0x000002391436fd60 Exception <a 'java/lang/NoSuchMethodError'{0x000000070cf71b98}: 'java.lang.Object java.lang.invoke.DirectMethodHandle$Holder.newInvokeSpecial(java.lang.Object, java.lang.Object, java.lang.Object, java.lang.Object, java.lang.Object, java.lang.Object, java.lang.Object, int)'> (0x000000070cf71b98) 
thrown [s\open\src\hotspot\share\interpreter\linkResolver.cpp, line 773]
Event: 13.280 Thread 0x000002391436fd60 Exception <a 'java/lang/NoSuchMethodError'{0x000000070cf760c0}: 'java.lang.Object java.lang.invoke.DirectMethodHandle$Holder.invokeSpecial(java.lang.Object, java.lang.Object, java.lang.Object, java.lang.Object, java.lang.Object, java.lang.Object, java.lang.Object, java.lang.Object, int)'> (0x000000070cf760c0) 
thrown [s\open\src\hotspot\share\interpreter\linkResolver.cpp, line 773]
Event: 13.280 Thread 0x000002391436fd60 Exception <a 'java/lang/NoSuchMethodError'{0x000000070cf7a0a0}: 'java.lang.Object java.lang.invoke.Invokers$Holder.linkToTargetMethod(java.lang.Object, java.lang.Object, java.lang.Object, java.lang.Object, java.lang.Object, java.lang.Object, int, java.lang.Object)'> (0x000000070cf7a0a0) 
thrown [s\open\src\hotspot\share\interpreter\linkResolver.cpp, line 773]
Event: 13.616 Thread 0x000002391436fd60 Exception <a 'java/lang/NoSuchMethodError'{0x0000000716f6f560}: 'java.lang.Object java.lang.invoke.DirectMethodHandle$Holder.invokeSpecial(java.lang.Object, java.lang.Object, int, java.lang.Object, int)'> (0x0000000716f6f560) 
thrown [s\open\src\hotspot\share\interpreter\linkResolver.cpp, line 773]
Event: 13.822 Thread 0x000002391436fd60 Implicit null exception at 0x0000023924642d77 to 0x0000023924642fe8
Event: 13.851 Thread 0x000002391436fd60 Implicit null exception at 0x00000239246c7ed0 to 0x00000239246c99c4
Event: 13.857 Thread 0x000002391436fd60 Exception <a 'java/lang/IncompatibleClassChangeError'{0x000000070f1cb7e0}: Found class java.lang.Object, but interface was expected> (0x000000070f1cb7e0) 
thrown [s\open\src\hotspot\share\interpreter\linkResolver.cpp, line 840]
Event: 13.950 Thread 0x000002391436fd60 Exception <a 'java/lang/IncompatibleClassChangeError'{0x000000070efac310}: Found class java.lang.Object, but interface was expected> (0x000000070efac310) 
thrown [s\open\src\hotspot\share\interpreter\linkResolver.cpp, line 840]
Event: 14.281 Thread 0x000002391436fd60 Exception <a 'java/lang/IncompatibleClassChangeError'{0x000000070e6c32a0}: Found class java.lang.Object, but interface was expected> (0x000000070e6c32a0) 
thrown [s\open\src\hotspot\share\interpreter\linkResolver.cpp, line 840]
Event: 14.411 Thread 0x000002391436fd60 Exception <a 'java/lang/IncompatibleClassChangeError'{0x000000070e23be30}: Found class java.lang.Object, but interface was expected> (0x000000070e23be30) 
thrown [s\open\src\hotspot\share\interpreter\linkResolver.cpp, line 840]

ZGC Phase Switch (0 events):
No events

VM Operations (20 events):
Event: 12.863 Executing VM operation: ICBufferFull done
Event: 13.380 Executing VM operation: G1CollectForAllocation (G1 Evacuation Pause)
Event: 13.387 Executing VM operation: G1CollectForAllocation (G1 Evacuation Pause) done
Event: 13.410 Executing VM operation: HandshakeAllThreads (Deoptimize)
Event: 13.410 Executing VM operation: HandshakeAllThreads (Deoptimize) done
Event: 14.054 Executing VM operation: HandshakeAllThreads (Deoptimize)
Event: 14.054 Executing VM operation: HandshakeAllThreads (Deoptimize) done
Event: 14.226 Executing VM operation: HandshakeAllThreads (Deoptimize)
Event: 14.226 Executing VM operation: HandshakeAllThreads (Deoptimize) done
Event: 14.228 Executing VM operation: HandshakeAllThreads (Deoptimize)
Event: 14.228 Executing VM operation: HandshakeAllThreads (Deoptimize) done
Event: 14.263 Executing VM operation: ICBufferFull
Event: 14.264 Executing VM operation: ICBufferFull done
Event: 14.777 Executing VM operation: HandshakeAllThreads (Deoptimize)
Event: 14.777 Executing VM operation: HandshakeAllThreads (Deoptimize) done
Event: 14.990 Executing VM operation: G1CollectForAllocation (G1 Evacuation Pause)
Event: 15.004 Executing VM operation: G1CollectForAllocation (G1 Evacuation Pause) done
Event: 15.078 Executing VM operation: HandshakeAllThreads (Deoptimize)
Event: 15.078 Executing VM operation: HandshakeAllThreads (Deoptimize) done
Event: 16.091 Executing VM operation: Cleanup

Events (20 events):
Event: 10.486 Thread 0x0000023933160690 flushing nmethod 0x000002391cdd6390
Event: 10.486 Thread 0x0000023933160690 flushing nmethod 0x000002391ce36890
Event: 10.486 Thread 0x0000023933160690 flushing nmethod 0x000002391ce57590
Event: 10.486 Thread 0x0000023933160690 flushing nmethod 0x000002391cea9310
Event: 10.486 Thread 0x0000023933160690 flushing nmethod 0x000002391cfd0590
Event: 10.486 Thread 0x0000023933160690 flushing nmethod 0x000002391d06d690
Event: 10.486 Thread 0x0000023933160690 flushing nmethod 0x000002391d06f090
Event: 11.807 Thread 0x000002397901d070 Thread exited: 0x000002397901d070
Event: 11.814 Thread 0x000002397901c9a0 Thread exited: 0x000002397901c9a0
Event: 13.348 Thread 0x000002397b555900 Thread added: 0x000002397b555900
Event: 13.806 Thread 0x000002397b554490 Thread added: 0x000002397b554490
Event: 13.898 Thread 0x000002397b5566a0 Thread added: 0x000002397b5566a0
Event: 14.344 Thread 0x000002397b5566a0 Thread exited: 0x000002397b5566a0
Event: 14.403 Thread 0x000002397b554490 Thread exited: 0x000002397b554490
Event: 14.964 Thread 0x000002397b555230 Thread added: 0x000002397b555230
Event: 14.964 Thread 0x000002397b5566a0 Thread added: 0x000002397b5566a0
Event: 14.973 Thread 0x000002397b554490 Thread added: 0x000002397b554490
Event: 14.974 Thread 0x000002397b554b60 Thread added: 0x000002397b554b60
Event: 15.041 Thread 0x000002397901a790 Thread added: 0x000002397901a790
Event: 15.082 Thread 0x000002397901a0c0 Thread added: 0x000002397901a0c0


Dynamic libraries:
0x00007ff739d00000 - 0x00007ff739d10000 	C:\Program Files\Java\jdk-21\bin\java.exe
0x00007ff8c59e0000 - 0x00007ff8c5c48000 	C:\WINDOWS\SYSTEM32\ntdll.dll
0x00007ff8c4630000 - 0x00007ff8c46f9000 	C:\WINDOWS\System32\KERNEL32.DLL
0x00007ff8c2720000 - 0x00007ff8c2b11000 	C:\WINDOWS\System32\KERNELBASE.dll
0x00007ff8c2460000 - 0x00007ff8c25ab000 	C:\WINDOWS\System32\ucrtbase.dll
0x00007ff8bad00000 - 0x00007ff8bad19000 	C:\Program Files\Java\jdk-21\bin\jli.dll
0x00007ff8bcfd0000 - 0x00007ff8bcfeb000 	C:\Program Files\Java\jdk-21\bin\VCRUNTIME140.dll
0x00007ff8c43f0000 - 0x00007ff8c44a4000 	C:\WINDOWS\System32\ADVAPI32.dll
0x00007ff8c3780000 - 0x00007ff8c3829000 	C:\WINDOWS\System32\msvcrt.dll
0x00007ff8c4700000 - 0x00007ff8c47a6000 	C:\WINDOWS\System32\sechost.dll
0x00007ff8c4b60000 - 0x00007ff8c4c78000 	C:\WINDOWS\System32\RPCRT4.dll
0x00007ff8c4220000 - 0x00007ff8c43e6000 	C:\WINDOWS\System32\USER32.dll
0x00007ff8ac040000 - 0x00007ff8ac2d3000 	C:\WINDOWS\WinSxS\amd64_microsoft.windows.common-controls_6595b64144ccf1df_6.0.26100.7824_none_3e0870b2e3345462\COMCTL32.dll
0x00007ff8c4520000 - 0x00007ff8c454b000 	C:\WINDOWS\System32\GDI32.dll
0x00007ff8c2430000 - 0x00007ff8c2457000 	C:\WINDOWS\System32\win32u.dll
0x00007ff8c2bb0000 - 0x00007ff8c2cdb000 	C:\WINDOWS\System32\gdi32full.dll
0x00007ff8c3550000 - 0x00007ff8c35f3000 	C:\WINDOWS\System32\msvcp_win.dll
0x00007ff8bb100000 - 0x00007ff8bb10b000 	C:\WINDOWS\SYSTEM32\VERSION.dll
0x00007ff8c5200000 - 0x00007ff8c5231000 	C:\WINDOWS\System32\IMM32.DLL
0x00007ff8bf8c0000 - 0x00007ff8bf8cc000 	C:\Program Files\Java\jdk-21\bin\vcruntime140_1.dll
0x00007ff8a18f0000 - 0x00007ff8a197e000 	C:\Program Files\Java\jdk-21\bin\msvcp140.dll
0x00007ff83c6d0000 - 0x00007ff83d3ed000 	C:\Program Files\Java\jdk-21\bin\server\jvm.dll
0x00007ff8c4000000 - 0x00007ff8c4074000 	C:\WINDOWS\System32\WS2_32.dll
0x00007ff8c2120000 - 0x00007ff8c217e000 	C:\WINDOWS\SYSTEM32\POWRPROF.dll
0x00007ff8bb0c0000 - 0x00007ff8bb0f5000 	C:\WINDOWS\SYSTEM32\WINMM.dll
0x00007ff8c2100000 - 0x00007ff8c2114000 	C:\WINDOWS\SYSTEM32\UMPDC.dll
0x00007ff8c1060000 - 0x00007ff8c107b000 	C:\WINDOWS\SYSTEM32\kernel.appcore.dll
0x00007ff8bdab0000 - 0x00007ff8bdaba000 	C:\Program Files\Java\jdk-21\bin\jimage.dll
0x00007ff8b7110000 - 0x00007ff8b7352000 	C:\WINDOWS\SYSTEM32\DBGHELP.DLL
0x00007ff8c4c90000 - 0x00007ff8c5016000 	C:\WINDOWS\System32\combase.dll
0x00007ff8c49a0000 - 0x00007ff8c4a77000 	C:\WINDOWS\System32\OLEAUT32.dll
0x00007ff8ab730000 - 0x00007ff8ab76b000 	C:\WINDOWS\SYSTEM32\dbgcore.DLL
0x00007ff8c2380000 - 0x00007ff8c2425000 	C:\WINDOWS\System32\bcryptPrimitives.dll
0x00007ff8bb670000 - 0x00007ff8bb67f000 	C:\Program Files\Java\jdk-21\bin\instrument.dll
0x00007ff8b8120000 - 0x00007ff8b813f000 	C:\Program Files\Java\jdk-21\bin\java.dll
0x00007ff8c3850000 - 0x00007ff8c3fa2000 	C:\WINDOWS\System32\SHELL32.dll
0x00007ff8c25b0000 - 0x00007ff8c271a000 	C:\WINDOWS\System32\wintypes.dll
0x00007ff8c2ce0000 - 0x00007ff8c3543000 	C:\WINDOWS\System32\windows.storage.dll
0x00007ff8c5700000 - 0x00007ff8c57f6000 	C:\WINDOWS\System32\SHCORE.dll
0x00007ff8c44b0000 - 0x00007ff8c4517000 	C:\WINDOWS\System32\shlwapi.dll
0x00007ff8c21e0000 - 0x00007ff8c2209000 	C:\WINDOWS\SYSTEM32\profapi.dll
0x00007ff8a1730000 - 0x00007ff8a1807000 	C:\Program Files\Java\jdk-21\bin\jsvml.dll
0x00007ff8b7d90000 - 0x00007ff8b7da8000 	C:\Program Files\Java\jdk-21\bin\zip.dll
0x00007ff8baf40000 - 0x00007ff8baf50000 	C:\Program Files\Java\jdk-21\bin\net.dll
0x00007ff8bb860000 - 0x00007ff8bb987000 	C:\WINDOWS\SYSTEM32\WINHTTP.dll
0x00007ff882fb0000 - 0x00007ff882fd0000 	C:\WINDOWS\system32\PrxerDrv.dll
0x00007ff8c15d0000 - 0x00007ff8c163b000 	C:\WINDOWS\system32\mswsock.dll
0x00007ff8b7e80000 - 0x00007ff8b7e96000 	C:\Program Files\Java\jdk-21\bin\nio.dll
0x00007ff8bacf0000 - 0x00007ff8bacf9000 	C:\Program Files\Java\jdk-21\bin\extnet.dll
0x00007ff8b6920000 - 0x00007ff8b692e000 	C:\Program Files\Java\jdk-21\bin\sunmscapi.dll
0x00007ff8c3600000 - 0x00007ff8c3777000 	C:\WINDOWS\System32\CRYPT32.dll
0x00007ff8c1ac0000 - 0x00007ff8c1af0000 	C:\WINDOWS\SYSTEM32\ncrypt.dll
0x00007ff8c1a70000 - 0x00007ff8c1aaf000 	C:\WINDOWS\SYSTEM32\NTASN1.dll
0x00007ff8c18b0000 - 0x00007ff8c18cb000 	C:\WINDOWS\SYSTEM32\CRYPTSP.dll
0x00007ff8c0fc0000 - 0x00007ff8c0ff9000 	C:\WINDOWS\system32\rsaenh.dll
0x00007ff8c1680000 - 0x00007ff8c16ab000 	C:\WINDOWS\SYSTEM32\USERENV.dll
0x00007ff8c21b0000 - 0x00007ff8c21da000 	C:\WINDOWS\SYSTEM32\bcrypt.dll
0x00007ff8c18a0000 - 0x00007ff8c18ac000 	C:\WINDOWS\SYSTEM32\CRYPTBASE.dll
0x00007ff8c0a60000 - 0x00007ff8c0a94000 	C:\WINDOWS\SYSTEM32\IPHLPAPI.DLL
0x00007ff8c3830000 - 0x00007ff8c383a000 	C:\WINDOWS\System32\NSI.dll
0x00007ff8b67b0000 - 0x00007ff8b67ba000 	C:\Program Files\Java\jdk-21\bin\management.dll
0x00007ff8b67a0000 - 0x00007ff8b67ab000 	C:\Program Files\Java\jdk-21\bin\management_ext.dll
0x00007ff8c4210000 - 0x00007ff8c4218000 	C:\WINDOWS\System32\PSAPI.DLL
0x00007ff8a3ed0000 - 0x00007ff8a3eeb000 	C:\WINDOWS\system32\PrxerNsp.dll
0x00007ff8c0af0000 - 0x00007ff8c0c1c000 	C:\WINDOWS\SYSTEM32\DNSAPI.dll
0x00007ff8bb110000 - 0x00007ff8bb11b000 	C:\Windows\System32\rasadhlp.dll
0x00007ff8bd4d0000 - 0x00007ff8bd556000 	C:\WINDOWS\System32\fwpuclnt.dll

dbghelp: loaded successfully - version: 4.0.5 - missing functions: none
symbol engine: initialized successfully - sym options: 0x614 - pdb path: .;C:\Program Files\Java\jdk-21\bin;C:\WINDOWS\SYSTEM32;C:\WINDOWS\WinSxS\amd64_microsoft.windows.common-controls_6595b64144ccf1df_6.0.26100.7824_none_3e0870b2e3345462;C:\Program Files\Java\jdk-21\bin\server

VM Arguments:
jvm_args: -javaagent:C:\Program Files\JetBrains\IntelliJ IDEA 2025.2.1\lib\idea_rt.jar=1119 -Dfile.encoding=UTF-8 -Dsun.stdout.encoding=UTF-8 -Dsun.stderr.encoding=UTF-8 
java_command: com.stemlink.skillmentor.SkillmentorApplication
java_class_path (initial): D:\STEM Link\final\skill-mentor-backend-service\target\classes;C:\Users\USER\.m2\repository\org\springframework\boot\spring-boot-starter-webmvc\4.0.0\spring-boot-starter-webmvc-4.0.0.jar;C:\Users\USER\.m2\repository\org\springframework\boot\spring-boot-starter\4.0.0\spring-boot-starter-4.0.0.jar;C:\Users\USER\.m2\repository\org\springframework\boot\spring-boot-starter-logging\4.0.0\spring-boot-starter-logging-4.0.0.jar;C:\Users\USER\.m2\repository\ch\qos\logback\logback-classic\1.5.21\logback-classic-1.5.21.jar;C:\Users\USER\.m2\repository\ch\qos\logback\logback-core\1.5.21\logback-core-1.5.21.jar;C:\Users\USER\.m2\repository\org\apache\logging\log4j\log4j-to-slf4j\2.25.2\log4j-to-slf4j-2.25.2.jar;C:\Users\USER\.m2\repository\org\apache\logging\log4j\log4j-api\2.25.2\log4j-api-2.25.2.jar;C:\Users\USER\.m2\repository\org\slf4j\jul-to-slf4j\2.0.17\jul-to-slf4j-2.0.17.jar;C:\Users\USER\.m2\repository\org\springframework\boot\spring-boot-autoconfigure\4.0.0\spring-boot-autoconfigure-4.0.0.jar;C:\Users\USER\.m2\repository\jakarta\annotation\jakarta.annotation-api\3.0.0\jakarta.annotation-api-3.0.0.jar;C:\Users\USER\.m2\repository\org\yaml\snakeyaml\2.5\snakeyaml-2.5.jar;C:\Users\USER\.m2\repository\org\springframework\boot\spring-boot-starter-jackson\4.0.0\spring-boot-starter-jackson-4.0.0.jar;C:\Users\USER\.m2\repository\org\springframework\boot\spring-boot-jackson\4.0.0\spring-boot-jackson-4.0.0.jar;C:\Users\USER\.m2\repository\tools\jackson\core\jackson-databind\3.0.2\jackson-databind-3.0.2.jar;C:\Users\USER\.m2\repository\tools\jackson\core\jackson-core\3.0.2\jackson-core-3.0.2.jar;C:\Users\USER\.m2\repository\org\springframework\boot\spring-boot-starter-tomcat\4.0.0\spring-boot-starter-tomcat-4.0.0.jar;C:\Users\USER\.m2\repository\org\springframework\boot\spring-boot-starter-tomcat-runtime\4.0.0\spring-boot-starter-tomcat-runtime-4.0.0.jar;C:\Users\USER\.m2\repository\org\apache\tomcat\embed\tomcat-embed-core\11.0.14\tomcat-embed-core-11.0.14.jar;C:\Users\USER\.m2\repository\org\apache\tomcat\embed\tomcat-embed-websocket\11.0.14\tomcat-embed-websocket-11.0.14.jar;C:\Users\USER\.m2\repository\org\springframework\boot\spring-boot-tomcat\4.0.0\spring-boot-tomcat-4.0.0.jar;C:\Users\USER\.m2\repository\org\springframework\boot\spring-boot-http-converter\4.0.0\spring-boot-http-converter-4.0.0.jar;C:\Users\USER\.m2\repository\org\springframework\boot\spring-boot\4.0.0\spring-boot-4.0.0.jar;C:\Users\USER\.m2\repository\org\springframework\spring-context\7.0.1\spring-context-7.0.1.jar;C:\Users\USER\.m2\repository\org\springframework\spring-web\7.0.1\spring-web-7.0.1.jar;C:\Users\USER\.m2\repository\io\micrometer\micrometer-observation\1.16.0\micrometer-observation-1.16.0.jar;C:\Users\USER\.m2\repository\io\micrometer\micrometer-commons\1.16.0\micrometer-commons-1.16.0.jar;C:\Users\USER\.m2\repository\org\springframework\boot\spring-boot-webmvc\4.0.0\spring-boot-webmvc-4.0.0.jar;C:\Users\USER\.m2\repository\org\springframework\boot\spring-boot-servlet\4.0.0\spring-boot-servlet-4.0.0.jar;C:\Users\USER\.m2\repository\org\springframework\spring-webmvc\7.0.1\spring-webmvc-7.0.1.jar;C:\Users\USER\.m2\repository\org\springframework\spring-expression\7.0.1\spring-expression-7.0.1.jar;C:\Users\USER\.m2\repository\org\projectlombok\lombok\1.18.42\lombok-1.18.42.jar;C:\Users\USER\.m2\repository\org\springframework\boot\spring-boot-web-server\4.0.0\spring-boot-web-server-4.0.0.jar;C:\Users\USER\.m2\repository\org\modelmapper\modelmapper\3.2.4\modelmapper-3.2.4.jar;C:\Users\USER\.m2\repository\jakarta\validation\jakarta.validation-api\3.1.1\jakarta.validation-api-3.1.1.jar;C:\Users\USER\.m2\repository\org\springframework\boot\spring-boot-starter-validation\4.0.0\spring-boot-starter-validation-4.0.0.jar;C:\Users\USER\.m2\repository\org\springframework\boot\spring-boot-validation\4.0.0\spring-boot-validation-4.0.0.jar;C:\Users\USER\.m2\repository\org\apache\tomcat\embed\tomcat-embed-el\11.0.14\tomcat-embed-el-11.0.14.jar;C:\Users\USER\.m2\repository\org\hibernate\validator\hibernate-validator\9.0.1.Final\hibernate-validator-9.0.1.Final.jar;C:\Users\USER\.m2\repository\org\jboss\logging\jboss-logging\3.6.1.Final\jboss-logging-3.6.1.Final.jar;C:\Users\USER\.m2\repository\com\fasterxml\classmate\1.7.1\classmate-1.7.1.jar;C:\Users\USER\.m2\repository\org\springframework\boot\spring-boot-starter-data-jpa\4.0.0\spring-boot-starter-data-jpa-4.0.0.jar;C:\Users\USER\.m2\repository\org\springframework\boot\spring-boot-starter-jdbc\4.0.0\spring-boot-starter-jdbc-4.0.0.jar;C:\Users\USER\.m2\repository\com\zaxxer\HikariCP\7.0.2\HikariCP-7.0.2.jar;C:\Users\USER\.m2\repository\org\springframework\boot\spring-boot-data-jpa\4.0.0\spring-boot-data-jpa-4.0.0.jar;C:\Users\USER\.m2\repository\org\springframework\boot\spring-boot-data-commons\4.0.0\spring-boot-data-commons-4.0.0.jar;C:\Users\USER\.m2\repository\org\springframework\boot\spring-boot-persistence\4.0.0\spring-boot-persistence-4.0.0.jar;C:\Users\USER\.m2\repository\org\springframework\data\spring-data-commons\4.0.0\spring-data-commons-4.0.0.jar;C:\Users\USER\.m2\repository\org\springframework\boot\spring-boot-hibernate\4.0.0\spring-boot-hibernate-4.0.0.jar;C:\Users\USER\.m2\repository\org\springframework\boot\spring-boot-jpa\4.0.0\spring-boot-jpa-4.0.0.jar;C:\Users\USER\.m2\repository\jakarta\persistence\jakarta.persistence-api\3.2.0\jakarta.persistence-api-3.2.0.jar;C:\Users\USER\.m2\repository\org\hibernate\orm\hibernate-core\7.1.8.Final\hibernate-core-7.1.8.Final.jar;C:\Users\USER\.m2\repository\jakarta\transaction\jakarta.transaction-api\2.0.1\jakarta.transaction-api-2.0.1.jar;C:\Users\USER\.m2\repository\org\hibernate\models\hibernate-models\1.0.1\hibernate-models-1.0.1.jar;C:\Users\USER\.m2\repository\org\glassfish\jaxb\jaxb-runtime\4.0.6\jaxb-runtime-4.0.6.jar;C:\Users\USER\.m2\repository\org\glassfish\jaxb\jaxb-core\4.0.6\jaxb-core-4.0.6.jar;C:\Users\USER\.m2\repository\org\eclipse\angus\angus-activation\2.0.3\angus-activation-2.0.3.jar;C:\Users\USER\.m2\repository\org\glassfish\jaxb\txw2\4.0.6\txw2-4.0.6.jar;C:\Users\USER\.m2\repository\com\sun\istack\istack-commons-runtime\4.1.2\istack-commons-runtime-4.1.2.jar;C:\Users\USER\.m2\repository\jakarta\inject\jakarta.inject-api\2.0.1\jakarta.inject-api-2.0.1.jar;C:\Users\USER\.m2\repository\org\springframework\spring-orm\7.0.1\spring-orm-7.0.1.jar;C:\Users\USER\.m2\repository\org\springframework\data\spring-data-jpa\4.0.0\spring-data-jpa-4.0.0.jar;C:\Users\USER\.m2\repository\org\springframework\spring-tx\7.0.1\spring-tx-7.0.1.jar;C:\Users\USER\.m2\repository\org\antlr\antlr4-runtime\4.13.2\antlr4-runtime-4.13.2.jar;C:\Users\USER\.m2\repository\org\springframework\spring-aspects\7.0.1\spring-aspects-7.0.1.jar;C:\Users\USER\.m2\repository\org\aspectj\aspectjweaver\1.9.25\aspectjweaver-1.9.25.jar;C:\Users\USER\.m2\repository\org\springframework\boot\spring-boot-jdbc\4.0.0\spring-boot-jdbc-4.0.0.jar;C:\Users\USER\.m2\repository\org\springframework\boot\spring-boot-sql\4.0.0\spring-boot-sql-4.0.0.jar;C:\Users\USER\.m2\repository\org\springframework\boot\spring-boot-transaction\4.0.0\spring-boot-transaction-4.0.0.jar;C:\Users\USER\.m2\repository\org\springframework\spring-jdbc\7.0.1\spring-jdbc-7.0.1.jar;C:\Users\USER\.m2\repository\org\postgresql\postgresql\42.7.8\postgresql-42.7.8.jar;C:\Users\USER\.m2\repository\org\checkerframework\checker-qual\3.49.5\checker-qual-3.49.5.jar;C:\Users\USER\.m2\repository\org\springframework\boot\spring-boot-starter-security\4.0.0\spring-boot-starter-security-4.0.0.jar;C:\Users\USER\.m2\repository\org\springframework\boot\spring-boot-security\4.0.0\spring-boot-security-4.0.0.jar;C:\Users\USER\.m2\repository\org\springframework\security\spring-security-config\7.0.0\spring-security-config-7.0.0.jar;C:\Users\USER\.m2\repository\org\springframework\security\spring-security-core\7.0.0\spring-security-core-7.0.0.jar;C:\Users\USER\.m2\repository\org\springframework\security\spring-security-crypto\7.0.0\spring-security-crypto-7.0.0.jar;C:\Users\USER\.m2\repository\org\springframework\security\spring-security-web\7.0.0\spring-security-web-7.0.0.jar;C:\Users\USER\.m2\repository\org\springframework\spring-aop\7.0.1\spring-aop-7.0.1.jar;C:\Users\USER\.m2\repository\org\springframework\spring-beans\7.0.1\spring-beans-7.0.1.jar;C:\Users\USER\.m2\repository\io\jsonwebtoken\jjwt-api\0.12.3\jjwt-api-0.12.3.jar;C:\Users\USER\.m2\repository\io\jsonwebtoken\jjwt-impl\0.12.3\jjwt-impl-0.12.3.jar;C:\Users\USER\.m2\repository\io\jsonwebtoken\jjwt-jackson\0.12.3\jjwt-jackson-0.12.3.jar;C:\Users\USER\.m2\repository\com\auth0\java-jwt\4.4.0\java-jwt-4.4.0.jar;C:\Users\USER\.m2\repository\com\auth0\jwks-rsa\0.22.1\jwks-rsa-0.22.1.jar;C:\Users\USER\.m2\repository\com\google\guava\guava\32.1.1-jre\guava-32.1.1-jre.jar;C:\Users\USER\.m2\repository\com\google\guava\failureaccess\1.0.1\failureaccess-1.0.1.jar;C:\Users\USER\.m2\repository\com\google\guava\listenablefuture\9999.0-empty-to-avoid-conflict-with-guava\listenablefuture-9999.0-empty-to-avoid-conflict-with-guava.jar;C:\Users\USER\.m2\repository\com\google\code\findbugs\jsr305\3.0.2\jsr305-3.0.2.jar;C:\Users\USER\.m2\repository\com\google\errorprone\error_prone_annotations\2.18.0\error_prone_annotations-2.18.0.jar;C:\Users\USER\.m2\repository\com\google\j2objc\j2objc-annotations\2.8\j2objc-annotations-2.8.jar;C:\Users\USER\.m2\repository\com\fasterxml\jackson\core\jackson-databind\2.20.1\jackson-databind-2.20.1.jar;C:\Users\USER\.m2\repository\com\fasterxml\jackson\core\jackson-annotations\2.20\jackson-annotations-2.20.jar;C:\Users\USER\.m2\repository\com\fasterxml\jackson\core\jackson-core\2.20.1\jackson-core-2.20.1.jar;C:\Users\USER\.m2\repository\org\slf4j\slf4j-api\2.0.17\slf4j-api-2.0.17.jar;C:\Users\USER\.m2\repository\jakarta\xml\bind\jakarta.xml.bind-api\4.0.4\jakarta.xml.bind-api-4.0.4.jar;C:\Users\USER\.m2\repository\jakarta\activation\jakarta.activation-api\2.1.4\jakarta.activation-api-2.1.4.jar;C:\Users\USER\.m2\repository\net\bytebuddy\byte-buddy\1.17.8\byte-buddy-1.17.8.jar;C:\Users\USER\.m2\repository\org\springframework\spring-core\7.0.1\spring-core-7.0.1.jar;C:\Users\USER\.m2\repository\commons-logging\commons-logging\1.3.5\commons-logging-1.3.5.jar;C:\Users\USER\.m2\repository\org\jspecify\jspecify\1.0.0\jspecify-1.0.0.jar;C:\Users\USER\.m2\repository\org\springdoc\springdoc-openapi-starter-webmvc-ui\2.7.0\springdoc-openapi-starter-webmvc-ui-2.7.0.jar;C:\Users\USER\.m2\repository\org\springdoc\springdoc-openapi-starter-webmvc-api\2.7.0\springdoc-openapi-starter-webmvc-api-2.7.0.jar;C:\Users\USER\.m2\repository\org\springdoc\springdoc-openapi-starter-common\2.7.0\springdoc-openapi-starter-common-2.7.0.jar;C:\Users\USER\.m2\repository\io\swagger\core\v3\swagger-core-jakarta\2.2.25\swagger-core-jakarta-2.2.25.jar;C:\Users\USER\.m2\repository\org\apache\commons\commons-lang3\3.19.0\commons-lang3-3.19.0.jar;C:\Users\USER\.m2\repository\io\swagger\core\v3\swagger-annotations-jakarta\2.2.25\swagger-annotations-jakarta-2.2.25.jar;C:\Users\USER\.m2\repository\io\swagger\core\v3\swagger-models-jakarta\2.2.25\swagger-models-jakarta-2.2.25.jar;C:\Users\USER\.m2\repository\com\fasterxml\jackson\dataformat\jackson-dataformat-yaml\2.20.1\jackson-dataformat-yaml-2.20.1.jar;C:\Users\USER\.m2\repository\com\fasterxml\jackson\datatype\jackson-datatype-jsr310\2.20.1\jackson-datatype-jsr310-2.20.1.jar;C:\Users\USER\.m2\repository\org\webjars\swagger-ui\5.18.2\swagger-ui-5.18.2.jar;C:\Users\USER\.m2\repository\org\webjars\webjars-locator-lite\1.1.2\webjars-locator-lite-1.1.2.jar;C:\Users\USER\.m2\repository\org\springframework\boot\spring-boot-starter-cache\4.0.0\spring-boot-starter-cache-4.0.0.jar;C:\Users\USER\.m2\repository\org\springframework\boot\spring-boot-cache\4.0.0\spring-boot-cache-4.0.0.jar;C:\Users\USER\.m2\repository\org\springframework\spring-context-support\7.0.1\spring-context-support-7.0.1.jar;C:\Users\USER\.m2\repository\org\springframework\boot\spring-boot-starter-data-redis\4.0.0\spring-boot-starter-data-redis-4.0.0.jar;C:\Users\USER\.m2\repository\org\springframework\boot\spring-boot-data-redis\4.0.0\spring-boot-data-redis-4.0.0.jar;C:\Users\USER\.m2\repository\io\lettuce\lettuce-core\6.8.1.RELEASE\lettuce-core-6.8.1.RELEASE.jar;C:\Users\USER\.m2\repository\redis\clients\authentication\redis-authx-core\0.1.1-beta2\redis-authx-core-0.1.1-beta2.jar;C:\Users\USER\.m2\repository\io\netty\netty-common\4.2.7.Final\netty-common-4.2.7.Final.jar;C:\Users\USER\.m2\repository\io\netty\netty-handler\4.2.7.Final\netty-handler-4.2.7.Final.jar;C:\Users\USER\.m2\repository\io\netty\netty-resolver\4.2.7.Final\netty-resolver-4.2.7.Final.jar;C:\Users\USER\.m2\repository\io\netty\netty-buffer\4.2.7.Final\netty-buffer-4.2.7.Final.jar;C:\Users\USER\.m2\repository\io\netty\netty-transport-native-unix-common\4.2.7.Final\netty-transport-native-unix-common-4.2.7.Final.jar;C:\Users\USER\.m2\repository\io\netty\netty-codec-base\4.2.7.Final\netty-codec-base-4.2.7.Final.jar;C:\Users\USER\.m2\repository\io\netty\netty-transport\4.2.7.Final\netty-transport-4.2.7.Final.jar;C:\Users\USER\.m2\repository\io\projectreactor\reactor-core\3.8.0\reactor-core-3.8.0.jar;C:\Users\USER\.m2\repository\org\reactivestreams\reactive-streams\1.0.4\reactive-streams-1.0.4.jar;C:\Users\USER\.m2\repository\io\netty\netty-resolver-dns\4.2.7.Final\netty-resolver-dns-4.2.7.Final.jar;C:\Users\USER\.m2\repository\io\netty\netty-codec-dns\4.2.7.Final\netty-codec-dns-4.2.7.Final.jar;C:\Users\USER\.m2\repository\org\springframework\data\spring-data-redis\4.0.0\spring-data-redis-4.0.0.jar;C:\Users\USER\.m2\repository\org\springframework\data\spring-data-keyvalue\4.0.0\spring-data-keyvalue-4.0.0.jar;C:\Users\USER\.m2\repository\org\springframework\spring-oxm\7.0.1\spring-oxm-7.0.1.jar;C:\Users\USER\.m2\repository\org\springframework\boot\spring-boot-netty\4.0.0\spring-boot-netty-4.0.0.jar
Launcher Type: SUN_STANDARD

[Global flags]
     intx CICompilerCount                          = 12                                        {product} {ergonomic}
     uint ConcGCThreads                            = 3                                         {product} {ergonomic}
     uint G1ConcRefinementThreads                  = 13                                        {product} {ergonomic}
   size_t G1HeapRegionSize                         = 2097152                                   {product} {ergonomic}
    uintx GCDrainStackTargetSize                   = 64                                        {product} {ergonomic}
   size_t InitialHeapSize                          = 257949696                                 {product} {ergonomic}
   size_t MarkStackSize                            = 4194304                                   {product} {ergonomic}
   size_t MaxHeapSize                              = 4118806528                                {product} {ergonomic}
   size_t MaxNewSize                               = 2470445056                                {product} {ergonomic}
   size_t MinHeapDeltaBytes                        = 2097152                                   {product} {ergonomic}
   size_t MinHeapSize                              = 8388608                                   {product} {ergonomic}
    uintx NonNMethodCodeHeapSize                   = 7602480                                {pd product} {ergonomic}
    uintx NonProfiledCodeHeapSize                  = 122027880                              {pd product} {ergonomic}
    uintx ProfiledCodeHeapSize                     = 122027880                              {pd product} {ergonomic}
    uintx ReservedCodeCacheSize                    = 251658240                              {pd product} {ergonomic}
     bool SegmentedCodeCache                       = true                                      {product} {ergonomic}
   size_t SoftMaxHeapSize                          = 4118806528                             {manageable} {ergonomic}
     bool UseCompressedOops                        = true                           {product lp64_product} {ergonomic}
     bool UseG1GC                                  = true                                      {product} {ergonomic}
     bool UseLargePagesIndividualAllocation        = false                                  {pd product} {ergonomic}

Logging:
Log output configuration:
 #0: stdout all=warning uptime,level,tags foldmultilines=false
 #1: stderr all=off uptime,level,tags foldmultilines=false

Environment Variables:
JAVA_HOME=C:\Program Files\Java\jdk-21
PATH=C:\Program Files\Java\jdk-21\bin;C:\Program Files\OpenLogic\jdk-11.0.24.8-hotspot\bin;C:\WINDOWS\system32;C:\WINDOWS;C:\WINDOWS\System32\Wbem;C:\WINDOWS\System32\WindowsPowerShell\v1.0\;C:\WINDOWS\System32\OpenSSH\;C:\Program Files\nodejs;C:\Program Files\Git\cmd;D:\dev\flutter\bin;C:\Users\USER\Downloads\poppler-24.07.0\Library\bin;C:\Users\USER\AppData\Local\Android\Sdk\platform-tools;C:\Users\USER\AppData\Local\Programs\Python\Python311;C:\Users\USER\AppData\Local\Programs\Python\Python311\Scripts;C:\Program Files\Microsoft SQL Server\150\Tools\Binn\;C:\Program Files\Microsoft SQL Server\Client SDK\ODBC\170\Tools\Binn\;C:\Program Files\MySQL\MySQL Server 8.0\bin;C:\Program Files (x86)\Bitvise SSH Client;C:\Program Files\Go\bin;C:\Program Files\nodejs\;C:\Program Files\Docker\Docker\resources\bin;C:\Program Files\Microsoft SQL Server\170\Tools\Binn\;C:\Program Files\dotnet\;C:\Program Files (x86)\Windows Kits\10\Windows Performance Toolkit\;C:\Program Files (x86)\apache-maven-3.9.12\bin;C:\Program Files\MySQL\MySQL Shell 8.0\bin\;C:\Users\USER\AppData\Local\Microsoft\WindowsApps;C:\Program Files\nodejs;C:\Program Files\OpenLogic\jdk-11.0.24.8-hotspot\bin;D:\dev\flutter\bin;C:\Users\USER\AppData\Local\GitHubDesktop\bin;C:\Users\USER\Downloads\poppler-24.07.0\Library\bin;C:\Users\USER\AppData\Local\Programs\PyCharm 2025.2\bin;C:\Users\USER\AppData\Local\Programs\Python\Python311;C:\Users\USER\AppData\Local\Programs\Python\Python311\Scripts;C:\Users\USER\go\bin;C:\Users\USER\AppData\Roaming\npm;C:\Users\USER\AppData\Local\Programs\Microsoft VS Code\bin;C:\Users\USER\.dotnet\tools;C:\Program Files (x86)\apache-maven-3.9.12\bin;
USERNAME=USER
OS=Windows_NT
PROCESSOR_IDENTIFIER=AMD64 Family 23 Model 104 Stepping 1, AuthenticAMD
TMP=C:\Users\USER\AppData\Local\Temp
TEMP=C:\Users\USER\AppData\Local\Temp




Periodic native trim disabled

---------------  S Y S T E M  ---------------

OS:
 Windows 11 , 64 bit Build 26100 (10.0.26100.7705)
OS uptime: 4 days 16:25 hours
Hyper-V role detected

CPU: total 16 (initial active 16) (16 cores per cpu, 2 threads per core) family 23 model 104 stepping 1 microcode 0x8608104, cx8, cmov, fxsr, ht, mmx, 3dnowpref, sse, sse2, sse3, ssse3, sse4a, sse4.1, sse4.2, popcnt, lzcnt, tsc, tscinvbit, avx, avx2, aes, clmul, bmi1, bmi2, adx, sha, fma, vzeroupper, clflush, clflushopt, hv, rdtscp, rdpid, f16c
Processor Information for all 16 processors :
  Max Mhz: 1801, Current Mhz: 1801, Mhz Limit: 1801

Memory: 4k page, system-wide physical 15706M (2507M free)
TotalPageFile size 19802M (AvailPageFile size 4M)
current process WorkingSet (physical memory assigned to process): 304M, peak: 312M
current process commit charge ("private bytes"): 349M, peak: 413M

vm_info: Java HotSpot(TM) 64-Bit Server VM (21.0.8+12-LTS-250) for windows-amd64 JRE (21.0.8+12-LTS-250), built on 2025-06-27T08:11:22Z by "mach5one" with MS VC++ 17.6 (VS2022)

END.
