#
# There is insufficient memory for the Java Runtime Environment to continue.
# Native memory allocation (mmap) failed to map 257949696 bytes for G1 virtual space
# Possible reasons:
#   The system is out of physical RAM or swap space
#   The process is running with CompressedOops enabled, and the Java Heap may be blocking the growth of the native heap
# Possible solutions:
#   Reduce memory load on the system
#   Increase physical memory or swap space
#   Check if swap backing store is full
#   Decrease Java heap size (-Xmx/-Xms)
#   Decrease number of Java threads
#   Decrease Java thread stack sizes (-Xss)
#   Set larger code cache with -XX:ReservedCodeCacheSize=
#   JVM is running with Zero Based Compressed Oops mode in which the Java heap is
#     placed in the first 32GB address space. The Java Heap base address is the
#     maximum limit for the native heap growth. Please use -XX:HeapBaseMinAddress
#     to set the Java Heap base and to place the Java Heap above 32GB virtual address.
# This output file may be truncated or incomplete.
#
#  Out of Memory Error (os_windows.cpp:3603), pid=26732, tid=11176
#
# JRE version:  (21.0.8+12) (build )
# Java VM: Java HotSpot(TM) 64-Bit Server VM (21.0.8+12-LTS-250, mixed mode, sharing, tiered, compressed oops, compressed class ptrs, g1 gc, windows-amd64)
# No core dump will be written. Minidumps are not enabled by default on client versions of Windows
#

---------------  S U M M A R Y ------------

Command Line: -javaagent:C:\Program Files\JetBrains\IntelliJ IDEA 2025.2.1\lib\idea_rt.jar=2638 -Dfile.encoding=UTF-8 -Dsun.stdout.encoding=UTF-8 -Dsun.stderr.encoding=UTF-8 com.stemlink.skillmentor.SkillmentorApplication

Host: AMD Ryzen 7 5700U with Radeon Graphics         , 16 cores, 15G,  Windows 11 , 64 bit Build 26100 (10.0.26100.7705)
Time: Sat Mar  7 12:47:08 2026 Sri Lanka Standard Time elapsed time: 1.084184 seconds (0d 0h 0m 1s)

---------------  T H R E A D  ---------------

Current thread (0x00000134ff604910):  JavaThread "Unknown thread" [_thread_in_vm, id=11176, stack(0x0000001b98100000,0x0000001b98200000) (1024K)]

Stack: [0x0000001b98100000,0x0000001b98200000]
Native frames: (J=compiled Java code, j=interpreted, Vv=VM code, C=native code)
V  [jvm.dll+0x6cc179]
V  [jvm.dll+0x8584c1]
V  [jvm.dll+0x85a9ee]
V  [jvm.dll+0x85b0c3]
V  [jvm.dll+0x27ebf6]
V  [jvm.dll+0x6c88f5]
V  [jvm.dll+0x6bd45a]
V  [jvm.dll+0x354b1a]
V  [jvm.dll+0x35c796]
V  [jvm.dll+0x3af85e]
V  [jvm.dll+0x3afb08]
V  [jvm.dll+0x328e2c]
V  [jvm.dll+0x32998b]
V  [jvm.dll+0x821879]
V  [jvm.dll+0x3bc541]
V  [jvm.dll+0x80aaf8]
V  [jvm.dll+0x45172e]
V  [jvm.dll+0x453321]
C  [jli.dll+0x52a3]
C  [ucrtbase.dll+0x37b0]
C  [KERNEL32.DLL+0x2e8d7]
C  [ntdll.dll+0x8c40c]


---------------  P R O C E S S  ---------------

Threads class SMR info:
_java_thread_list=0x00007ff83d29fc48, length=0, elements={
}

Java Threads: ( => current thread )
Total: 0

Other Threads:
  0x00000134ff664e90 WorkerThread "GC Thread#0"                     [id=18876, stack(0x0000001b98200000,0x0000001b98300000) (1024K)]
  0x00000134ff676c10 ConcurrentGCThread "G1 Main Marker"            [id=17548, stack(0x0000001b98300000,0x0000001b98400000) (1024K)]
  0x00000134ff678590 WorkerThread "G1 Conc#0"                       [id=12908, stack(0x0000001b98400000,0x0000001b98500000) (1024K)]

[error occurred during error reporting (printing all threads), id 0xc0000005, EXCEPTION_ACCESS_VIOLATION (0xc0000005) at pc=0x00007ff83ca0b5b7]
VM state: not at safepoint (not fully initialized)

VM Mutex/Monitor currently owned by a thread:  ([mutex/lock_event])
[0x00007ff83d310f50] Heap_lock - owner thread: 0x00000134ff604910

Heap address: 0x000000070a800000, size: 3928 MB, Compressed Oops mode: Zero based, Oop shift amount: 3

CDS archive(s) mapped at: [0x0000000000000000-0x0000000000000000-0x0000000000000000), size 0, SharedBaseAddress: 0x0000000800000000, ArchiveRelocationMode: 1.
Narrow klass base: 0x0000000000000000, Narrow klass shift: 0, Narrow klass range: 0x0

GC Precious Log:
 CardTable entry size: 512
 Card Set container configuration: InlinePtr #cards 4 size 8 Array Of Cards #cards 16 size 48 Howl #buckets 8 coarsen threshold 3686 Howl Bitmap #cards 512 size 80 coarsen threshold 460 Card regions per heap region 1 cards per card region 4096

Heap:
 garbage-first heap   total 0K, used 0K [0x000000070a800000, 0x0000000800000000)
  region size 2048K, 0 young (0K), 0 survivors (0K)

[error occurred during error reporting (printing heap information), id 0xc0000005, EXCEPTION_ACCESS_VIOLATION (0xc0000005) at pc=0x00007ff83cdf51e9]
GC Heap History (0 events):
No events

Dll operation events (1 events):
Event: 0.023 Loaded shared library C:\Program Files\Java\jdk-21\bin\java.dll

Deoptimization events (0 events):
No events

Classes loaded (0 events):
No events

Classes unloaded (0 events):
No events

Classes redefined (0 events):
No events

Internal exceptions (0 events):
No events

ZGC Phase Switch (0 events):
No events

VM Operations (0 events):
No events

Events (0 events):
No events


Dynamic libraries:
0x00007ff739d00000 - 0x00007ff739d10000 	C:\Program Files\Java\jdk-21\bin\java.exe
0x00007ff8c59e0000 - 0x00007ff8c5c48000 	C:\WINDOWS\SYSTEM32\ntdll.dll
0x00007ff8c4630000 - 0x00007ff8c46f9000 	C:\WINDOWS\System32\KERNEL32.DLL
0x00007ff8c2720000 - 0x00007ff8c2b11000 	C:\WINDOWS\System32\KERNELBASE.dll
0x00007ff8c2460000 - 0x00007ff8c25ab000 	C:\WINDOWS\System32\ucrtbase.dll
0x00007ff8bcfd0000 - 0x00007ff8bcfeb000 	C:\Program Files\Java\jdk-21\bin\VCRUNTIME140.dll
0x00007ff8bad00000 - 0x00007ff8bad19000 	C:\Program Files\Java\jdk-21\bin\jli.dll
0x00007ff8c43f0000 - 0x00007ff8c44a4000 	C:\WINDOWS\System32\ADVAPI32.dll
0x00007ff8c3780000 - 0x00007ff8c3829000 	C:\WINDOWS\System32\msvcrt.dll
0x00007ff8c4700000 - 0x00007ff8c47a6000 	C:\WINDOWS\System32\sechost.dll
0x00007ff8c4b60000 - 0x00007ff8c4c78000 	C:\WINDOWS\System32\RPCRT4.dll
0x00007ff8c4220000 - 0x00007ff8c43e6000 	C:\WINDOWS\System32\USER32.dll
0x00007ff8ac040000 - 0x00007ff8ac2d3000 	C:\WINDOWS\WinSxS\amd64_microsoft.windows.common-controls_6595b64144ccf1df_6.0.26100.7824_none_3e0870b2e3345462\COMCTL32.dll
0x00007ff8c2430000 - 0x00007ff8c2457000 	C:\WINDOWS\System32\win32u.dll
0x00007ff8c4520000 - 0x00007ff8c454b000 	C:\WINDOWS\System32\GDI32.dll
0x00007ff8c2bb0000 - 0x00007ff8c2cdb000 	C:\WINDOWS\System32\gdi32full.dll
0x00007ff8c3550000 - 0x00007ff8c35f3000 	C:\WINDOWS\System32\msvcp_win.dll
0x00007ff8bb100000 - 0x00007ff8bb10b000 	C:\WINDOWS\SYSTEM32\VERSION.dll
0x00007ff8c5200000 - 0x00007ff8c5231000 	C:\WINDOWS\System32\IMM32.DLL
0x00007ff8bf8c0000 - 0x00007ff8bf8cc000 	C:\Program Files\Java\jdk-21\bin\vcruntime140_1.dll
0x00007ff8a18f0000 - 0x00007ff8a197e000 	C:\Program Files\Java\jdk-21\bin\msvcp140.dll
0x00007ff83c6d0000 - 0x00007ff83d3ed000 	C:\Program Files\Java\jdk-21\bin\server\jvm.dll
0x00007ff8c4000000 - 0x00007ff8c4074000 	C:\WINDOWS\System32\WS2_32.dll
0x00007ff8c2120000 - 0x00007ff8c217e000 	C:\WINDOWS\SYSTEM32\POWRPROF.dll
0x00007ff8bb0c0000 - 0x00007ff8bb0f5000 	C:\WINDOWS\SYSTEM32\WINMM.dll
0x00007ff8c2100000 - 0x00007ff8c2114000 	C:\WINDOWS\SYSTEM32\UMPDC.dll
0x00007ff8c1060000 - 0x00007ff8c107b000 	C:\WINDOWS\SYSTEM32\kernel.appcore.dll
0x00007ff8bdab0000 - 0x00007ff8bdaba000 	C:\Program Files\Java\jdk-21\bin\jimage.dll
0x00007ff8b7110000 - 0x00007ff8b7352000 	C:\WINDOWS\SYSTEM32\DBGHELP.DLL
0x00007ff8c4c90000 - 0x00007ff8c5016000 	C:\WINDOWS\System32\combase.dll
0x00007ff8c49a0000 - 0x00007ff8c4a77000 	C:\WINDOWS\System32\OLEAUT32.dll
0x00007ff8ab730000 - 0x00007ff8ab76b000 	C:\WINDOWS\SYSTEM32\dbgcore.DLL
0x00007ff8c2380000 - 0x00007ff8c2425000 	C:\WINDOWS\System32\bcryptPrimitives.dll
0x00007ff8bb670000 - 0x00007ff8bb67f000 	C:\Program Files\Java\jdk-21\bin\instrument.dll
0x00007ff8b8120000 - 0x00007ff8b813f000 	C:\Program Files\Java\jdk-21\bin\java.dll

dbghelp: loaded successfully - version: 4.0.5 - missing functions: none
symbol engine: initialized successfully - sym options: 0x614 - pdb path: .;C:\Program Files\Java\jdk-21\bin;C:\WINDOWS\SYSTEM32;C:\WINDOWS\WinSxS\amd64_microsoft.windows.common-controls_6595b64144ccf1df_6.0.26100.7824_none_3e0870b2e3345462;C:\Program Files\Java\jdk-21\bin\server

VM Arguments:
jvm_args: -javaagent:C:\Program Files\JetBrains\IntelliJ IDEA 2025.2.1\lib\idea_rt.jar=2638 -Dfile.encoding=UTF-8 -Dsun.stdout.encoding=UTF-8 -Dsun.stderr.encoding=UTF-8 
java_command: com.stemlink.skillmentor.SkillmentorApplication
java_class_path (initial): D:\STEM Link\final\skill-mentor-backend-service\target\classes;C:\Users\USER\.m2\repository\org\springframework\boot\spring-boot-starter-webmvc\4.0.0\spring-boot-starter-webmvc-4.0.0.jar;C:\Users\USER\.m2\repository\org\springframework\boot\spring-boot-starter\4.0.0\spring-boot-starter-4.0.0.jar;C:\Users\USER\.m2\repository\org\springframework\boot\spring-boot-starter-logging\4.0.0\spring-boot-starter-logging-4.0.0.jar;C:\Users\USER\.m2\repository\ch\qos\logback\logback-classic\1.5.21\logback-classic-1.5.21.jar;C:\Users\USER\.m2\repository\ch\qos\logback\logback-core\1.5.21\logback-core-1.5.21.jar;C:\Users\USER\.m2\repository\org\apache\logging\log4j\log4j-to-slf4j\2.25.2\log4j-to-slf4j-2.25.2.jar;C:\Users\USER\.m2\repository\org\apache\logging\log4j\log4j-api\2.25.2\log4j-api-2.25.2.jar;C:\Users\USER\.m2\repository\org\slf4j\jul-to-slf4j\2.0.17\jul-to-slf4j-2.0.17.jar;C:\Users\USER\.m2\repository\org\springframework\boot\spring-boot-autoconfigure\4.0.0\spring-boot-autoconfigure-4.0.0.jar;C:\Users\USER\.m2\repository\jakarta\annotation\jakarta.annotation-api\3.0.0\jakarta.annotation-api-3.0.0.jar;C:\Users\USER\.m2\repository\org\yaml\snakeyaml\2.5\snakeyaml-2.5.jar;C:\Users\USER\.m2\repository\org\springframework\boot\spring-boot-starter-jackson\4.0.0\spring-boot-starter-jackson-4.0.0.jar;C:\Users\USER\.m2\repository\org\springframework\boot\spring-boot-jackson\4.0.0\spring-boot-jackson-4.0.0.jar;C:\Users\USER\.m2\repository\tools\jackson\core\jackson-databind\3.0.2\jackson-databind-3.0.2.jar;C:\Users\USER\.m2\repository\tools\jackson\core\jackson-core\3.0.2\jackson-core-3.0.2.jar;C:\Users\USER\.m2\repository\org\springframework\boot\spring-boot-starter-tomcat\4.0.0\spring-boot-starter-tomcat-4.0.0.jar;C:\Users\USER\.m2\repository\org\springframework\boot\spring-boot-starter-tomcat-runtime\4.0.0\spring-boot-starter-tomcat-runtime-4.0.0.jar;C:\Users\USER\.m2\repository\org\apache\tomcat\embed\tomcat-embed-core\11.0.14\tomcat-embed-core-11.0.14.jar;C:\Users\USER\.m2\repository\org\apache\tomcat\embed\tomcat-embed-websocket\11.0.14\tomcat-embed-websocket-11.0.14.jar;C:\Users\USER\.m2\repository\org\springframework\boot\spring-boot-tomcat\4.0.0\spring-boot-tomcat-4.0.0.jar;C:\Users\USER\.m2\repository\org\springframework\boot\spring-boot-http-converter\4.0.0\spring-boot-http-converter-4.0.0.jar;C:\Users\USER\.m2\repository\org\springframework\boot\spring-boot\4.0.0\spring-boot-4.0.0.jar;C:\Users\USER\.m2\repository\org\springframework\spring-context\7.0.1\spring-context-7.0.1.jar;C:\Users\USER\.m2\repository\org\springframework\spring-web\7.0.1\spring-web-7.0.1.jar;C:\Users\USER\.m2\repository\io\micrometer\micrometer-observation\1.16.0\micrometer-observation-1.16.0.jar;C:\Users\USER\.m2\repository\io\micrometer\micrometer-commons\1.16.0\micrometer-commons-1.16.0.jar;C:\Users\USER\.m2\repository\org\springframework\boot\spring-boot-webmvc\4.0.0\spring-boot-webmvc-4.0.0.jar;C:\Users\USER\.m2\repository\org\springframework\boot\spring-boot-servlet\4.0.0\spring-boot-servlet-4.0.0.jar;C:\Users\USER\.m2\repository\org\springframework\spring-webmvc\7.0.1\spring-webmvc-7.0.1.jar;C:\Users\USER\.m2\repository\org\springframework\spring-expression\7.0.1\spring-expression-7.0.1.jar;C:\Users\USER\.m2\repository\org\projectlombok\lombok\1.18.42\lombok-1.18.42.jar;C:\Users\USER\.m2\repository\org\springframework\boot\spring-boot-web-server\4.0.0\spring-boot-web-server-4.0.0.jar;C:\Users\USER\.m2\repository\org\modelmapper\modelmapper\3.2.4\modelmapper-3.2.4.jar;C:\Users\USER\.m2\repository\jakarta\validation\jakarta.validation-api\3.1.1\jakarta.validation-api-3.1.1.jar;C:\Users\USER\.m2\repository\org\springframework\boot\spring-boot-starter-validation\4.0.0\spring-boot-starter-validation-4.0.0.jar;C:\Users\USER\.m2\repository\org\springframework\boot\spring-boot-validation\4.0.0\spring-boot-validation-4.0.0.jar;C:\Users\USER\.m2\repository\org\apache\tomcat\embed\tomcat-embed-el\11.0.14\tomcat-embed-el-11.0.14.jar;C:\Users\USER\.m2\repository\org\hibernate\validator\hibernate-validator\9.0.1.Final\hibernate-validator-9.0.1.Final.jar;C:\Users\USER\.m2\repository\org\jboss\logging\jboss-logging\3.6.1.Final\jboss-logging-3.6.1.Final.jar;C:\Users\USER\.m2\repository\com\fasterxml\classmate\1.7.1\classmate-1.7.1.jar;C:\Users\USER\.m2\repository\org\springframework\boot\spring-boot-starter-data-jpa\4.0.0\spring-boot-starter-data-jpa-4.0.0.jar;C:\Users\USER\.m2\repository\org\springframework\boot\spring-boot-starter-jdbc\4.0.0\spring-boot-starter-jdbc-4.0.0.jar;C:\Users\USER\.m2\repository\com\zaxxer\HikariCP\7.0.2\HikariCP-7.0.2.jar;C:\Users\USER\.m2\repository\org\springframework\boot\spring-boot-data-jpa\4.0.0\spring-boot-data-jpa-4.0.0.jar;C:\Users\USER\.m2\repository\org\springframework\boot\spring-boot-data-commons\4.0.0\spring-boot-data-commons-4.0.0.jar;C:\Users\USER\.m2\repository\org\springframework\boot\spring-boot-persistence\4.0.0\spring-boot-persistence-4.0.0.jar;C:\Users\USER\.m2\repository\org\springframework\data\spring-data-commons\4.0.0\spring-data-commons-4.0.0.jar;C:\Users\USER\.m2\repository\org\springframework\boot\spring-boot-hibernate\4.0.0\spring-boot-hibernate-4.0.0.jar;C:\Users\USER\.m2\repository\org\springframework\boot\spring-boot-jpa\4.0.0\spring-boot-jpa-4.0.0.jar;C:\Users\USER\.m2\repository\jakarta\persistence\jakarta.persistence-api\3.2.0\jakarta.persistence-api-3.2.0.jar;C:\Users\USER\.m2\repository\org\hibernate\orm\hibernate-core\7.1.8.Final\hibernate-core-7.1.8.Final.jar;C:\Users\USER\.m2\repository\jakarta\transaction\jakarta.transaction-api\2.0.1\jakarta.transaction-api-2.0.1.jar;C:\Users\USER\.m2\repository\org\hibernate\models\hibernate-models\1.0.1\hibernate-models-1.0.1.jar;C:\Users\USER\.m2\repository\org\glassfish\jaxb\jaxb-runtime\4.0.6\jaxb-runtime-4.0.6.jar;C:\Users\USER\.m2\repository\org\glassfish\jaxb\jaxb-core\4.0.6\jaxb-core-4.0.6.jar;C:\Users\USER\.m2\repository\org\eclipse\angus\angus-activation\2.0.3\angus-activation-2.0.3.jar;C:\Users\USER\.m2\repository\org\glassfish\jaxb\txw2\4.0.6\txw2-4.0.6.jar;C:\Users\USER\.m2\repository\com\sun\istack\istack-commons-runtime\4.1.2\istack-commons-runtime-4.1.2.jar;C:\Users\USER\.m2\repository\jakarta\inject\jakarta.inject-api\2.0.1\jakarta.inject-api-2.0.1.jar;C:\Users\USER\.m2\repository\org\springframework\spring-orm\7.0.1\spring-orm-7.0.1.jar;C:\Users\USER\.m2\repository\org\springframework\data\spring-data-jpa\4.0.0\spring-data-jpa-4.0.0.jar;C:\Users\USER\.m2\repository\org\springframework\spring-tx\7.0.1\spring-tx-7.0.1.jar;C:\Users\USER\.m2\repository\org\antlr\antlr4-runtime\4.13.2\antlr4-runtime-4.13.2.jar;C:\Users\USER\.m2\repository\org\springframework\spring-aspects\7.0.1\spring-aspects-7.0.1.jar;C:\Users\USER\.m2\repository\org\aspectj\aspectjweaver\1.9.25\aspectjweaver-1.9.25.jar;C:\Users\USER\.m2\repository\org\springframework\boot\spring-boot-jdbc\4.0.0\spring-boot-jdbc-4.0.0.jar;C:\Users\USER\.m2\repository\org\springframework\boot\spring-boot-sql\4.0.0\spring-boot-sql-4.0.0.jar;C:\Users\USER\.m2\repository\org\springframework\boot\spring-boot-transaction\4.0.0\spring-boot-transaction-4.0.0.jar;C:\Users\USER\.m2\repository\org\springframework\spring-jdbc\7.0.1\spring-jdbc-7.0.1.jar;C:\Users\USER\.m2\repository\org\postgresql\postgresql\42.7.8\postgresql-42.7.8.jar;C:\Users\USER\.m2\repository\org\checkerframework\checker-qual\3.49.5\checker-qual-3.49.5.jar;C:\Users\USER\.m2\repository\org\springframework\boot\spring-boot-starter-security\4.0.0\spring-boot-starter-security-4.0.0.jar;C:\Users\USER\.m2\repository\org\springframework\boot\spring-boot-security\4.0.0\spring-boot-security-4.0.0.jar;C:\Users\USER\.m2\repository\org\springframework\security\spring-security-config\7.0.0\spring-security-config-7.0.0.jar;C:\Users\USER\.m2\repository\org\springframework\security\spring-security-core\7.0.0\spring-security-core-7.0.0.jar;C:\Users\USER\.m2\repository\org\springframework\security\spring-security-crypto\7.0.0\spring-security-crypto-7.0.0.jar;C:\Users\USER\.m2\repository\org\springframework\security\spring-security-web\7.0.0\spring-security-web-7.0.0.jar;C:\Users\USER\.m2\repository\org\springframework\spring-aop\7.0.1\spring-aop-7.0.1.jar;C:\Users\USER\.m2\repository\org\springframework\spring-beans\7.0.1\spring-beans-7.0.1.jar;C:\Users\USER\.m2\repository\io\jsonwebtoken\jjwt-api\0.12.3\jjwt-api-0.12.3.jar;C:\Users\USER\.m2\repository\io\jsonwebtoken\jjwt-impl\0.12.3\jjwt-impl-0.12.3.jar;C:\Users\USER\.m2\repository\io\jsonwebtoken\jjwt-jackson\0.12.3\jjwt-jackson-0.12.3.jar;C:\Users\USER\.m2\repository\com\auth0\java-jwt\4.4.0\java-jwt-4.4.0.jar;C:\Users\USER\.m2\repository\com\auth0\jwks-rsa\0.22.1\jwks-rsa-0.22.1.jar;C:\Users\USER\.m2\repository\com\google\guava\guava\32.1.1-jre\guava-32.1.1-jre.jar;C:\Users\USER\.m2\repository\com\google\guava\failureaccess\1.0.1\failureaccess-1.0.1.jar;C:\Users\USER\.m2\repository\com\google\guava\listenablefuture\9999.0-empty-to-avoid-conflict-with-guava\listenablefuture-9999.0-empty-to-avoid-conflict-with-guava.jar;C:\Users\USER\.m2\repository\com\google\code\findbugs\jsr305\3.0.2\jsr305-3.0.2.jar;C:\Users\USER\.m2\repository\com\google\errorprone\error_prone_annotations\2.18.0\error_prone_annotations-2.18.0.jar;C:\Users\USER\.m2\repository\com\google\j2objc\j2objc-annotations\2.8\j2objc-annotations-2.8.jar;C:\Users\USER\.m2\repository\com\fasterxml\jackson\core\jackson-databind\2.20.1\jackson-databind-2.20.1.jar;C:\Users\USER\.m2\repository\com\fasterxml\jackson\core\jackson-annotations\2.20\jackson-annotations-2.20.jar;C:\Users\USER\.m2\repository\com\fasterxml\jackson\core\jackson-core\2.20.1\jackson-core-2.20.1.jar;C:\Users\USER\.m2\repository\org\slf4j\slf4j-api\2.0.17\slf4j-api-2.0.17.jar;C:\Users\USER\.m2\repository\jakarta\xml\bind\jakarta.xml.bind-api\4.0.4\jakarta.xml.bind-api-4.0.4.jar;C:\Users\USER\.m2\repository\jakarta\activation\jakarta.activation-api\2.1.4\jakarta.activation-api-2.1.4.jar;C:\Users\USER\.m2\repository\net\bytebuddy\byte-buddy\1.17.8\byte-buddy-1.17.8.jar;C:\Users\USER\.m2\repository\org\springframework\spring-core\7.0.1\spring-core-7.0.1.jar;C:\Users\USER\.m2\repository\commons-logging\commons-logging\1.3.5\commons-logging-1.3.5.jar;C:\Users\USER\.m2\repository\org\jspecify\jspecify\1.0.0\jspecify-1.0.0.jar;C:\Users\USER\.m2\repository\org\springdoc\springdoc-openapi-starter-webmvc-ui\2.7.0\springdoc-openapi-starter-webmvc-ui-2.7.0.jar;C:\Users\USER\.m2\repository\org\springdoc\springdoc-openapi-starter-webmvc-api\2.7.0\springdoc-openapi-starter-webmvc-api-2.7.0.jar;C:\Users\USER\.m2\repository\org\springdoc\springdoc-openapi-starter-common\2.7.0\springdoc-openapi-starter-common-2.7.0.jar;C:\Users\USER\.m2\repository\io\swagger\core\v3\swagger-core-jakarta\2.2.25\swagger-core-jakarta-2.2.25.jar;C:\Users\USER\.m2\repository\org\apache\commons\commons-lang3\3.19.0\commons-lang3-3.19.0.jar;C:\Users\USER\.m2\repository\io\swagger\core\v3\swagger-annotations-jakarta\2.2.25\swagger-annotations-jakarta-2.2.25.jar;C:\Users\USER\.m2\repository\io\swagger\core\v3\swagger-models-jakarta\2.2.25\swagger-models-jakarta-2.2.25.jar;C:\Users\USER\.m2\repository\com\fasterxml\jackson\dataformat\jackson-dataformat-yaml\2.20.1\jackson-dataformat-yaml-2.20.1.jar;C:\Users\USER\.m2\repository\com\fasterxml\jackson\datatype\jackson-datatype-jsr310\2.20.1\jackson-datatype-jsr310-2.20.1.jar;C:\Users\USER\.m2\repository\org\webjars\swagger-ui\5.18.2\swagger-ui-5.18.2.jar;C:\Users\USER\.m2\repository\org\webjars\webjars-locator-lite\1.1.2\webjars-locator-lite-1.1.2.jar;C:\Users\USER\.m2\repository\org\springframework\boot\spring-boot-starter-cache\4.0.0\spring-boot-starter-cache-4.0.0.jar;C:\Users\USER\.m2\repository\org\springframework\boot\spring-boot-cache\4.0.0\spring-boot-cache-4.0.0.jar;C:\Users\USER\.m2\repository\org\springframework\spring-context-support\7.0.1\spring-context-support-7.0.1.jar;C:\Users\USER\.m2\repository\org\springframework\boot\spring-boot-starter-data-redis\4.0.0\spring-boot-starter-data-redis-4.0.0.jar;C:\Users\USER\.m2\repository\org\springframework\boot\spring-boot-data-redis\4.0.0\spring-boot-data-redis-4.0.0.jar;C:\Users\USER\.m2\repository\io\lettuce\lettuce-core\6.8.1.RELEASE\lettuce-core-6.8.1.RELEASE.jar;C:\Users\USER\.m2\repository\redis\clients\authentication\redis-authx-core\0.1.1-beta2\redis-authx-core-0.1.1-beta2.jar;C:\Users\USER\.m2\repository\io\netty\netty-common\4.2.7.Final\netty-common-4.2.7.Final.jar;C:\Users\USER\.m2\repository\io\netty\netty-handler\4.2.7.Final\netty-handler-4.2.7.Final.jar;C:\Users\USER\.m2\repository\io\netty\netty-resolver\4.2.7.Final\netty-resolver-4.2.7.Final.jar;C:\Users\USER\.m2\repository\io\netty\netty-buffer\4.2.7.Final\netty-buffer-4.2.7.Final.jar;C:\Users\USER\.m2\repository\io\netty\netty-transport-native-unix-common\4.2.7.Final\netty-transport-native-unix-common-4.2.7.Final.jar;C:\Users\USER\.m2\repository\io\netty\netty-codec-base\4.2.7.Final\netty-codec-base-4.2.7.Final.jar;C:\Users\USER\.m2\repository\io\netty\netty-transport\4.2.7.Final\netty-transport-4.2.7.Final.jar;C:\Users\USER\.m2\repository\io\projectreactor\reactor-core\3.8.0\reactor-core-3.8.0.jar;C:\Users\USER\.m2\repository\org\reactivestreams\reactive-streams\1.0.4\reactive-streams-1.0.4.jar;C:\Users\USER\.m2\repository\io\netty\netty-resolver-dns\4.2.7.Final\netty-resolver-dns-4.2.7.Final.jar;C:\Users\USER\.m2\repository\io\netty\netty-codec-dns\4.2.7.Final\netty-codec-dns-4.2.7.Final.jar;C:\Users\USER\.m2\repository\org\springframework\data\spring-data-redis\4.0.0\spring-data-redis-4.0.0.jar;C:\Users\USER\.m2\repository\org\springframework\data\spring-data-keyvalue\4.0.0\spring-data-keyvalue-4.0.0.jar;C:\Users\USER\.m2\repository\org\springframework\spring-oxm\7.0.1\spring-oxm-7.0.1.jar;C:\Users\USER\.m2\repository\org\springframework\boot\spring-boot-netty\4.0.0\spring-boot-netty-4.0.0.jar
Launcher Type: SUN_STANDARD

[Global flags]
     intx CICompilerCount                          = 12                                        {product} {ergonomic}
     uint ConcGCThreads                            = 3                                         {product} {ergonomic}
     uint G1ConcRefinementThreads                  = 13                                        {product} {ergonomic}
   size_t G1HeapRegionSize                         = 2097152                                   {product} {ergonomic}
    uintx GCDrainStackTargetSize                   = 64                                        {product} {ergonomic}
   size_t InitialHeapSize                          = 257949696                                 {product} {ergonomic}
   size_t MarkStackSize                            = 4194304                                   {product} {ergonomic}
   size_t MaxHeapSize                              = 4118806528                                {product} {ergonomic}
   size_t MinHeapDeltaBytes                        = 2097152                                   {product} {ergonomic}
   size_t MinHeapSize                              = 8388608                                   {product} {ergonomic}
    uintx NonNMethodCodeHeapSize                   = 7602480                                {pd product} {ergonomic}
    uintx NonProfiledCodeHeapSize                  = 122027880                              {pd product} {ergonomic}
    uintx ProfiledCodeHeapSize                     = 122027880                              {pd product} {ergonomic}
    uintx ReservedCodeCacheSize                    = 251658240                              {pd product} {ergonomic}
     bool SegmentedCodeCache                       = true                                      {product} {ergonomic}
   size_t SoftMaxHeapSize                          = 4118806528                             {manageable} {ergonomic}
     bool UseCompressedOops                        = true                           {product lp64_product} {ergonomic}
     bool UseG1GC                                  = true                                      {product} {ergonomic}
     bool UseLargePagesIndividualAllocation        = false                                  {pd product} {ergonomic}

Logging:
Log output configuration:
 #0: stdout all=warning uptime,level,tags foldmultilines=false
 #1: stderr all=off uptime,level,tags foldmultilines=false

Environment Variables:
JAVA_HOME=C:\Program Files\Java\jdk-21
PATH=C:\Program Files\Java\jdk-21\bin;C:\Program Files\OpenLogic\jdk-11.0.24.8-hotspot\bin;C:\WINDOWS\system32;C:\WINDOWS;C:\WINDOWS\System32\Wbem;C:\WINDOWS\System32\WindowsPowerShell\v1.0\;C:\WINDOWS\System32\OpenSSH\;C:\Program Files\nodejs;C:\Program Files\Git\cmd;D:\dev\flutter\bin;C:\Users\USER\Downloads\poppler-24.07.0\Library\bin;C:\Users\USER\AppData\Local\Android\Sdk\platform-tools;C:\Users\USER\AppData\Local\Programs\Python\Python311;C:\Users\USER\AppData\Local\Programs\Python\Python311\Scripts;C:\Program Files\Microsoft SQL Server\150\Tools\Binn\;C:\Program Files\Microsoft SQL Server\Client SDK\ODBC\170\Tools\Binn\;C:\Program Files\MySQL\MySQL Server 8.0\bin;C:\Program Files (x86)\Bitvise SSH Client;C:\Program Files\Go\bin;C:\Program Files\nodejs\;C:\Program Files\Docker\Docker\resources\bin;C:\Program Files\Microsoft SQL Server\170\Tools\Binn\;C:\Program Files\dotnet\;C:\Program Files (x86)\Windows Kits\10\Windows Performance Toolkit\;C:\Program Files (x86)\apache-maven-3.9.12\bin;C:\Program Files\MySQL\MySQL Shell 8.0\bin\;C:\Users\USER\AppData\Local\Microsoft\WindowsApps;C:\Program Files\nodejs;C:\Program Files\OpenLogic\jdk-11.0.24.8-hotspot\bin;D:\dev\flutter\bin;C:\Users\USER\AppData\Local\GitHubDesktop\bin;C:\Users\USER\Downloads\poppler-24.07.0\Library\bin;C:\Users\USER\AppData\Local\Programs\PyCharm 2025.2\bin;C:\Users\USER\AppData\Local\Programs\Python\Python311;C:\Users\USER\AppData\Local\Programs\Python\Python311\Scripts;C:\Users\USER\go\bin;C:\Users\USER\AppData\Roaming\npm;C:\Users\USER\AppData\Local\Programs\Microsoft VS Code\bin;C:\Users\USER\.dotnet\tools;C:\Program Files (x86)\apache-maven-3.9.12\bin;
USERNAME=USER
OS=Windows_NT
PROCESSOR_IDENTIFIER=AMD64 Family 23 Model 104 Stepping 1, AuthenticAMD
TMP=C:\Users\USER\AppData\Local\Temp
TEMP=C:\Users\USER\AppData\Local\Temp




Periodic native trim disabled

---------------  S Y S T E M  ---------------

OS:
 Windows 11 , 64 bit Build 26100 (10.0.26100.7705)
OS uptime: 4 days 16:22 hours
Hyper-V role detected

CPU: total 16 (initial active 16) (16 cores per cpu, 2 threads per core) family 23 model 104 stepping 1 microcode 0x8608104, cx8, cmov, fxsr, ht, mmx, 3dnowpref, sse, sse2, sse3, ssse3, sse4a, sse4.1, sse4.2, popcnt, lzcnt, tsc, tscinvbit, avx, avx2, aes, clmul, bmi1, bmi2, adx, sha, fma, vzeroupper, clflush, clflushopt, hv, rdtscp, rdpid, f16c
Processor Information for all 16 processors :
  Max Mhz: 1801, Current Mhz: 1801, Mhz Limit: 1801

Memory: 4k page, system-wide physical 15706M (2641M free)
TotalPageFile size 19802M (AvailPageFile size 168M)
current process WorkingSet (physical memory assigned to process): 13M, peak: 13M
current process commit charge ("private bytes"): 71M, peak: 317M

vm_info: Java HotSpot(TM) 64-Bit Server VM (21.0.8+12-LTS-250) for windows-amd64 JRE (21.0.8+12-LTS-250), built on 2025-06-27T08:11:22Z by "mach5one" with MS VC++ 17.6 (VS2022)

END.
