#
# There is insufficient memory for the Java Runtime Environment to continue.
# Native memory allocation (malloc) failed to allocate 1403376 bytes for Chunk::new
# Possible reasons:
#   The system is out of physical RAM or swap space
#   The process is running with CompressedOops enabled, and the Java Heap may be blocking the growth of the native heap
# Possible solutions:
#   Reduce memory load on the system
#   Increase physical memory or swap space
#   Check if swap backing store is full
#   Decrease Java heap size (-Xmx/-Xms)
#   Decrease number of Java threads
#   Decrease Java thread stack sizes (-Xss)
#   Set larger code cache with -XX:ReservedCodeCacheSize=
#   JVM is running with Zero Based Compressed Oops mode in which the Java heap is
#     placed in the first 32GB address space. The Java Heap base address is the
#     maximum limit for the native heap growth. Please use -XX:HeapBaseMinAddress
#     to set the Java Heap base and to place the Java Heap above 32GB virtual address.
# This output file may be truncated or incomplete.
#
#  Out of Memory Error (arena.cpp:168), pid=7252, tid=26432
#
# JRE version: Java(TM) SE Runtime Environment (21.0.8+12) (build 21.0.8+12-LTS-250)
# Java VM: Java HotSpot(TM) 64-Bit Server VM (21.0.8+12-LTS-250, mixed mode, sharing, tiered, compressed oops, compressed class ptrs, g1 gc, windows-amd64)
# No core dump will be written. Minidumps are not enabled by default on client versions of Windows
#

---------------  S U M M A R Y ------------

Command Line: -javaagent:C:\Program Files\JetBrains\IntelliJ IDEA 2025.2.1\lib\idea_rt.jar=11067 -Dfile.encoding=UTF-8 -Dsun.stdout.encoding=UTF-8 -Dsun.stderr.encoding=UTF-8 com.stemlink.skillmentor.SkillmentorApplication

Host: AMD Ryzen 7 5700U with Radeon Graphics         , 16 cores, 15G,  Windows 11 , 64 bit Build 26100 (10.0.26100.7705)
Time: Sat Mar  7 12:47:53 2026 Sri Lanka Standard Time elapsed time: 3.490721 seconds (0d 0h 0m 3s)

---------------  T H R E A D  ---------------

Current thread (0x000001f8fc8fc4f0):  JavaThread "C2 CompilerThread4" daemon [_thread_in_native, id=26432, stack(0x000000c0d5f00000,0x000000c0d6000000) (1024K)]


Current CompileTask:
C2:   3490 2464       4       java.lang.invoke.MethodType::makeImpl (109 bytes)

Stack: [0x000000c0d5f00000,0x000000c0d6000000]
Native frames: (J=compiled Java code, j=interpreted, Vv=VM code, C=native code)
V  [jvm.dll+0x6cc179]
V  [jvm.dll+0x8584c1]
V  [jvm.dll+0x85a9ee]
V  [jvm.dll+0x85b0c3]
V  [jvm.dll+0x27ebf6]
V  [jvm.dll+0xc4f4d]
V  [jvm.dll+0xc5483]
V  [jvm.dll+0x3b6a82]
V  [jvm.dll+0x382a35]
V  [jvm.dll+0x381eaa]
V  [jvm.dll+0x247670]
V  [jvm.dll+0x246c4f]
V  [jvm.dll+0x1c7a3e]
V  [jvm.dll+0x256359]
V  [jvm.dll+0x2548ea]
V  [jvm.dll+0x3efef6]
V  [jvm.dll+0x80279b]
V  [jvm.dll+0x6ca85d]
C  [ucrtbase.dll+0x37b0]
C  [KERNEL32.DLL+0x2e8d7]
C  [ntdll.dll+0x8c40c]


---------------  P R O C E S S  ---------------

Threads class SMR info:
_java_thread_list=0x000001f8fd5f21b0, length=24, elements={
0x000001f894633180, 0x000001f8b5ea4840, 0x000001f8b5ea72a0, 0x000001f8b5eae4a0,
0x000001f8b5eaf150, 0x000001f8b5ebc060, 0x000001f8b6301480, 0x000001f8b6304480,
0x000001f8b63079a0, 0x000001f8b63021a0, 0x000001f8b650fc30, 0x000001f8b65124a0,
0x000001f8b667c090, 0x000001f8b69e2800, 0x000001f8b6bc56f0, 0x000001f8b6301b10,
0x000001f8b6302830, 0x000001f8fc5bda40, 0x000001f8fc8fc4f0, 0x000001f8b6302ec0,
0x000001f8b6303550, 0x000001f8b6300760, 0x000001f8b63000d0, 0x000001f8fd1ab400
}

Java Threads: ( => current thread )
  0x000001f894633180 JavaThread "main"                              [_thread_in_native, id=24040, stack(0x000000c0d3e00000,0x000000c0d3f00000) (1024K)]
  0x000001f8b5ea4840 JavaThread "Reference Handler"          daemon [_thread_blocked, id=11244, stack(0x000000c0d4600000,0x000000c0d4700000) (1024K)]
  0x000001f8b5ea72a0 JavaThread "Finalizer"                  daemon [_thread_blocked, id=16620, stack(0x000000c0d4700000,0x000000c0d4800000) (1024K)]
  0x000001f8b5eae4a0 JavaThread "Signal Dispatcher"          daemon [_thread_blocked, id=5592, stack(0x000000c0d4800000,0x000000c0d4900000) (1024K)]
  0x000001f8b5eaf150 JavaThread "Attach Listener"            daemon [_thread_blocked, id=18316, stack(0x000000c0d4900000,0x000000c0d4a00000) (1024K)]
  0x000001f8b5ebc060 JavaThread "Service Thread"             daemon [_thread_blocked, id=25420, stack(0x000000c0d4a00000,0x000000c0d4b00000) (1024K)]
  0x000001f8b6301480 JavaThread "Monitor Deflation Thread"   daemon [_thread_blocked, id=2464, stack(0x000000c0d4b00000,0x000000c0d4c00000) (1024K)]
  0x000001f8b6304480 JavaThread "C2 CompilerThread0"         daemon [_thread_blocked, id=4132, stack(0x000000c0d4c00000,0x000000c0d4d00000) (1024K)]
  0x000001f8b63079a0 JavaThread "C1 CompilerThread0"         daemon [_thread_blocked, id=21656, stack(0x000000c0d4d00000,0x000000c0d4e00000) (1024K)]
  0x000001f8b63021a0 JavaThread "Common-Cleaner"             daemon [_thread_blocked, id=4040, stack(0x000000c0d4e00000,0x000000c0d4f00000) (1024K)]
  0x000001f8b650fc30 JavaThread "C1 CompilerThread1"         daemon [_thread_blocked, id=20448, stack(0x000000c0d4f00000,0x000000c0d5000000) (1024K)]
  0x000001f8b65124a0 JavaThread "C1 CompilerThread2"         daemon [_thread_blocked, id=18932, stack(0x000000c0d5000000,0x000000c0d5100000) (1024K)]
  0x000001f8b667c090 JavaThread "C2 CompilerThread1"         daemon [_thread_in_native, id=8684, stack(0x000000c0d5100000,0x000000c0d5200000) (1024K)]
  0x000001f8b69e2800 JavaThread "C1 CompilerThread3"         daemon [_thread_blocked, id=22496, stack(0x000000c0d5200000,0x000000c0d5300000) (1024K)]
  0x000001f8b6bc56f0 JavaThread "C2 CompilerThread2"         daemon [_thread_blocked, id=18336, stack(0x000000c0d5300000,0x000000c0d5400000) (1024K)]
  0x000001f8b6301b10 JavaThread "Monitor Ctrl-Break"         daemon [_thread_in_native, id=19104, stack(0x000000c0d5400000,0x000000c0d5500000) (1024K)]
  0x000001f8b6302830 JavaThread "Notification Thread"        daemon [_thread_blocked, id=3152, stack(0x000000c0d5500000,0x000000c0d5600000) (1024K)]
  0x000001f8fc5bda40 JavaThread "C2 CompilerThread3"         daemon [_thread_blocked, id=18560, stack(0x000000c0d5e00000,0x000000c0d5f00000) (1024K)]
=>0x000001f8fc8fc4f0 JavaThread "C2 CompilerThread4"         daemon [_thread_in_native, id=26432, stack(0x000000c0d5f00000,0x000000c0d6000000) (1024K)]
  0x000001f8b6302ec0 JavaThread "RMI TCP Accept-0"           daemon [_thread_in_native, id=27588, stack(0x000000c0d6200000,0x000000c0d6300000) (1024K)]
  0x000001f8b6303550 JavaThread "RMI TCP Connection(1)-192.168.1.2" daemon [_thread_in_native, id=4456, stack(0x000000c0d6300000,0x000000c0d6400000) (1024K)]
  0x000001f8b6300760 JavaThread "RMI Scheduler(0)"           daemon [_thread_blocked, id=15244, stack(0x000000c0d6100000,0x000000c0d6200000) (1024K)]
  0x000001f8b63000d0 JavaThread "JMX server connection timeout 42" daemon [_thread_blocked, id=23628, stack(0x000000c0d6400000,0x000000c0d6500000) (1024K)]
  0x000001f8fd1ab400 JavaThread "background-preinit"                [_thread_in_vm, id=21480, stack(0x000000c0d6800000,0x000000c0d6900000) (1024K)]
Total: 24

Other Threads:
  0x000001f8b5e8a3a0 VMThread "VM Thread"                           [id=3796, stack(0x000000c0d4500000,0x000000c0d4600000) (1024K)]
  0x000001f8b5e79c50 WatcherThread "VM Periodic Task Thread"        [id=5124, stack(0x000000c0d4400000,0x000000c0d4500000) (1024K)]
  0x000001f8968a6860 WorkerThread "GC Thread#0"                     [id=19308, stack(0x000000c0d3f00000,0x000000c0d4000000) (1024K)]
  0x000001f8fc5732b0 WorkerThread "GC Thread#1"                     [id=13036, stack(0x000000c0d5600000,0x000000c0d5700000) (1024K)]
  0x000001f8fc7cb620 WorkerThread "GC Thread#2"                     [id=1624, stack(0x000000c0d5700000,0x000000c0d5800000) (1024K)]
  0x000001f8fc663f40 WorkerThread "GC Thread#3"                     [id=25248, stack(0x000000c0d5800000,0x000000c0d5900000) (1024K)]
  0x000001f8fc660300 WorkerThread "GC Thread#4"                     [id=7648, stack(0x000000c0d5900000,0x000000c0d5a00000) (1024K)]
  0x000001f8fc8fea80 WorkerThread "GC Thread#5"                     [id=19580, stack(0x000000c0d5a00000,0x000000c0d5b00000) (1024K)]
  0x000001f8b6ee04b0 WorkerThread "GC Thread#6"                     [id=13884, stack(0x000000c0d5b00000,0x000000c0d5c00000) (1024K)]
  0x000001f8b6ee0850 WorkerThread "GC Thread#7"                     [id=21120, stack(0x000000c0d5c00000,0x000000c0d5d00000) (1024K)]
  0x000001f8fc8f4900 WorkerThread "GC Thread#8"                     [id=21064, stack(0x000000c0d5d00000,0x000000c0d5e00000) (1024K)]
  0x000001f8fcbdc470 WorkerThread "GC Thread#9"                     [id=21632, stack(0x000000c0d6000000,0x000000c0d6100000) (1024K)]
  0x000001f8fcbdc810 WorkerThread "GC Thread#10"                    [id=2836, stack(0x000000c0d6500000,0x000000c0d6600000) (1024K)]
  0x000001f8fcbdcbb0 WorkerThread "GC Thread#11"                    [id=22860, stack(0x000000c0d6600000,0x000000c0d6700000) (1024K)]
  0x000001f8fcbdcf50 WorkerThread "GC Thread#12"                    [id=11272, stack(0x000000c0d6700000,0x000000c0d6800000) (1024K)]
  0x000001f8968b8660 ConcurrentGCThread "G1 Main Marker"            [id=21680, stack(0x000000c0d4000000,0x000000c0d4100000) (1024K)]
  0x000001f8968bae90 WorkerThread "G1 Conc#0"                       [id=10820, stack(0x000000c0d4100000,0x000000c0d4200000) (1024K)]
  0x000001f8b5d458f0 ConcurrentGCThread "G1 Refine#0"               [id=20700, stack(0x000000c0d4200000,0x000000c0d4300000) (1024K)]
  0x000001f8b5d46110 ConcurrentGCThread "G1 Service"                [id=2724, stack(0x000000c0d4300000,0x000000c0d4400000) (1024K)]
Total: 19

Threads with active compile tasks:
C2 CompilerThread1     3533 2509       4       java.lang.invoke.MethodType::methodType (69 bytes)
C2 CompilerThread4     3533 2464       4       java.lang.invoke.MethodType::makeImpl (109 bytes)
Total: 2

VM state: not at safepoint (normal execution)

VM Mutex/Monitor currently owned by a thread: None

Heap address: 0x000000070a800000, size: 3928 MB, Compressed Oops mode: Zero based, Oop shift amount: 3

CDS archive(s) mapped at: [0x000001f8b7000000-0x000001f8b7c90000-0x000001f8b7c90000), size 13172736, SharedBaseAddress: 0x000001f8b7000000, ArchiveRelocationMode: 1.
Compressed class space mapped at: 0x000001f8b8000000-0x000001f8f8000000, reserved size: 1073741824
Narrow klass base: 0x000001f8b7000000, Narrow klass shift: 0, Narrow klass range: 0x100000000

GC Precious Log:
 CardTable entry size: 512
 Card Set container configuration: InlinePtr #cards 4 size 8 Array Of Cards #cards 16 size 48 Howl #buckets 8 coarsen threshold 3686 Howl Bitmap #cards 512 size 80 coarsen threshold 460 Card regions per heap region 1 cards per card region 4096
 CPUs: 16 total, 16 available
 Memory: 15706M
 Large Page Support: Disabled
 NUMA Support: Disabled
 Compressed Oops: Enabled (Zero based)
 Heap Region Size: 2M
 Heap Min Capacity: 8M
 Heap Initial Capacity: 246M
 Heap Max Capacity: 3928M
 Pre-touch: Disabled
 Parallel Workers: 13
 Concurrent Workers: 3
 Concurrent Refinement Workers: 13
 Periodic GC: Disabled

Heap:
 garbage-first heap   total 251904K, used 22755K [0x000000070a800000, 0x0000000800000000)
  region size 2048K, 8 young (16384K), 2 survivors (4096K)
 Metaspace       used 15003K, committed 15488K, reserved 1114112K
  class space    used 1795K, committed 1984K, reserved 1048576K

Heap Regions: E=young(eden), S=young(survivor), O=old, HS=humongous(starts), HC=humongous(continues), CS=collection set, F=free, TAMS=top-at-mark-start, PB=parsable bottom
|   0|0x000000070a800000, 0x000000070aa00000, 0x000000070aa00000|100%| O|  |TAMS 0x000000070a800000| PB 0x000000070a800000| Untracked 
|   1|0x000000070aa00000, 0x000000070ac00000, 0x000000070ac00000|100%| O|  |TAMS 0x000000070aa00000| PB 0x000000070aa00000| Untracked 
|   2|0x000000070ac00000, 0x000000070ae00000, 0x000000070ae00000|100%| O|  |TAMS 0x000000070ac00000| PB 0x000000070ac00000| Untracked 
|   3|0x000000070ae00000, 0x000000070b000000, 0x000000070b000000|100%| O|  |TAMS 0x000000070ae00000| PB 0x000000070ae00000| Untracked 
|   4|0x000000070b000000, 0x000000070b1f6c18, 0x000000070b200000| 98%| O|  |TAMS 0x000000070b000000| PB 0x000000070b000000| Untracked 
|   5|0x000000070b200000, 0x000000070b200000, 0x000000070b400000|  0%| F|  |TAMS 0x000000070b200000| PB 0x000000070b200000| Untracked 
|   6|0x000000070b400000, 0x000000070b400000, 0x000000070b600000|  0%| F|  |TAMS 0x000000070b400000| PB 0x000000070b400000| Untracked 
|   7|0x000000070b600000, 0x000000070b600000, 0x000000070b800000|  0%| F|  |TAMS 0x000000070b600000| PB 0x000000070b600000| Untracked 
|   8|0x000000070b800000, 0x000000070b800000, 0x000000070ba00000|  0%| F|  |TAMS 0x000000070b800000| PB 0x000000070b800000| Untracked 
|   9|0x000000070ba00000, 0x000000070ba00000, 0x000000070bc00000|  0%| F|  |TAMS 0x000000070ba00000| PB 0x000000070ba00000| Untracked 
|  10|0x000000070bc00000, 0x000000070bc00000, 0x000000070be00000|  0%| F|  |TAMS 0x000000070bc00000| PB 0x000000070bc00000| Untracked 
|  11|0x000000070be00000, 0x000000070be00000, 0x000000070c000000|  0%| F|  |TAMS 0x000000070be00000| PB 0x000000070be00000| Untracked 
|  12|0x000000070c000000, 0x000000070c000000, 0x000000070c200000|  0%| F|  |TAMS 0x000000070c000000| PB 0x000000070c000000| Untracked 
|  13|0x000000070c200000, 0x000000070c200000, 0x000000070c400000|  0%| F|  |TAMS 0x000000070c200000| PB 0x000000070c200000| Untracked 
|  14|0x000000070c400000, 0x000000070c400000, 0x000000070c600000|  0%| F|  |TAMS 0x000000070c400000| PB 0x000000070c400000| Untracked 
|  15|0x000000070c600000, 0x000000070c600000, 0x000000070c800000|  0%| F|  |TAMS 0x000000070c600000| PB 0x000000070c600000| Untracked 
|  16|0x000000070c800000, 0x000000070c800000, 0x000000070ca00000|  0%| F|  |TAMS 0x000000070c800000| PB 0x000000070c800000| Untracked 
|  17|0x000000070ca00000, 0x000000070ca00000, 0x000000070cc00000|  0%| F|  |TAMS 0x000000070ca00000| PB 0x000000070ca00000| Untracked 
|  18|0x000000070cc00000, 0x000000070cc00000, 0x000000070ce00000|  0%| F|  |TAMS 0x000000070cc00000| PB 0x000000070cc00000| Untracked 
|  19|0x000000070ce00000, 0x000000070ce00000, 0x000000070d000000|  0%| F|  |TAMS 0x000000070ce00000| PB 0x000000070ce00000| Untracked 
|  20|0x000000070d000000, 0x000000070d000000, 0x000000070d200000|  0%| F|  |TAMS 0x000000070d000000| PB 0x000000070d000000| Untracked 
|  21|0x000000070d200000, 0x000000070d200000, 0x000000070d400000|  0%| F|  |TAMS 0x000000070d200000| PB 0x000000070d200000| Untracked 
|  22|0x000000070d400000, 0x000000070d400000, 0x000000070d600000|  0%| F|  |TAMS 0x000000070d400000| PB 0x000000070d400000| Untracked 
|  23|0x000000070d600000, 0x000000070d600000, 0x000000070d800000|  0%| F|  |TAMS 0x000000070d600000| PB 0x000000070d600000| Untracked 
|  24|0x000000070d800000, 0x000000070d800000, 0x000000070da00000|  0%| F|  |TAMS 0x000000070d800000| PB 0x000000070d800000| Untracked 
|  25|0x000000070da00000, 0x000000070da00000, 0x000000070dc00000|  0%| F|  |TAMS 0x000000070da00000| PB 0x000000070da00000| Untracked 
|  26|0x000000070dc00000, 0x000000070dc00000, 0x000000070de00000|  0%| F|  |TAMS 0x000000070dc00000| PB 0x000000070dc00000| Untracked 
|  27|0x000000070de00000, 0x000000070de00000, 0x000000070e000000|  0%| F|  |TAMS 0x000000070de00000| PB 0x000000070de00000| Untracked 
|  28|0x000000070e000000, 0x000000070e000000, 0x000000070e200000|  0%| F|  |TAMS 0x000000070e000000| PB 0x000000070e000000| Untracked 
|  29|0x000000070e200000, 0x000000070e200000, 0x000000070e400000|  0%| F|  |TAMS 0x000000070e200000| PB 0x000000070e200000| Untracked 
|  30|0x000000070e400000, 0x000000070e400000, 0x000000070e600000|  0%| F|  |TAMS 0x000000070e400000| PB 0x000000070e400000| Untracked 
|  31|0x000000070e600000, 0x000000070e600000, 0x000000070e800000|  0%| F|  |TAMS 0x000000070e600000| PB 0x000000070e600000| Untracked 
|  32|0x000000070e800000, 0x000000070e800000, 0x000000070ea00000|  0%| F|  |TAMS 0x000000070e800000| PB 0x000000070e800000| Untracked 
|  33|0x000000070ea00000, 0x000000070ea00000, 0x000000070ec00000|  0%| F|  |TAMS 0x000000070ea00000| PB 0x000000070ea00000| Untracked 
|  34|0x000000070ec00000, 0x000000070ec00000, 0x000000070ee00000|  0%| F|  |TAMS 0x000000070ec00000| PB 0x000000070ec00000| Untracked 
|  35|0x000000070ee00000, 0x000000070ee00000, 0x000000070f000000|  0%| F|  |TAMS 0x000000070ee00000| PB 0x000000070ee00000| Untracked 
|  36|0x000000070f000000, 0x000000070f000000, 0x000000070f200000|  0%| F|  |TAMS 0x000000070f000000| PB 0x000000070f000000| Untracked 
|  37|0x000000070f200000, 0x000000070f200000, 0x000000070f400000|  0%| F|  |TAMS 0x000000070f200000| PB 0x000000070f200000| Untracked 
|  38|0x000000070f400000, 0x000000070f400000, 0x000000070f600000|  0%| F|  |TAMS 0x000000070f400000| PB 0x000000070f400000| Untracked 
|  39|0x000000070f600000, 0x000000070f600000, 0x000000070f800000|  0%| F|  |TAMS 0x000000070f600000| PB 0x000000070f600000| Untracked 
|  40|0x000000070f800000, 0x000000070f800000, 0x000000070fa00000|  0%| F|  |TAMS 0x000000070f800000| PB 0x000000070f800000| Untracked 
|  41|0x000000070fa00000, 0x000000070fa00000, 0x000000070fc00000|  0%| F|  |TAMS 0x000000070fa00000| PB 0x000000070fa00000| Untracked 
|  42|0x000000070fc00000, 0x000000070fc00000, 0x000000070fe00000|  0%| F|  |TAMS 0x000000070fc00000| PB 0x000000070fc00000| Untracked 
|  43|0x000000070fe00000, 0x000000070fe00000, 0x0000000710000000|  0%| F|  |TAMS 0x000000070fe00000| PB 0x000000070fe00000| Untracked 
|  44|0x0000000710000000, 0x0000000710000000, 0x0000000710200000|  0%| F|  |TAMS 0x0000000710000000| PB 0x0000000710000000| Untracked 
|  45|0x0000000710200000, 0x0000000710200000, 0x0000000710400000|  0%| F|  |TAMS 0x0000000710200000| PB 0x0000000710200000| Untracked 
|  46|0x0000000710400000, 0x0000000710400000, 0x0000000710600000|  0%| F|  |TAMS 0x0000000710400000| PB 0x0000000710400000| Untracked 
|  47|0x0000000710600000, 0x0000000710600000, 0x0000000710800000|  0%| F|  |TAMS 0x0000000710600000| PB 0x0000000710600000| Untracked 
|  48|0x0000000710800000, 0x0000000710800000, 0x0000000710a00000|  0%| F|  |TAMS 0x0000000710800000| PB 0x0000000710800000| Untracked 
|  49|0x0000000710a00000, 0x0000000710a00000, 0x0000000710c00000|  0%| F|  |TAMS 0x0000000710a00000| PB 0x0000000710a00000| Untracked 
|  50|0x0000000710c00000, 0x0000000710c00000, 0x0000000710e00000|  0%| F|  |TAMS 0x0000000710c00000| PB 0x0000000710c00000| Untracked 
|  51|0x0000000710e00000, 0x0000000710e00000, 0x0000000711000000|  0%| F|  |TAMS 0x0000000710e00000| PB 0x0000000710e00000| Untracked 
|  52|0x0000000711000000, 0x0000000711000000, 0x0000000711200000|  0%| F|  |TAMS 0x0000000711000000| PB 0x0000000711000000| Untracked 
|  53|0x0000000711200000, 0x0000000711200000, 0x0000000711400000|  0%| F|  |TAMS 0x0000000711200000| PB 0x0000000711200000| Untracked 
|  54|0x0000000711400000, 0x0000000711400000, 0x0000000711600000|  0%| F|  |TAMS 0x0000000711400000| PB 0x0000000711400000| Untracked 
|  55|0x0000000711600000, 0x0000000711600000, 0x0000000711800000|  0%| F|  |TAMS 0x0000000711600000| PB 0x0000000711600000| Untracked 
|  56|0x0000000711800000, 0x0000000711800000, 0x0000000711a00000|  0%| F|  |TAMS 0x0000000711800000| PB 0x0000000711800000| Untracked 
|  57|0x0000000711a00000, 0x0000000711a00000, 0x0000000711c00000|  0%| F|  |TAMS 0x0000000711a00000| PB 0x0000000711a00000| Untracked 
|  58|0x0000000711c00000, 0x0000000711c00000, 0x0000000711e00000|  0%| F|  |TAMS 0x0000000711c00000| PB 0x0000000711c00000| Untracked 
|  59|0x0000000711e00000, 0x0000000711e00000, 0x0000000712000000|  0%| F|  |TAMS 0x0000000711e00000| PB 0x0000000711e00000| Untracked 
|  60|0x0000000712000000, 0x0000000712000000, 0x0000000712200000|  0%| F|  |TAMS 0x0000000712000000| PB 0x0000000712000000| Untracked 
|  61|0x0000000712200000, 0x0000000712200000, 0x0000000712400000|  0%| F|  |TAMS 0x0000000712200000| PB 0x0000000712200000| Untracked 
|  62|0x0000000712400000, 0x0000000712400000, 0x0000000712600000|  0%| F|  |TAMS 0x0000000712400000| PB 0x0000000712400000| Untracked 
|  63|0x0000000712600000, 0x0000000712600000, 0x0000000712800000|  0%| F|  |TAMS 0x0000000712600000| PB 0x0000000712600000| Untracked 
|  64|0x0000000712800000, 0x0000000712800000, 0x0000000712a00000|  0%| F|  |TAMS 0x0000000712800000| PB 0x0000000712800000| Untracked 
|  65|0x0000000712a00000, 0x0000000712a00000, 0x0000000712c00000|  0%| F|  |TAMS 0x0000000712a00000| PB 0x0000000712a00000| Untracked 
|  66|0x0000000712c00000, 0x0000000712c00000, 0x0000000712e00000|  0%| F|  |TAMS 0x0000000712c00000| PB 0x0000000712c00000| Untracked 
|  67|0x0000000712e00000, 0x0000000712e00000, 0x0000000713000000|  0%| F|  |TAMS 0x0000000712e00000| PB 0x0000000712e00000| Untracked 
|  68|0x0000000713000000, 0x0000000713000000, 0x0000000713200000|  0%| F|  |TAMS 0x0000000713000000| PB 0x0000000713000000| Untracked 
|  69|0x0000000713200000, 0x0000000713200000, 0x0000000713400000|  0%| F|  |TAMS 0x0000000713200000| PB 0x0000000713200000| Untracked 
|  70|0x0000000713400000, 0x0000000713400000, 0x0000000713600000|  0%| F|  |TAMS 0x0000000713400000| PB 0x0000000713400000| Untracked 
|  71|0x0000000713600000, 0x0000000713600000, 0x0000000713800000|  0%| F|  |TAMS 0x0000000713600000| PB 0x0000000713600000| Untracked 
|  72|0x0000000713800000, 0x0000000713800000, 0x0000000713a00000|  0%| F|  |TAMS 0x0000000713800000| PB 0x0000000713800000| Untracked 
|  73|0x0000000713a00000, 0x0000000713a00000, 0x0000000713c00000|  0%| F|  |TAMS 0x0000000713a00000| PB 0x0000000713a00000| Untracked 
|  74|0x0000000713c00000, 0x0000000713c00000, 0x0000000713e00000|  0%| F|  |TAMS 0x0000000713c00000| PB 0x0000000713c00000| Untracked 
|  75|0x0000000713e00000, 0x0000000713e00000, 0x0000000714000000|  0%| F|  |TAMS 0x0000000713e00000| PB 0x0000000713e00000| Untracked 
|  76|0x0000000714000000, 0x0000000714000000, 0x0000000714200000|  0%| F|  |TAMS 0x0000000714000000| PB 0x0000000714000000| Untracked 
|  77|0x0000000714200000, 0x0000000714200000, 0x0000000714400000|  0%| F|  |TAMS 0x0000000714200000| PB 0x0000000714200000| Untracked 
|  78|0x0000000714400000, 0x0000000714400000, 0x0000000714600000|  0%| F|  |TAMS 0x0000000714400000| PB 0x0000000714400000| Untracked 
|  79|0x0000000714600000, 0x0000000714600000, 0x0000000714800000|  0%| F|  |TAMS 0x0000000714600000| PB 0x0000000714600000| Untracked 
|  80|0x0000000714800000, 0x0000000714800000, 0x0000000714a00000|  0%| F|  |TAMS 0x0000000714800000| PB 0x0000000714800000| Untracked 
|  81|0x0000000714a00000, 0x0000000714a00000, 0x0000000714c00000|  0%| F|  |TAMS 0x0000000714a00000| PB 0x0000000714a00000| Untracked 
|  82|0x0000000714c00000, 0x0000000714c00000, 0x0000000714e00000|  0%| F|  |TAMS 0x0000000714c00000| PB 0x0000000714c00000| Untracked 
|  83|0x0000000714e00000, 0x0000000714e00000, 0x0000000715000000|  0%| F|  |TAMS 0x0000000714e00000| PB 0x0000000714e00000| Untracked 
|  84|0x0000000715000000, 0x0000000715000000, 0x0000000715200000|  0%| F|  |TAMS 0x0000000715000000| PB 0x0000000715000000| Untracked 
|  85|0x0000000715200000, 0x0000000715200000, 0x0000000715400000|  0%| F|  |TAMS 0x0000000715200000| PB 0x0000000715200000| Untracked 
|  86|0x0000000715400000, 0x0000000715400000, 0x0000000715600000|  0%| F|  |TAMS 0x0000000715400000| PB 0x0000000715400000| Untracked 
|  87|0x0000000715600000, 0x0000000715600000, 0x0000000715800000|  0%| F|  |TAMS 0x0000000715600000| PB 0x0000000715600000| Untracked 
|  88|0x0000000715800000, 0x0000000715800000, 0x0000000715a00000|  0%| F|  |TAMS 0x0000000715800000| PB 0x0000000715800000| Untracked 
|  89|0x0000000715a00000, 0x0000000715a00000, 0x0000000715c00000|  0%| F|  |TAMS 0x0000000715a00000| PB 0x0000000715a00000| Untracked 
|  90|0x0000000715c00000, 0x0000000715c00000, 0x0000000715e00000|  0%| F|  |TAMS 0x0000000715c00000| PB 0x0000000715c00000| Untracked 
|  91|0x0000000715e00000, 0x0000000715e00000, 0x0000000716000000|  0%| F|  |TAMS 0x0000000715e00000| PB 0x0000000715e00000| Untracked 
|  92|0x0000000716000000, 0x0000000716000000, 0x0000000716200000|  0%| F|  |TAMS 0x0000000716000000| PB 0x0000000716000000| Untracked 
|  93|0x0000000716200000, 0x0000000716200000, 0x0000000716400000|  0%| F|  |TAMS 0x0000000716200000| PB 0x0000000716200000| Untracked 
|  94|0x0000000716400000, 0x0000000716400000, 0x0000000716600000|  0%| F|  |TAMS 0x0000000716400000| PB 0x0000000716400000| Untracked 
|  95|0x0000000716600000, 0x0000000716600000, 0x0000000716800000|  0%| F|  |TAMS 0x0000000716600000| PB 0x0000000716600000| Untracked 
|  96|0x0000000716800000, 0x0000000716800000, 0x0000000716a00000|  0%| F|  |TAMS 0x0000000716800000| PB 0x0000000716800000| Untracked 
|  97|0x0000000716a00000, 0x0000000716a00000, 0x0000000716c00000|  0%| F|  |TAMS 0x0000000716a00000| PB 0x0000000716a00000| Untracked 
|  98|0x0000000716c00000, 0x0000000716c00000, 0x0000000716e00000|  0%| F|  |TAMS 0x0000000716c00000| PB 0x0000000716c00000| Untracked 
|  99|0x0000000716e00000, 0x0000000716e00000, 0x0000000717000000|  0%| F|  |TAMS 0x0000000716e00000| PB 0x0000000716e00000| Untracked 
| 100|0x0000000717000000, 0x0000000717000000, 0x0000000717200000|  0%| F|  |TAMS 0x0000000717000000| PB 0x0000000717000000| Untracked 
| 101|0x0000000717200000, 0x0000000717200000, 0x0000000717400000|  0%| F|  |TAMS 0x0000000717200000| PB 0x0000000717200000| Untracked 
| 102|0x0000000717400000, 0x0000000717400000, 0x0000000717600000|  0%| F|  |TAMS 0x0000000717400000| PB 0x0000000717400000| Untracked 
| 103|0x0000000717600000, 0x0000000717600000, 0x0000000717800000|  0%| F|  |TAMS 0x0000000717600000| PB 0x0000000717600000| Untracked 
| 104|0x0000000717800000, 0x0000000717800000, 0x0000000717a00000|  0%| F|  |TAMS 0x0000000717800000| PB 0x0000000717800000| Untracked 
| 105|0x0000000717a00000, 0x0000000717a00000, 0x0000000717c00000|  0%| F|  |TAMS 0x0000000717a00000| PB 0x0000000717a00000| Untracked 
| 106|0x0000000717c00000, 0x0000000717c00000, 0x0000000717e00000|  0%| F|  |TAMS 0x0000000717c00000| PB 0x0000000717c00000| Untracked 
| 107|0x0000000717e00000, 0x0000000717e00000, 0x0000000718000000|  0%| F|  |TAMS 0x0000000717e00000| PB 0x0000000717e00000| Untracked 
| 108|0x0000000718000000, 0x0000000718000000, 0x0000000718200000|  0%| F|  |TAMS 0x0000000718000000| PB 0x0000000718000000| Untracked 
| 109|0x0000000718200000, 0x0000000718242150, 0x0000000718400000| 12%| S|CS|TAMS 0x0000000718200000| PB 0x0000000718200000| Complete 
| 110|0x0000000718400000, 0x0000000718400000, 0x0000000718600000|  0%| F|  |TAMS 0x0000000718400000| PB 0x0000000718400000| Untracked 
| 111|0x0000000718600000, 0x0000000718600000, 0x0000000718800000|  0%| F|  |TAMS 0x0000000718600000| PB 0x0000000718600000| Untracked 
| 112|0x0000000718800000, 0x0000000718a00000, 0x0000000718a00000|100%| S|CS|TAMS 0x0000000718800000| PB 0x0000000718800000| Complete 
| 113|0x0000000718a00000, 0x0000000718a00000, 0x0000000718c00000|  0%| F|  |TAMS 0x0000000718a00000| PB 0x0000000718a00000| Untracked 
| 114|0x0000000718c00000, 0x0000000718c00000, 0x0000000718e00000|  0%| F|  |TAMS 0x0000000718c00000| PB 0x0000000718c00000| Untracked 
| 115|0x0000000718e00000, 0x0000000718e00000, 0x0000000719000000|  0%| F|  |TAMS 0x0000000718e00000| PB 0x0000000718e00000| Untracked 
| 116|0x0000000719000000, 0x0000000719026250, 0x0000000719200000|  7%| E|  |TAMS 0x0000000719000000| PB 0x0000000719000000| Complete 
| 117|0x0000000719200000, 0x0000000719400000, 0x0000000719400000|100%| E|CS|TAMS 0x0000000719200000| PB 0x0000000719200000| Complete 
| 118|0x0000000719400000, 0x0000000719600000, 0x0000000719600000|100%| E|CS|TAMS 0x0000000719400000| PB 0x0000000719400000| Complete 
| 119|0x0000000719600000, 0x0000000719800000, 0x0000000719800000|100%| E|CS|TAMS 0x0000000719600000| PB 0x0000000719600000| Complete 
| 120|0x0000000719800000, 0x0000000719a00000, 0x0000000719a00000|100%| E|CS|TAMS 0x0000000719800000| PB 0x0000000719800000| Complete 
| 121|0x0000000719a00000, 0x0000000719c00000, 0x0000000719c00000|100%| E|CS|TAMS 0x0000000719a00000| PB 0x0000000719a00000| Complete 
| 122|0x0000000719c00000, 0x0000000719e00000, 0x0000000719e00000|100%| E|CS|TAMS 0x0000000719c00000| PB 0x0000000719c00000| Complete 

Card table byte_map: [0x000001f8aecf0000,0x000001f8af4a0000] _byte_map_base: 0x000001f8ab49c000

Marking Bits: (CMBitMap*) 0x000001f8968a7770
 Bits: [0x000001f8af4a0000, 0x000001f8b3200000)

Polling page: 0x000001f894720000

Metaspace:

Usage:
  Non-class:     12.95 MB used.
      Class:      1.76 MB used.
       Both:     14.71 MB used.

Virtual space:
  Non-class space:       64.00 MB reserved,      13.19 MB ( 21%) committed,  1 nodes.
      Class space:        1.00 GB reserved,       1.94 MB ( <1%) committed,  1 nodes.
             Both:        1.06 GB reserved,      15.12 MB (  1%) committed. 

Chunk freelists:
   Non-Class:  1.94 MB
       Class:  14.00 MB
        Both:  15.94 MB

MaxMetaspaceSize: unlimited
CompressedClassSpaceSize: 1.00 GB
Initial GC threshold: 21.00 MB
Current GC threshold: 21.00 MB
CDS: on
 - commit_granule_bytes: 65536.
 - commit_granule_words: 8192.
 - virtual_space_node_default_size: 8388608.
 - enlarge_chunks_in_place: 1.
 - use_allocation_guard: 0.


Internal statistics:

num_allocs_failed_limit: 0.
num_arena_births: 522.
num_arena_deaths: 0.
num_vsnodes_births: 2.
num_vsnodes_deaths: 0.
num_space_committed: 242.
num_space_uncommitted: 0.
num_chunks_returned_to_freelist: 0.
num_chunks_taken_from_freelist: 1011.
num_chunk_merges: 0.
num_chunk_splits: 571.
num_chunks_enlarged: 286.
num_inconsistent_stats: 0.

CodeHeap 'non-profiled nmethods': size=119168Kb used=874Kb max_used=874Kb free=118293Kb
 bounds [0x000001f8a6860000, 0x000001f8a6ad0000, 0x000001f8adcc0000]
CodeHeap 'profiled nmethods': size=119104Kb used=4905Kb max_used=4905Kb free=114199Kb
 bounds [0x000001f89ecc0000, 0x000001f89f190000, 0x000001f8a6110000]
CodeHeap 'non-nmethods': size=7488Kb used=3112Kb max_used=3140Kb free=4375Kb
 bounds [0x000001f8a6110000, 0x000001f8a6430000, 0x000001f8a6860000]
 total_blobs=3067 nmethods=2549 adapters=419
 compilation: enabled
              stopped_count=0, restarted_count=0
 full_count=0

Compilation events (20 events):
Event: 2.467 Thread 0x000001f8b63079a0 2543       3       java.lang.CharacterDataLatin1::getPropertiesEx (11 bytes)
Event: 2.467 Thread 0x000001f8b650fc30 nmethod 2541 0x000001f89f186510 code [0x000001f89f1866c0, 0x000001f89f1868b8]
Event: 2.467 Thread 0x000001f8b63079a0 nmethod 2543 0x000001f89f186990 code [0x000001f89f186b40, 0x000001f89f186c88]
Event: 2.467 Thread 0x000001f8b69e2800 nmethod 2542 0x000001f89f186d90 code [0x000001f89f186f40, 0x000001f89f187150]
Event: 2.472 Thread 0x000001f8b65124a0 2544       3       java.util.ArrayDeque::<init> (35 bytes)
Event: 2.473 Thread 0x000001f8b6bc56f0 2545       4       java.lang.ref.SoftReference::get (29 bytes)
Event: 2.473 Thread 0x000001f8b65124a0 nmethod 2544 0x000001f89f187290 code [0x000001f89f187440, 0x000001f89f1877b0]
Event: 2.473 Thread 0x000001f8b63079a0 2546       3       org.springframework.boot.context.properties.source.ConfigurationPropertyName::asSystemEnvironmentLegacyName (53 bytes)
Event: 2.474 Thread 0x000001f8b69e2800 2547       3       sun.reflect.annotation.AnnotationParser::toArray (18 bytes)
Event: 2.474 Thread 0x000001f8b69e2800 nmethod 2547 0x000001f89f187890 code [0x000001f89f187a60, 0x000001f89f187df8]
Event: 2.475 Thread 0x000001f8b6bc56f0 nmethod 2545 0x000001f8a693a290 code [0x000001f8a693a420, 0x000001f8a693a520]
Event: 2.475 Thread 0x000001f8b63079a0 nmethod 2546 0x000001f89f187f10 code [0x000001f89f188160, 0x000001f89f188a80]
Event: 2.476 Thread 0x000001f8b650fc30 2548       3       java.util.LinkedHashMap::getOrDefault (29 bytes)
Event: 2.476 Thread 0x000001f8b63079a0 2549       3       java.util.Collections$EmptyMap::values (4 bytes)
Event: 2.476 Thread 0x000001f8b69e2800 2550       3       java.util.Collections$EmptySet::toArray (11 bytes)
Event: 2.476 Thread 0x000001f8b650fc30 nmethod 2548 0x000001f89f188d10 code [0x000001f89f188ee0, 0x000001f89f1891a0]
Event: 2.476 Thread 0x000001f8b63079a0 nmethod 2549 0x000001f89f189290 code [0x000001f89f189440, 0x000001f89f1895b0]
Event: 2.476 Thread 0x000001f8b69e2800 nmethod 2550 0x000001f89f189690 code [0x000001f89f189840, 0x000001f89f189b38]
Event: 2.477 Thread 0x000001f8b69e2800 2551       3       java.util.ArrayList::elementAt (4 bytes)
Event: 2.477 Thread 0x000001f8b69e2800 nmethod 2551 0x000001f89f189c10 code [0x000001f89f189da0, 0x000001f89f189eb8]

GC Heap History (4 events):
Event: 1.038 GC heap before
{Heap before GC invocations=0 (full 0):
 garbage-first heap   total 251904K, used 20480K [0x000000070a800000, 0x0000000800000000)
  region size 2048K, 11 young (22528K), 0 survivors (0K)
 Metaspace       used 5852K, committed 6080K, reserved 1114112K
  class space    used 575K, committed 704K, reserved 1048576K
}
Event: 1.048 GC heap after
{Heap after GC invocations=1 (full 0):
 garbage-first heap   total 251904K, used 9890K [0x000000070a800000, 0x0000000800000000)
  region size 2048K, 2 young (4096K), 2 survivors (4096K)
 Metaspace       used 5852K, committed 6080K, reserved 1114112K
  class space    used 575K, committed 704K, reserved 1048576K
}
Event: 1.942 GC heap before
{Heap before GC invocations=1 (full 0):
 garbage-first heap   total 251904K, used 30370K [0x000000070a800000, 0x0000000800000000)
  region size 2048K, 12 young (24576K), 2 survivors (4096K)
 Metaspace       used 12189K, committed 12544K, reserved 1114112K
  class space    used 1382K, committed 1536K, reserved 1048576K
}
Event: 1.949 GC heap after
{Heap after GC invocations=2 (full 0):
 garbage-first heap   total 251904K, used 12515K [0x000000070a800000, 0x0000000800000000)
  region size 2048K, 2 young (4096K), 2 survivors (4096K)
 Metaspace       used 12189K, committed 12544K, reserved 1114112K
  class space    used 1382K, committed 1536K, reserved 1048576K
}

Dll operation events (11 events):
Event: 0.016 Loaded shared library C:\Program Files\Java\jdk-21\bin\java.dll
Event: 0.067 Loaded shared library C:\Program Files\Java\jdk-21\bin\jsvml.dll
Event: 0.276 Loaded shared library C:\Program Files\Java\jdk-21\bin\zip.dll
Event: 0.281 Loaded shared library C:\Program Files\Java\jdk-21\bin\instrument.dll
Event: 0.289 Loaded shared library C:\Program Files\Java\jdk-21\bin\net.dll
Event: 0.299 Loaded shared library C:\Program Files\Java\jdk-21\bin\nio.dll
Event: 0.305 Loaded shared library C:\Program Files\Java\jdk-21\bin\zip.dll
Event: 0.557 Loaded shared library C:\Program Files\Java\jdk-21\bin\jimage.dll
Event: 0.682 Loaded shared library C:\Program Files\Java\jdk-21\bin\extnet.dll
Event: 0.702 Loaded shared library C:\Program Files\Java\jdk-21\bin\management.dll
Event: 0.727 Loaded shared library C:\Program Files\Java\jdk-21\bin\management_ext.dll

Deoptimization events (20 events):
Event: 1.859 Thread 0x000001f894633180 Uncommon trap: trap_request=0xffffffde fr.pc=0x000001f8a68ef0f8 relative=0x00000000000009b8
Event: 1.859 Thread 0x000001f894633180 Uncommon trap: reason=class_check action=maybe_recompile pc=0x000001f8a68ef0f8 method=java.util.HashMap.putVal(ILjava/lang/Object;Ljava/lang/Object;ZZ)Ljava/lang/Object; @ 91 c2
Event: 1.859 Thread 0x000001f894633180 DEOPT PACKING pc=0x000001f8a68ef0f8 sp=0x000000c0d3efe090
Event: 1.859 Thread 0x000001f894633180 DEOPT UNPACKING pc=0x000001f8a61646a2 sp=0x000000c0d3efe030 mode 2
Event: 2.094 Thread 0x000001f894633180 Uncommon trap: trap_request=0xffffffc6 fr.pc=0x000001f8a68d87a0 relative=0x0000000000000340
Event: 2.094 Thread 0x000001f894633180 Uncommon trap: reason=bimorphic_or_optimized_type_check action=maybe_recompile pc=0x000001f8a68d87a0 method=java.util.concurrent.ConcurrentHashMap.get(Ljava/lang/Object;)Ljava/lang/Object; @ 149 c2
Event: 2.094 Thread 0x000001f894633180 DEOPT PACKING pc=0x000001f8a68d87a0 sp=0x000000c0d3efd850
Event: 2.094 Thread 0x000001f894633180 DEOPT UNPACKING pc=0x000001f8a61646a2 sp=0x000000c0d3efd7c0 mode 2
Event: 2.094 Thread 0x000001f894633180 Uncommon trap: trap_request=0xffffffc6 fr.pc=0x000001f8a68d87a0 relative=0x0000000000000340
Event: 2.095 Thread 0x000001f894633180 Uncommon trap: reason=bimorphic_or_optimized_type_check action=maybe_recompile pc=0x000001f8a68d87a0 method=java.util.concurrent.ConcurrentHashMap.get(Ljava/lang/Object;)Ljava/lang/Object; @ 149 c2
Event: 2.095 Thread 0x000001f894633180 DEOPT PACKING pc=0x000001f8a68d87a0 sp=0x000000c0d3efd7d0
Event: 2.095 Thread 0x000001f894633180 DEOPT UNPACKING pc=0x000001f8a61646a2 sp=0x000000c0d3efd740 mode 2
Event: 2.181 Thread 0x000001f894633180 Uncommon trap: trap_request=0xffffffc6 fr.pc=0x000001f8a68d87a0 relative=0x0000000000000340
Event: 2.181 Thread 0x000001f894633180 Uncommon trap: reason=bimorphic_or_optimized_type_check action=maybe_recompile pc=0x000001f8a68d87a0 method=java.util.concurrent.ConcurrentHashMap.get(Ljava/lang/Object;)Ljava/lang/Object; @ 149 c2
Event: 2.181 Thread 0x000001f894633180 DEOPT PACKING pc=0x000001f8a68d87a0 sp=0x000000c0d3efc990
Event: 2.181 Thread 0x000001f894633180 DEOPT UNPACKING pc=0x000001f8a61646a2 sp=0x000000c0d3efc8f0 mode 2
Event: 2.442 Thread 0x000001f894633180 Uncommon trap: trap_request=0xffffff45 fr.pc=0x000001f8a691e680 relative=0x0000000000001120
Event: 2.442 Thread 0x000001f894633180 Uncommon trap: reason=unstable_if action=reinterpret pc=0x000001f8a691e680 method=jdk.internal.org.objectweb.asm.Frame.execute(IILjdk/internal/org/objectweb/asm/Symbol;Ljdk/internal/org/objectweb/asm/SymbolTable;)V @ 1 c2
Event: 2.442 Thread 0x000001f894633180 DEOPT PACKING pc=0x000001f8a691e680 sp=0x000000c0d3efcba0
Event: 2.442 Thread 0x000001f894633180 DEOPT UNPACKING pc=0x000001f8a61646a2 sp=0x000000c0d3efcb28 mode 2

Classes loaded (20 events):
Event: 2.318 Loading class java/util/Stack
Event: 2.319 Loading class java/util/Stack done
Event: 2.319 Loading class java/util/Vector$Itr
Event: 2.319 Loading class java/util/Vector$Itr done
Event: 2.423 Loading class java/lang/Byte$ByteCache
Event: 2.423 Loading class java/lang/Byte$ByteCache done
Event: 2.423 Loading class java/lang/Short$ShortCache
Event: 2.423 Loading class java/lang/Short$ShortCache done
Event: 2.459 Loading class java/beans/Introspector
Event: 2.464 Loading class java/beans/Introspector done
Event: 2.465 Loading class java/beans/EventSetDescriptor
Event: 2.465 Loading class java/beans/FeatureDescriptor
Event: 2.465 Loading class java/beans/FeatureDescriptor done
Event: 2.465 Loading class java/beans/EventSetDescriptor done
Event: 2.465 Loading class java/beans/Introspector$1
Event: 2.465 Loading class jdk/internal/access/JavaBeansAccess
Event: 2.465 Loading class jdk/internal/access/JavaBeansAccess done
Event: 2.465 Loading class java/beans/Introspector$1 done
Event: 2.474 Loading class java/util/AbstractList$ListItr
Event: 2.475 Loading class java/util/AbstractList$ListItr done

Classes unloaded (0 events):
No events

Classes redefined (0 events):
No events

Internal exceptions (20 events):
Event: 2.071 Thread 0x000001f894633180 Exception <a 'java/lang/NoSuchMethodError'{0x0000000719b1bb28}: 'int java.lang.invoke.DirectMethodHandle$Holder.invokeStaticInit(java.lang.Object, int, int)'> (0x0000000719b1bb28) 
thrown [s\open\src\hotspot\share\interpreter\linkResolver.cpp, line 773]
Event: 2.072 Thread 0x000001f894633180 Exception <a 'java/lang/NoSuchMethodError'{0x0000000719b22e10}: 'int java.lang.invoke.DirectMethodHandle$Holder.invokeStaticInit(java.lang.Object, long, long)'> (0x0000000719b22e10) 
thrown [s\open\src\hotspot\share\interpreter\linkResolver.cpp, line 773]
Event: 2.072 Thread 0x000001f894633180 Exception <a 'java/lang/NoSuchMethodError'{0x0000000719b29748}: 'int java.lang.invoke.DirectMethodHandle$Holder.invokeStaticInit(java.lang.Object, float, float)'> (0x0000000719b29748) 
thrown [s\open\src\hotspot\share\interpreter\linkResolver.cpp, line 773]
Event: 2.073 Thread 0x000001f894633180 Exception <a 'java/lang/NoSuchMethodError'{0x0000000719b30078}: 'int java.lang.invoke.DirectMethodHandle$Holder.invokeStaticInit(java.lang.Object, double, double)'> (0x0000000719b30078) 
thrown [s\open\src\hotspot\share\interpreter\linkResolver.cpp, line 773]
Event: 2.073 Thread 0x000001f894633180 Exception <a 'java/lang/NoSuchMethodError'{0x0000000719b34310}: 'int java.lang.invoke.DirectMethodHandle$Holder.invokeStatic(java.lang.Object, long)'> (0x0000000719b34310) 
thrown [s\open\src\hotspot\share\interpreter\linkResolver.cpp, line 773]
Event: 2.080 Thread 0x000001f894633180 Exception <a 'java/lang/NoSuchMethodError'{0x0000000719b55360}: 'int java.lang.invoke.Invokers$Holder.linkToTargetMethod(java.lang.Object, java.lang.Object)'> (0x0000000719b55360) 
thrown [s\open\src\hotspot\share\interpreter\linkResolver.cpp, line 773]
Event: 2.109 Thread 0x000001f894633180 Exception <a 'java/lang/NoSuchMethodError'{0x0000000719bcd9e0}: 'java.lang.Object java.lang.invoke.DirectMethodHandle$Holder.invokeSpecial(java.lang.Object, java.lang.Object, java.lang.Object, int, java.lang.Object)'> (0x0000000719bcd9e0) 
thrown [s\open\src\hotspot\share\interpreter\linkResolver.cpp, line 773]
Event: 2.110 Thread 0x000001f894633180 Exception <a 'java/lang/NoSuchMethodError'{0x0000000719bd51f8}: 'java.lang.Object java.lang.invoke.DirectMethodHandle$Holder.newInvokeSpecial(java.lang.Object, java.lang.Object, java.lang.Object, int, java.lang.Object)'> (0x0000000719bd51f8) 
thrown [s\open\src\hotspot\share\interpreter\linkResolver.cpp, line 773]
Event: 2.111 Thread 0x000001f894633180 Exception <a 'java/lang/NoSuchMethodError'{0x0000000719bdca88}: 'java.lang.Object java.lang.invoke.Invokers$Holder.linkToTargetMethod(java.lang.Object, java.lang.Object, int, java.lang.Object, java.lang.Object)'> (0x0000000719bdca88) 
thrown [s\open\src\hotspot\share\interpreter\linkResolver.cpp, line 773]
Event: 2.113 Thread 0x000001f894633180 Exception <a 'java/lang/NoSuchMethodError'{0x0000000719beb0d0}: 'java.lang.Object java.lang.invoke.DirectMethodHandle$Holder.newInvokeSpecial(java.lang.Object, int, java.lang.Object)'> (0x0000000719beb0d0) 
thrown [s\open\src\hotspot\share\interpreter\linkResolver.cpp, line 773]
Event: 2.113 Thread 0x000001f894633180 Exception <a 'java/lang/NoSuchMethodError'{0x0000000719beee20}: 'int java.lang.invoke.DirectMethodHandle$Holder.invokeSpecialIFC(java.lang.Object, java.lang.Object, java.lang.Object, java.lang.Object)'> (0x0000000719beee20) 
thrown [s\open\src\hotspot\share\interpreter\linkResolver.cpp, line 773]
Event: 2.186 Thread 0x000001f894633180 Exception <a 'java/lang/NoSuchMethodError'{0x0000000719951630}: 'void java.lang.invoke.DirectMethodHandle$Holder.invokeInterface(java.lang.Object, java.lang.Object, java.lang.Object)'> (0x0000000719951630) 
thrown [s\open\src\hotspot\share\interpreter\linkResolver.cpp, line 773]
Event: 2.221 Thread 0x000001f894633180 Exception <a 'java/lang/NoSuchMethodError'{0x00000007199e0f60}: 'void java.lang.invoke.DirectMethodHandle$Holder.invokeStaticInit(java.lang.Object, java.lang.Object, java.lang.Object)'> (0x00000007199e0f60) 
thrown [s\open\src\hotspot\share\interpreter\linkResolver.cpp, line 773]
Event: 2.229 Thread 0x000001f894633180 Exception <a 'java/lang/NoSuchMethodError'{0x0000000719620e40}: 'java.lang.Object java.lang.invoke.DirectMethodHandle$Holder.invokeVirtual(java.lang.Object, java.lang.Object, java.lang.Object)'> (0x0000000719620e40) 
thrown [s\open\src\hotspot\share\interpreter\linkResolver.cpp, line 773]
Event: 2.232 Thread 0x000001f894633180 Exception <a 'java/lang/NoSuchMethodError'{0x0000000719635750}: 'java.lang.Object java.lang.invoke.DirectMethodHandle$Holder.invokeStaticInit(java.lang.Object, int)'> (0x0000000719635750) 
thrown [s\open\src\hotspot\share\interpreter\linkResolver.cpp, line 773]
Event: 2.234 Thread 0x000001f894633180 Exception <a 'java/lang/NoSuchMethodError'{0x000000071963f770}: 'java.lang.Object java.lang.invoke.DirectMethodHandle$Holder.invokeStaticInit(java.lang.Object, int, java.lang.Object)'> (0x000000071963f770) 
thrown [s\open\src\hotspot\share\interpreter\linkResolver.cpp, line 773]
Event: 2.266 Thread 0x000001f894633180 Exception <a 'java/lang/NoSuchMethodError'{0x00000007196c9f40}: 'void java.lang.invoke.DirectMethodHandle$Holder.invokeVirtual(java.lang.Object, java.lang.Object, java.lang.Object, java.lang.Object)'> (0x00000007196c9f40) 
thrown [s\open\src\hotspot\share\interpreter\linkResolver.cpp, line 773]
Event: 2.441 Thread 0x000001f894633180 Exception <a 'java/lang/NoSuchMethodError'{0x000000071956b0a8}: 'java.lang.Object java.lang.invoke.Invokers$Holder.invoke_MT(java.lang.Object, java.lang.Object, java.lang.Object, java.lang.Object, java.lang.Object, java.lang.Object, java.lang.Object, java.lang.Object, java.lang.Object)'> (0x000000071956b0a8) 
thrown [s\open\src\hotspot\share\interpreter\linkResolver.cpp, line 773]
Event: 2.450 Thread 0x000001f894633180 Exception <a 'java/lang/NoSuchMethodError'{0x0000000719598c98}: 'java.lang.reflect.Field[] java.lang.Class.getDeclaredFields(java.lang.Class)'> (0x0000000719598c98) 
thrown [s\open\src\hotspot\share\interpreter\linkResolver.cpp, line 773]
Event: 2.479 Thread 0x000001f894633180 Exception <a 'java/lang/IncompatibleClassChangeError'{0x000000071926e390}: Found class java.lang.Object, but interface was expected> (0x000000071926e390) 
thrown [s\open\src\hotspot\share\interpreter\linkResolver.cpp, line 840]

ZGC Phase Switch (0 events):
No events

VM Operations (20 events):
Event: 0.980 Executing VM operation: HandshakeAllThreads (Deoptimize)
Event: 0.980 Executing VM operation: HandshakeAllThreads (Deoptimize) done
Event: 1.038 Executing VM operation: G1CollectForAllocation (G1 Evacuation Pause)
Event: 1.048 Executing VM operation: G1CollectForAllocation (G1 Evacuation Pause) done
Event: 1.216 Executing VM operation: HandshakeAllThreads (Deoptimize)
Event: 1.216 Executing VM operation: HandshakeAllThreads (Deoptimize) done
Event: 1.367 Executing VM operation: HandshakeAllThreads (Deoptimize)
Event: 1.367 Executing VM operation: HandshakeAllThreads (Deoptimize) done
Event: 1.569 Executing VM operation: HandshakeAllThreads (Deoptimize)
Event: 1.569 Executing VM operation: HandshakeAllThreads (Deoptimize) done
Event: 1.942 Executing VM operation: G1CollectForAllocation (G1 Evacuation Pause)
Event: 1.949 Executing VM operation: G1CollectForAllocation (G1 Evacuation Pause) done
Event: 2.405 Executing VM operation: HandshakeAllThreads (Deoptimize)
Event: 2.405 Executing VM operation: HandshakeAllThreads (Deoptimize) done
Event: 2.411 Executing VM operation: HandshakeAllThreads (Deoptimize)
Event: 2.411 Executing VM operation: HandshakeAllThreads (Deoptimize) done
Event: 2.412 Executing VM operation: HandshakeAllThreads (Deoptimize)
Event: 2.412 Executing VM operation: HandshakeAllThreads (Deoptimize) done
Event: 2.431 Executing VM operation: ICBufferFull
Event: 2.432 Executing VM operation: ICBufferFull done

Events (20 events):
Event: 0.064 Thread 0x000001f8b63079a0 Thread added: 0x000001f8b63079a0
Event: 0.242 Thread 0x000001f8b63021a0 Thread added: 0x000001f8b63021a0
Event: 0.253 Thread 0x000001f8b650fc30 Thread added: 0x000001f8b650fc30
Event: 0.255 Thread 0x000001f8b65124a0 Thread added: 0x000001f8b65124a0
Event: 0.371 Thread 0x000001f8b667c090 Thread added: 0x000001f8b667c090
Event: 0.536 Thread 0x000001f8b69e2800 Thread added: 0x000001f8b69e2800
Event: 0.587 Thread 0x000001f8b6bc56f0 Thread added: 0x000001f8b6bc56f0
Event: 0.662 Thread 0x000001f8b6301b10 Thread added: 0x000001f8b6301b10
Event: 0.662 Thread 0x000001f8b6302830 Thread added: 0x000001f8b6302830
Event: 1.050 Thread 0x000001f8fc5bda40 Thread added: 0x000001f8fc5bda40
Event: 1.052 Thread 0x000001f8fc8fc4f0 Thread added: 0x000001f8fc8fc4f0
Event: 1.091 Thread 0x000001f8b6d83bd0 Thread added: 0x000001f8b6d83bd0
Event: 1.104 Thread 0x000001f8fc56a690 Thread added: 0x000001f8fc56a690
Event: 1.396 Thread 0x000001f8b6302ec0 Thread added: 0x000001f8b6302ec0
Event: 1.491 Thread 0x000001f8b6303550 Thread added: 0x000001f8b6303550
Event: 1.539 Thread 0x000001f8fc56a690 Thread exited: 0x000001f8fc56a690
Event: 1.546 Thread 0x000001f8b6300760 Thread added: 0x000001f8b6300760
Event: 1.565 Thread 0x000001f8b63000d0 Thread added: 0x000001f8b63000d0
Event: 1.714 Thread 0x000001f8b6d83bd0 Thread exited: 0x000001f8b6d83bd0
Event: 2.437 Thread 0x000001f8fd1ab400 Thread added: 0x000001f8fd1ab400


Dynamic libraries:
0x00007ff739d00000 - 0x00007ff739d10000 	C:\Program Files\Java\jdk-21\bin\java.exe
0x00007ff8c59e0000 - 0x00007ff8c5c48000 	C:\WINDOWS\SYSTEM32\ntdll.dll
0x00007ff8c4630000 - 0x00007ff8c46f9000 	C:\WINDOWS\System32\KERNEL32.DLL
0x00007ff8c2720000 - 0x00007ff8c2b11000 	C:\WINDOWS\System32\KERNELBASE.dll
0x00007ff8c2460000 - 0x00007ff8c25ab000 	C:\WINDOWS\System32\ucrtbase.dll
0x00007ff8bcfd0000 - 0x00007ff8bcfeb000 	C:\Program Files\Java\jdk-21\bin\VCRUNTIME140.dll
0x00007ff8bad00000 - 0x00007ff8bad19000 	C:\Program Files\Java\jdk-21\bin\jli.dll
0x00007ff8c43f0000 - 0x00007ff8c44a4000 	C:\WINDOWS\System32\ADVAPI32.dll
0x00007ff8c3780000 - 0x00007ff8c3829000 	C:\WINDOWS\System32\msvcrt.dll
0x00007ff8c4700000 - 0x00007ff8c47a6000 	C:\WINDOWS\System32\sechost.dll
0x00007ff8c4b60000 - 0x00007ff8c4c78000 	C:\WINDOWS\System32\RPCRT4.dll
0x00007ff8c4220000 - 0x00007ff8c43e6000 	C:\WINDOWS\System32\USER32.dll
0x00007ff8c2430000 - 0x00007ff8c2457000 	C:\WINDOWS\System32\win32u.dll
0x00007ff8ac040000 - 0x00007ff8ac2d3000 	C:\WINDOWS\WinSxS\amd64_microsoft.windows.common-controls_6595b64144ccf1df_6.0.26100.7824_none_3e0870b2e3345462\COMCTL32.dll
0x00007ff8c4520000 - 0x00007ff8c454b000 	C:\WINDOWS\System32\GDI32.dll
0x00007ff8c2bb0000 - 0x00007ff8c2cdb000 	C:\WINDOWS\System32\gdi32full.dll
0x00007ff8c3550000 - 0x00007ff8c35f3000 	C:\WINDOWS\System32\msvcp_win.dll
0x00007ff8bb100000 - 0x00007ff8bb10b000 	C:\WINDOWS\SYSTEM32\VERSION.dll
0x00007ff8c5200000 - 0x00007ff8c5231000 	C:\WINDOWS\System32\IMM32.DLL
0x00007ff8bf8c0000 - 0x00007ff8bf8cc000 	C:\Program Files\Java\jdk-21\bin\vcruntime140_1.dll
0x00007ff8a18f0000 - 0x00007ff8a197e000 	C:\Program Files\Java\jdk-21\bin\msvcp140.dll
0x00007ff83c6d0000 - 0x00007ff83d3ed000 	C:\Program Files\Java\jdk-21\bin\server\jvm.dll
0x00007ff8c4000000 - 0x00007ff8c4074000 	C:\WINDOWS\System32\WS2_32.dll
0x00007ff8c2120000 - 0x00007ff8c217e000 	C:\WINDOWS\SYSTEM32\POWRPROF.dll
0x00007ff8bb0c0000 - 0x00007ff8bb0f5000 	C:\WINDOWS\SYSTEM32\WINMM.dll
0x00007ff8c2100000 - 0x00007ff8c2114000 	C:\WINDOWS\SYSTEM32\UMPDC.dll
0x00007ff8c1060000 - 0x00007ff8c107b000 	C:\WINDOWS\SYSTEM32\kernel.appcore.dll
0x00007ff8bdab0000 - 0x00007ff8bdaba000 	C:\Program Files\Java\jdk-21\bin\jimage.dll
0x00007ff8b7110000 - 0x00007ff8b7352000 	C:\WINDOWS\SYSTEM32\DBGHELP.DLL
0x00007ff8c4c90000 - 0x00007ff8c5016000 	C:\WINDOWS\System32\combase.dll
0x00007ff8c49a0000 - 0x00007ff8c4a77000 	C:\WINDOWS\System32\OLEAUT32.dll
0x00007ff8ab730000 - 0x00007ff8ab76b000 	C:\WINDOWS\SYSTEM32\dbgcore.DLL
0x00007ff8c2380000 - 0x00007ff8c2425000 	C:\WINDOWS\System32\bcryptPrimitives.dll
0x00007ff8bb670000 - 0x00007ff8bb67f000 	C:\Program Files\Java\jdk-21\bin\instrument.dll
0x00007ff8b8120000 - 0x00007ff8b813f000 	C:\Program Files\Java\jdk-21\bin\java.dll
0x00007ff8c3850000 - 0x00007ff8c3fa2000 	C:\WINDOWS\System32\SHELL32.dll
0x00007ff8c25b0000 - 0x00007ff8c271a000 	C:\WINDOWS\System32\wintypes.dll
0x00007ff8c2ce0000 - 0x00007ff8c3543000 	C:\WINDOWS\System32\windows.storage.dll
0x00007ff8c5700000 - 0x00007ff8c57f6000 	C:\WINDOWS\System32\SHCORE.dll
0x00007ff8c44b0000 - 0x00007ff8c4517000 	C:\WINDOWS\System32\shlwapi.dll
0x00007ff8c21e0000 - 0x00007ff8c2209000 	C:\WINDOWS\SYSTEM32\profapi.dll
0x00007ff8a1730000 - 0x00007ff8a1807000 	C:\Program Files\Java\jdk-21\bin\jsvml.dll
0x00007ff8b7d90000 - 0x00007ff8b7da8000 	C:\Program Files\Java\jdk-21\bin\zip.dll
0x00007ff8baf40000 - 0x00007ff8baf50000 	C:\Program Files\Java\jdk-21\bin\net.dll
0x00007ff8bb860000 - 0x00007ff8bb987000 	C:\WINDOWS\SYSTEM32\WINHTTP.dll
0x00007ff882fb0000 - 0x00007ff882fd0000 	C:\WINDOWS\system32\PrxerDrv.dll
0x00007ff8c15d0000 - 0x00007ff8c163b000 	C:\WINDOWS\system32\mswsock.dll
0x00007ff8b7e80000 - 0x00007ff8b7e96000 	C:\Program Files\Java\jdk-21\bin\nio.dll
0x00007ff8a3ed0000 - 0x00007ff8a3eeb000 	C:\WINDOWS\system32\PrxerNsp.dll
0x00007ff8c0af0000 - 0x00007ff8c0c1c000 	C:\WINDOWS\SYSTEM32\DNSAPI.dll
0x00007ff8c0a60000 - 0x00007ff8c0a94000 	C:\WINDOWS\SYSTEM32\IPHLPAPI.DLL
0x00007ff8c3830000 - 0x00007ff8c383a000 	C:\WINDOWS\System32\NSI.dll
0x00007ff8bacf0000 - 0x00007ff8bacf9000 	C:\Program Files\Java\jdk-21\bin\extnet.dll
0x00007ff8bb110000 - 0x00007ff8bb11b000 	C:\Windows\System32\rasadhlp.dll
0x00007ff8bd4d0000 - 0x00007ff8bd556000 	C:\WINDOWS\System32\fwpuclnt.dll
0x00007ff8b67b0000 - 0x00007ff8b67ba000 	C:\Program Files\Java\jdk-21\bin\management.dll
0x00007ff8b67a0000 - 0x00007ff8b67ab000 	C:\Program Files\Java\jdk-21\bin\management_ext.dll
0x00007ff8c4210000 - 0x00007ff8c4218000 	C:\WINDOWS\System32\PSAPI.DLL
0x00007ff8c18b0000 - 0x00007ff8c18cb000 	C:\WINDOWS\SYSTEM32\CRYPTSP.dll
0x00007ff8c0fc0000 - 0x00007ff8c0ff9000 	C:\WINDOWS\system32\rsaenh.dll
0x00007ff8c1680000 - 0x00007ff8c16ab000 	C:\WINDOWS\SYSTEM32\USERENV.dll
0x00007ff8c21b0000 - 0x00007ff8c21da000 	C:\WINDOWS\SYSTEM32\bcrypt.dll
0x00007ff8c18a0000 - 0x00007ff8c18ac000 	C:\WINDOWS\SYSTEM32\CRYPTBASE.dll
0x00007ff8a3eb0000 - 0x00007ff8a3ec8000 	C:\WINDOWS\system32\napinsp.dll
0x00007ff8a3190000 - 0x00007ff8a31a2000 	C:\WINDOWS\System32\winrnr.dll
0x00007ff8a3160000 - 0x00007ff8a3182000 	C:\WINDOWS\system32\nlansp_c.dll
0x00007ff8a3140000 - 0x00007ff8a3156000 	C:\WINDOWS\system32\wshbth.dll
0x00007ff8ab8c0000 - 0x00007ff8ab916000 	C:\WINDOWS\SYSTEM32\pdh.dll
0x00007ff8bdac0000 - 0x00007ff8bdad2000 	C:\WINDOWS\System32\perfproc.dll
0x00007ff89fe40000 - 0x00007ff89fe51000 	C:\WINDOWS\System32\perfos.dll
0x00007ff8c0730000 - 0x00007ff8c0742000 	C:\WINDOWS\SYSTEM32\pfclient.dll

dbghelp: loaded successfully - version: 4.0.5 - missing functions: none
symbol engine: initialized successfully - sym options: 0x614 - pdb path: .;C:\Program Files\Java\jdk-21\bin;C:\WINDOWS\SYSTEM32;C:\WINDOWS\WinSxS\amd64_microsoft.windows.common-controls_6595b64144ccf1df_6.0.26100.7824_none_3e0870b2e3345462;C:\Program Files\Java\jdk-21\bin\server

VM Arguments:
jvm_args: -javaagent:C:\Program Files\JetBrains\IntelliJ IDEA 2025.2.1\lib\idea_rt.jar=11067 -Dfile.encoding=UTF-8 -Dsun.stdout.encoding=UTF-8 -Dsun.stderr.encoding=UTF-8 
java_command: com.stemlink.skillmentor.SkillmentorApplication
java_class_path (initial): D:\STEM Link\final\skill-mentor-backend-service\target\classes;C:\Users\USER\.m2\repository\org\springframework\boot\spring-boot-starter-webmvc\4.0.0\spring-boot-starter-webmvc-4.0.0.jar;C:\Users\USER\.m2\repository\org\springframework\boot\spring-boot-starter\4.0.0\spring-boot-starter-4.0.0.jar;C:\Users\USER\.m2\repository\org\springframework\boot\spring-boot-starter-logging\4.0.0\spring-boot-starter-logging-4.0.0.jar;C:\Users\USER\.m2\repository\ch\qos\logback\logback-classic\1.5.21\logback-classic-1.5.21.jar;C:\Users\USER\.m2\repository\ch\qos\logback\logback-core\1.5.21\logback-core-1.5.21.jar;C:\Users\USER\.m2\repository\org\apache\logging\log4j\log4j-to-slf4j\2.25.2\log4j-to-slf4j-2.25.2.jar;C:\Users\USER\.m2\repository\org\apache\logging\log4j\log4j-api\2.25.2\log4j-api-2.25.2.jar;C:\Users\USER\.m2\repository\org\slf4j\jul-to-slf4j\2.0.17\jul-to-slf4j-2.0.17.jar;C:\Users\USER\.m2\repository\org\springframework\boot\spring-boot-autoconfigure\4.0.0\spring-boot-autoconfigure-4.0.0.jar;C:\Users\USER\.m2\repository\jakarta\annotation\jakarta.annotation-api\3.0.0\jakarta.annotation-api-3.0.0.jar;C:\Users\USER\.m2\repository\org\yaml\snakeyaml\2.5\snakeyaml-2.5.jar;C:\Users\USER\.m2\repository\org\springframework\boot\spring-boot-starter-jackson\4.0.0\spring-boot-starter-jackson-4.0.0.jar;C:\Users\USER\.m2\repository\org\springframework\boot\spring-boot-jackson\4.0.0\spring-boot-jackson-4.0.0.jar;C:\Users\USER\.m2\repository\tools\jackson\core\jackson-databind\3.0.2\jackson-databind-3.0.2.jar;C:\Users\USER\.m2\repository\tools\jackson\core\jackson-core\3.0.2\jackson-core-3.0.2.jar;C:\Users\USER\.m2\repository\org\springframework\boot\spring-boot-starter-tomcat\4.0.0\spring-boot-starter-tomcat-4.0.0.jar;C:\Users\USER\.m2\repository\org\springframework\boot\spring-boot-starter-tomcat-runtime\4.0.0\spring-boot-starter-tomcat-runtime-4.0.0.jar;C:\Users\USER\.m2\repository\org\apache\tomcat\embed\tomcat-embed-core\11.0.14\tomcat-embed-core-11.0.14.jar;C:\Users\USER\.m2\repository\org\apache\tomcat\embed\tomcat-embed-websocket\11.0.14\tomcat-embed-websocket-11.0.14.jar;C:\Users\USER\.m2\repository\org\springframework\boot\spring-boot-tomcat\4.0.0\spring-boot-tomcat-4.0.0.jar;C:\Users\USER\.m2\repository\org\springframework\boot\spring-boot-http-converter\4.0.0\spring-boot-http-converter-4.0.0.jar;C:\Users\USER\.m2\repository\org\springframework\boot\spring-boot\4.0.0\spring-boot-4.0.0.jar;C:\Users\USER\.m2\repository\org\springframework\spring-context\7.0.1\spring-context-7.0.1.jar;C:\Users\USER\.m2\repository\org\springframework\spring-web\7.0.1\spring-web-7.0.1.jar;C:\Users\USER\.m2\repository\io\micrometer\micrometer-observation\1.16.0\micrometer-observation-1.16.0.jar;C:\Users\USER\.m2\repository\io\micrometer\micrometer-commons\1.16.0\micrometer-commons-1.16.0.jar;C:\Users\USER\.m2\repository\org\springframework\boot\spring-boot-webmvc\4.0.0\spring-boot-webmvc-4.0.0.jar;C:\Users\USER\.m2\repository\org\springframework\boot\spring-boot-servlet\4.0.0\spring-boot-servlet-4.0.0.jar;C:\Users\USER\.m2\repository\org\springframework\spring-webmvc\7.0.1\spring-webmvc-7.0.1.jar;C:\Users\USER\.m2\repository\org\springframework\spring-expression\7.0.1\spring-expression-7.0.1.jar;C:\Users\USER\.m2\repository\org\projectlombok\lombok\1.18.42\lombok-1.18.42.jar;C:\Users\USER\.m2\repository\org\springframework\boot\spring-boot-web-server\4.0.0\spring-boot-web-server-4.0.0.jar;C:\Users\USER\.m2\repository\org\modelmapper\modelmapper\3.2.4\modelmapper-3.2.4.jar;C:\Users\USER\.m2\repository\jakarta\validation\jakarta.validation-api\3.1.1\jakarta.validation-api-3.1.1.jar;C:\Users\USER\.m2\repository\org\springframework\boot\spring-boot-starter-validation\4.0.0\spring-boot-starter-validation-4.0.0.jar;C:\Users\USER\.m2\repository\org\springframework\boot\spring-boot-validation\4.0.0\spring-boot-validation-4.0.0.jar;C:\Users\USER\.m2\repository\org\apache\tomcat\embed\tomcat-embed-el\11.0.14\tomcat-embed-el-11.0.14.jar;C:\Users\USER\.m2\repository\org\hibernate\validator\hibernate-validator\9.0.1.Final\hibernate-validator-9.0.1.Final.jar;C:\Users\USER\.m2\repository\org\jboss\logging\jboss-logging\3.6.1.Final\jboss-logging-3.6.1.Final.jar;C:\Users\USER\.m2\repository\com\fasterxml\classmate\1.7.1\classmate-1.7.1.jar;C:\Users\USER\.m2\repository\org\springframework\boot\spring-boot-starter-data-jpa\4.0.0\spring-boot-starter-data-jpa-4.0.0.jar;C:\Users\USER\.m2\repository\org\springframework\boot\spring-boot-starter-jdbc\4.0.0\spring-boot-starter-jdbc-4.0.0.jar;C:\Users\USER\.m2\repository\com\zaxxer\HikariCP\7.0.2\HikariCP-7.0.2.jar;C:\Users\USER\.m2\repository\org\springframework\boot\spring-boot-data-jpa\4.0.0\spring-boot-data-jpa-4.0.0.jar;C:\Users\USER\.m2\repository\org\springframework\boot\spring-boot-data-commons\4.0.0\spring-boot-data-commons-4.0.0.jar;C:\Users\USER\.m2\repository\org\springframework\boot\spring-boot-persistence\4.0.0\spring-boot-persistence-4.0.0.jar;C:\Users\USER\.m2\repository\org\springframework\data\spring-data-commons\4.0.0\spring-data-commons-4.0.0.jar;C:\Users\USER\.m2\repository\org\springframework\boot\spring-boot-hibernate\4.0.0\spring-boot-hibernate-4.0.0.jar;C:\Users\USER\.m2\repository\org\springframework\boot\spring-boot-jpa\4.0.0\spring-boot-jpa-4.0.0.jar;C:\Users\USER\.m2\repository\jakarta\persistence\jakarta.persistence-api\3.2.0\jakarta.persistence-api-3.2.0.jar;C:\Users\USER\.m2\repository\org\hibernate\orm\hibernate-core\7.1.8.Final\hibernate-core-7.1.8.Final.jar;C:\Users\USER\.m2\repository\jakarta\transaction\jakarta.transaction-api\2.0.1\jakarta.transaction-api-2.0.1.jar;C:\Users\USER\.m2\repository\org\hibernate\models\hibernate-models\1.0.1\hibernate-models-1.0.1.jar;C:\Users\USER\.m2\repository\org\glassfish\jaxb\jaxb-runtime\4.0.6\jaxb-runtime-4.0.6.jar;C:\Users\USER\.m2\repository\org\glassfish\jaxb\jaxb-core\4.0.6\jaxb-core-4.0.6.jar;C:\Users\USER\.m2\repository\org\eclipse\angus\angus-activation\2.0.3\angus-activation-2.0.3.jar;C:\Users\USER\.m2\repository\org\glassfish\jaxb\txw2\4.0.6\txw2-4.0.6.jar;C:\Users\USER\.m2\repository\com\sun\istack\istack-commons-runtime\4.1.2\istack-commons-runtime-4.1.2.jar;C:\Users\USER\.m2\repository\jakarta\inject\jakarta.inject-api\2.0.1\jakarta.inject-api-2.0.1.jar;C:\Users\USER\.m2\repository\org\springframework\spring-orm\7.0.1\spring-orm-7.0.1.jar;C:\Users\USER\.m2\repository\org\springframework\data\spring-data-jpa\4.0.0\spring-data-jpa-4.0.0.jar;C:\Users\USER\.m2\repository\org\springframework\spring-tx\7.0.1\spring-tx-7.0.1.jar;C:\Users\USER\.m2\repository\org\antlr\antlr4-runtime\4.13.2\antlr4-runtime-4.13.2.jar;C:\Users\USER\.m2\repository\org\springframework\spring-aspects\7.0.1\spring-aspects-7.0.1.jar;C:\Users\USER\.m2\repository\org\aspectj\aspectjweaver\1.9.25\aspectjweaver-1.9.25.jar;C:\Users\USER\.m2\repository\org\springframework\boot\spring-boot-jdbc\4.0.0\spring-boot-jdbc-4.0.0.jar;C:\Users\USER\.m2\repository\org\springframework\boot\spring-boot-sql\4.0.0\spring-boot-sql-4.0.0.jar;C:\Users\USER\.m2\repository\org\springframework\boot\spring-boot-transaction\4.0.0\spring-boot-transaction-4.0.0.jar;C:\Users\USER\.m2\repository\org\springframework\spring-jdbc\7.0.1\spring-jdbc-7.0.1.jar;C:\Users\USER\.m2\repository\org\postgresql\postgresql\42.7.8\postgresql-42.7.8.jar;C:\Users\USER\.m2\repository\org\checkerframework\checker-qual\3.49.5\checker-qual-3.49.5.jar;C:\Users\USER\.m2\repository\org\springframework\boot\spring-boot-starter-security\4.0.0\spring-boot-starter-security-4.0.0.jar;C:\Users\USER\.m2\repository\org\springframework\boot\spring-boot-security\4.0.0\spring-boot-security-4.0.0.jar;C:\Users\USER\.m2\repository\org\springframework\security\spring-security-config\7.0.0\spring-security-config-7.0.0.jar;C:\Users\USER\.m2\repository\org\springframework\security\spring-security-core\7.0.0\spring-security-core-7.0.0.jar;C:\Users\USER\.m2\repository\org\springframework\security\spring-security-crypto\7.0.0\spring-security-crypto-7.0.0.jar;C:\Users\USER\.m2\repository\org\springframework\security\spring-security-web\7.0.0\spring-security-web-7.0.0.jar;C:\Users\USER\.m2\repository\org\springframework\spring-aop\7.0.1\spring-aop-7.0.1.jar;C:\Users\USER\.m2\repository\org\springframework\spring-beans\7.0.1\spring-beans-7.0.1.jar;C:\Users\USER\.m2\repository\io\jsonwebtoken\jjwt-api\0.12.3\jjwt-api-0.12.3.jar;C:\Users\USER\.m2\repository\io\jsonwebtoken\jjwt-impl\0.12.3\jjwt-impl-0.12.3.jar;C:\Users\USER\.m2\repository\io\jsonwebtoken\jjwt-jackson\0.12.3\jjwt-jackson-0.12.3.jar;C:\Users\USER\.m2\repository\com\auth0\java-jwt\4.4.0\java-jwt-4.4.0.jar;C:\Users\USER\.m2\repository\com\auth0\jwks-rsa\0.22.1\jwks-rsa-0.22.1.jar;C:\Users\USER\.m2\repository\com\google\guava\guava\32.1.1-jre\guava-32.1.1-jre.jar;C:\Users\USER\.m2\repository\com\google\guava\failureaccess\1.0.1\failureaccess-1.0.1.jar;C:\Users\USER\.m2\repository\com\google\guava\listenablefuture\9999.0-empty-to-avoid-conflict-with-guava\listenablefuture-9999.0-empty-to-avoid-conflict-with-guava.jar;C:\Users\USER\.m2\repository\com\google\code\findbugs\jsr305\3.0.2\jsr305-3.0.2.jar;C:\Users\USER\.m2\repository\com\google\errorprone\error_prone_annotations\2.18.0\error_prone_annotations-2.18.0.jar;C:\Users\USER\.m2\repository\com\google\j2objc\j2objc-annotations\2.8\j2objc-annotations-2.8.jar;C:\Users\USER\.m2\repository\com\fasterxml\jackson\core\jackson-databind\2.20.1\jackson-databind-2.20.1.jar;C:\Users\USER\.m2\repository\com\fasterxml\jackson\core\jackson-annotations\2.20\jackson-annotations-2.20.jar;C:\Users\USER\.m2\repository\com\fasterxml\jackson\core\jackson-core\2.20.1\jackson-core-2.20.1.jar;C:\Users\USER\.m2\repository\org\slf4j\slf4j-api\2.0.17\slf4j-api-2.0.17.jar;C:\Users\USER\.m2\repository\jakarta\xml\bind\jakarta.xml.bind-api\4.0.4\jakarta.xml.bind-api-4.0.4.jar;C:\Users\USER\.m2\repository\jakarta\activation\jakarta.activation-api\2.1.4\jakarta.activation-api-2.1.4.jar;C:\Users\USER\.m2\repository\net\bytebuddy\byte-buddy\1.17.8\byte-buddy-1.17.8.jar;C:\Users\USER\.m2\repository\org\springframework\spring-core\7.0.1\spring-core-7.0.1.jar;C:\Users\USER\.m2\repository\commons-logging\commons-logging\1.3.5\commons-logging-1.3.5.jar;C:\Users\USER\.m2\repository\org\jspecify\jspecify\1.0.0\jspecify-1.0.0.jar;C:\Users\USER\.m2\repository\org\springdoc\springdoc-openapi-starter-webmvc-ui\2.7.0\springdoc-openapi-starter-webmvc-ui-2.7.0.jar;C:\Users\USER\.m2\repository\org\springdoc\springdoc-openapi-starter-webmvc-api\2.7.0\springdoc-openapi-starter-webmvc-api-2.7.0.jar;C:\Users\USER\.m2\repository\org\springdoc\springdoc-openapi-starter-common\2.7.0\springdoc-openapi-starter-common-2.7.0.jar;C:\Users\USER\.m2\repository\io\swagger\core\v3\swagger-core-jakarta\2.2.25\swagger-core-jakarta-2.2.25.jar;C:\Users\USER\.m2\repository\org\apache\commons\commons-lang3\3.19.0\commons-lang3-3.19.0.jar;C:\Users\USER\.m2\repository\io\swagger\core\v3\swagger-annotations-jakarta\2.2.25\swagger-annotations-jakarta-2.2.25.jar;C:\Users\USER\.m2\repository\io\swagger\core\v3\swagger-models-jakarta\2.2.25\swagger-models-jakarta-2.2.25.jar;C:\Users\USER\.m2\repository\com\fasterxml\jackson\dataformat\jackson-dataformat-yaml\2.20.1\jackson-dataformat-yaml-2.20.1.jar;C:\Users\USER\.m2\repository\com\fasterxml\jackson\datatype\jackson-datatype-jsr310\2.20.1\jackson-datatype-jsr310-2.20.1.jar;C:\Users\USER\.m2\repository\org\webjars\swagger-ui\5.18.2\swagger-ui-5.18.2.jar;C:\Users\USER\.m2\repository\org\webjars\webjars-locator-lite\1.1.2\webjars-locator-lite-1.1.2.jar;C:\Users\USER\.m2\repository\org\springframework\boot\spring-boot-starter-cache\4.0.0\spring-boot-starter-cache-4.0.0.jar;C:\Users\USER\.m2\repository\org\springframework\boot\spring-boot-cache\4.0.0\spring-boot-cache-4.0.0.jar;C:\Users\USER\.m2\repository\org\springframework\spring-context-support\7.0.1\spring-context-support-7.0.1.jar;C:\Users\USER\.m2\repository\org\springframework\boot\spring-boot-starter-data-redis\4.0.0\spring-boot-starter-data-redis-4.0.0.jar;C:\Users\USER\.m2\repository\org\springframework\boot\spring-boot-data-redis\4.0.0\spring-boot-data-redis-4.0.0.jar;C:\Users\USER\.m2\repository\io\lettuce\lettuce-core\6.8.1.RELEASE\lettuce-core-6.8.1.RELEASE.jar;C:\Users\USER\.m2\repository\redis\clients\authentication\redis-authx-core\0.1.1-beta2\redis-authx-core-0.1.1-beta2.jar;C:\Users\USER\.m2\repository\io\netty\netty-common\4.2.7.Final\netty-common-4.2.7.Final.jar;C:\Users\USER\.m2\repository\io\netty\netty-handler\4.2.7.Final\netty-handler-4.2.7.Final.jar;C:\Users\USER\.m2\repository\io\netty\netty-resolver\4.2.7.Final\netty-resolver-4.2.7.Final.jar;C:\Users\USER\.m2\repository\io\netty\netty-buffer\4.2.7.Final\netty-buffer-4.2.7.Final.jar;C:\Users\USER\.m2\repository\io\netty\netty-transport-native-unix-common\4.2.7.Final\netty-transport-native-unix-common-4.2.7.Final.jar;C:\Users\USER\.m2\repository\io\netty\netty-codec-base\4.2.7.Final\netty-codec-base-4.2.7.Final.jar;C:\Users\USER\.m2\repository\io\netty\netty-transport\4.2.7.Final\netty-transport-4.2.7.Final.jar;C:\Users\USER\.m2\repository\io\projectreactor\reactor-core\3.8.0\reactor-core-3.8.0.jar;C:\Users\USER\.m2\repository\org\reactivestreams\reactive-streams\1.0.4\reactive-streams-1.0.4.jar;C:\Users\USER\.m2\repository\io\netty\netty-resolver-dns\4.2.7.Final\netty-resolver-dns-4.2.7.Final.jar;C:\Users\USER\.m2\repository\io\netty\netty-codec-dns\4.2.7.Final\netty-codec-dns-4.2.7.Final.jar;C:\Users\USER\.m2\repository\org\springframework\data\spring-data-redis\4.0.0\spring-data-redis-4.0.0.jar;C:\Users\USER\.m2\repository\org\springframework\data\spring-data-keyvalue\4.0.0\spring-data-keyvalue-4.0.0.jar;C:\Users\USER\.m2\repository\org\springframework\spring-oxm\7.0.1\spring-oxm-7.0.1.jar;C:\Users\USER\.m2\repository\org\springframework\boot\spring-boot-netty\4.0.0\spring-boot-netty-4.0.0.jar
Launcher Type: SUN_STANDARD

[Global flags]
     intx CICompilerCount                          = 12                                        {product} {ergonomic}
     uint ConcGCThreads                            = 3                                         {product} {ergonomic}
     uint G1ConcRefinementThreads                  = 13                                        {product} {ergonomic}
   size_t G1HeapRegionSize                         = 2097152                                   {product} {ergonomic}
    uintx GCDrainStackTargetSize                   = 64                                        {product} {ergonomic}
   size_t InitialHeapSize                          = 257949696                                 {product} {ergonomic}
   size_t MarkStackSize                            = 4194304                                   {product} {ergonomic}
   size_t MaxHeapSize                              = 4118806528                                {product} {ergonomic}
   size_t MaxNewSize                               = 2470445056                                {product} {ergonomic}
   size_t MinHeapDeltaBytes                        = 2097152                                   {product} {ergonomic}
   size_t MinHeapSize                              = 8388608                                   {product} {ergonomic}
    uintx NonNMethodCodeHeapSize                   = 7602480                                {pd product} {ergonomic}
    uintx NonProfiledCodeHeapSize                  = 122027880                              {pd product} {ergonomic}
    uintx ProfiledCodeHeapSize                     = 122027880                              {pd product} {ergonomic}
    uintx ReservedCodeCacheSize                    = 251658240                              {pd product} {ergonomic}
     bool SegmentedCodeCache                       = true                                      {product} {ergonomic}
   size_t SoftMaxHeapSize                          = 4118806528                             {manageable} {ergonomic}
     bool UseCompressedOops                        = true                           {product lp64_product} {ergonomic}
     bool UseG1GC                                  = true                                      {product} {ergonomic}
     bool UseLargePagesIndividualAllocation        = false                                  {pd product} {ergonomic}

Logging:
Log output configuration:
 #0: stdout all=warning uptime,level,tags foldmultilines=false
 #1: stderr all=off uptime,level,tags foldmultilines=false

Environment Variables:
JAVA_HOME=C:\Program Files\Java\jdk-21
PATH=C:\Program Files\Java\jdk-21\bin;C:\Program Files\OpenLogic\jdk-11.0.24.8-hotspot\bin;C:\WINDOWS\system32;C:\WINDOWS;C:\WINDOWS\System32\Wbem;C:\WINDOWS\System32\WindowsPowerShell\v1.0\;C:\WINDOWS\System32\OpenSSH\;C:\Program Files\nodejs;C:\Program Files\Git\cmd;D:\dev\flutter\bin;C:\Users\USER\Downloads\poppler-24.07.0\Library\bin;C:\Users\USER\AppData\Local\Android\Sdk\platform-tools;C:\Users\USER\AppData\Local\Programs\Python\Python311;C:\Users\USER\AppData\Local\Programs\Python\Python311\Scripts;C:\Program Files\Microsoft SQL Server\150\Tools\Binn\;C:\Program Files\Microsoft SQL Server\Client SDK\ODBC\170\Tools\Binn\;C:\Program Files\MySQL\MySQL Server 8.0\bin;C:\Program Files (x86)\Bitvise SSH Client;C:\Program Files\Go\bin;C:\Program Files\nodejs\;C:\Program Files\Docker\Docker\resources\bin;C:\Program Files\Microsoft SQL Server\170\Tools\Binn\;C:\Program Files\dotnet\;C:\Program Files (x86)\Windows Kits\10\Windows Performance Toolkit\;C:\Program Files (x86)\apache-maven-3.9.12\bin;C:\Program Files\MySQL\MySQL Shell 8.0\bin\;C:\Users\USER\AppData\Local\Microsoft\WindowsApps;C:\Program Files\nodejs;C:\Program Files\OpenLogic\jdk-11.0.24.8-hotspot\bin;D:\dev\flutter\bin;C:\Users\USER\AppData\Local\GitHubDesktop\bin;C:\Users\USER\Downloads\poppler-24.07.0\Library\bin;C:\Users\USER\AppData\Local\Programs\PyCharm 2025.2\bin;C:\Users\USER\AppData\Local\Programs\Python\Python311;C:\Users\USER\AppData\Local\Programs\Python\Python311\Scripts;C:\Users\USER\go\bin;C:\Users\USER\AppData\Roaming\npm;C:\Users\USER\AppData\Local\Programs\Microsoft VS Code\bin;C:\Users\USER\.dotnet\tools;C:\Program Files (x86)\apache-maven-3.9.12\bin;
USERNAME=USER
OS=Windows_NT
PROCESSOR_IDENTIFIER=AMD64 Family 23 Model 104 Stepping 1, AuthenticAMD
TMP=C:\Users\USER\AppData\Local\Temp
TEMP=C:\Users\USER\AppData\Local\Temp




Periodic native trim disabled

---------------  S Y S T E M  ---------------

OS:
 Windows 11 , 64 bit Build 26100 (10.0.26100.7705)
OS uptime: 4 days 16:22 hours
Hyper-V role detected

CPU: total 16 (initial active 16) (16 cores per cpu, 2 threads per core) family 23 model 104 stepping 1 microcode 0x8608104, cx8, cmov, fxsr, ht, mmx, 3dnowpref, sse, sse2, sse3, ssse3, sse4a, sse4.1, sse4.2, popcnt, lzcnt, tsc, tscinvbit, avx, avx2, aes, clmul, bmi1, bmi2, adx, sha, fma, vzeroupper, clflush, clflushopt, hv, rdtscp, rdpid, f16c
Processor Information for all 16 processors :
  Max Mhz: 1801, Current Mhz: 1801, Mhz Limit: 1801

Memory: 4k page, system-wide physical 15706M (2779M free)
TotalPageFile size 19802M (AvailPageFile size 4M)
current process WorkingSet (physical memory assigned to process): 135M, peak: 136M
current process commit charge ("private bytes"): 398M, peak: 399M

vm_info: Java HotSpot(TM) 64-Bit Server VM (21.0.8+12-LTS-250) for windows-amd64 JRE (21.0.8+12-LTS-250), built on 2025-06-27T08:11:22Z by "mach5one" with MS VC++ 17.6 (VS2022)

END.
